[0.008s] Invoking command in '/home/doc049/dev/2026-auv-sub/AUV_zit6_cmake/build/zit6_interfaces': CMAKE_PREFIX_PATH=${CMAKE_PREFIX_PATH}:/opt/ros/jazzy /usr/bin/cmake --build /home/doc049/dev/2026-auv-sub/AUV_zit6_cmake/build/zit6_interfaces -- -j32 -l32
[0.035s] -- Found ament_cmake: 2.5.6 (/opt/ros/jazzy/share/ament_cmake/cmake)
[0.104s] -- Override CMake install command with custom implementation using symlinks instead of copying resources
[0.115s] -- Found rosidl_default_generators: 1.6.0 (/opt/ros/jazzy/share/rosidl_default_generators/cmake)
[0.118s] -- Using all available rosidl_typesupport_c: rosidl_typesupport_fastrtps_c;rosidl_typesupport_introspection_c
[0.147s] -- Using all available rosidl_typesupport_cpp: rosidl_typesupport_fastrtps_cpp;rosidl_typesupport_introspection_cpp
[0.171s] -- Found rosidl_adapter: 4.6.7 (/opt/ros/jazzy/share/rosidl_adapter/cmake)
[0.336s] -- Found ament_cmake_ros: 0.12.0 (/opt/ros/jazzy/share/ament_cmake_ros/cmake)
[0.400s] -- Using all available rosidl_typesupport_c: rosidl_typesupport_fastrtps_c;rosidl_typesupport_introspection_c
[0.481s] -- Using all available rosidl_typesupport_cpp: rosidl_typesupport_fastrtps_cpp;rosidl_typesupport_introspection_cpp
[0.482s] -- Found python_cmake_module: 0.11.1 (/opt/ros/jazzy/share/python_cmake_module/cmake)
[0.688s] -- Found Python3: /usr/bin/python3 (found version "3.12.3") found components: Interpreter Development NumPy Development.Module Development.Embed 
[0.718s] -- Found Python3: /usr/bin/python3 (found version "3.12.3") found components: Interpreter 
[0.730s] -- Configuring done (0.7s)
[0.760s] -- Generating done (0.0s)
[0.768s] -- Build files have been written to: /home/doc049/dev/2026-auv-sub/AUV_zit6_cmake/build/zit6_interfaces
[0.795s] [  1%] [34m[1mGenerating Rust code for ROS interfaces[0m
[0.795s] [  3%] [34m[1mGenerating type hashes for ROS interfaces[0m
[0.801s] [  3%] Built target ament_cmake_python_symlink_zit6_interfaces
[0.942s] running egg_info
[0.947s] [  3%] Built target zit6_interfaces__rosidl_generator_type_description
[0.957s] writing zit6_interfaces.egg-info/PKG-INFO
[0.957s] writing dependency_links to zit6_interfaces.egg-info/dependency_links.txt
[0.957s] writing top-level names to zit6_interfaces.egg-info/top_level.txt
[0.959s] [  5%] [34m[1mGenerating C code for ROS interfaces[0m
[0.968s] [  7%] [34m[1mGenerating C++ code for ROS interfaces[0m
[0.980s] [  7%] Built target zit6_interfaces__rs
[0.994s] reading manifest file 'zit6_interfaces.egg-info/SOURCES.txt'
[0.995s] writing manifest file 'zit6_interfaces.egg-info/SOURCES.txt'
[1.037s] [  7%] Built target ament_cmake_python_build_zit6_interfaces_egg
[1.285s] [  7%] Built target zit6_interfaces__cpp
[1.320s] [ 14%] [32mBuilding C object CMakeFiles/zit6_interfaces__rosidl_generator_c.dir/rosidl_generator_c/zit6_interfaces/msg/detail/zit_status__description.c.o[0m
[1.320s] [ 14%] [32mBuilding C object CMakeFiles/zit6_interfaces__rosidl_generator_c.dir/rosidl_generator_c/zit6_interfaces/msg/detail/zit_setpoint__functions.c.o[0m
[1.320s] [ 14%] [32mBuilding C object CMakeFiles/zit6_interfaces__rosidl_generator_c.dir/rosidl_generator_c/zit6_interfaces/msg/detail/zit_status__type_support.c.o[0m
[1.321s] [ 14%] [32mBuilding C object CMakeFiles/zit6_interfaces__rosidl_generator_c.dir/rosidl_generator_c/zit6_interfaces/msg/detail/zit_setpoint__type_support.c.o[0m
[1.323s] [ 21%] [32mBuilding C object CMakeFiles/zit6_interfaces__rosidl_generator_c.dir/rosidl_generator_c/zit6_interfaces/msg/detail/zit_pid__type_support.c.o[0m
[1.323s] [ 21%] [32mBuilding C object CMakeFiles/zit6_interfaces__rosidl_generator_c.dir/rosidl_generator_c/zit6_interfaces/msg/detail/zit_pid__functions.c.o[0m
[1.323s] [ 21%] [32mBuilding C object CMakeFiles/zit6_interfaces__rosidl_generator_c.dir/rosidl_generator_c/zit6_interfaces/msg/detail/zit_pid__description.c.o[0m
[1.323s] [ 23%] [32mBuilding C object CMakeFiles/zit6_interfaces__rosidl_generator_c.dir/rosidl_generator_c/zit6_interfaces/msg/detail/zit_setpoint__description.c.o[0m
[1.323s] [ 23%] [32mBuilding C object CMakeFiles/zit6_interfaces__rosidl_generator_c.dir/rosidl_generator_c/zit6_interfaces/msg/detail/zit_status__functions.c.o[0m
[1.371s] [ 25%] [32m[1mLinking C shared library libzit6_interfaces__rosidl_generator_c.so[0m
[1.407s] [ 25%] Built target zit6_interfaces__rosidl_generator_c
[1.420s] [ 36%] [34m[1mGenerating C type support for eProsima Fast-RTPS[0m
[1.420s] [ 36%] [34m[1mGenerating C introspection for ROS interfaces[0m
[1.420s] [ 36%] [34m[1mGenerating C type support dispatch for ROS interfaces[0m
[1.420s] [ 36%] [34m[1mGenerating C++ introspection for ROS interfaces[0m
[1.420s] [ 36%] [34m[1mGenerating C++ type support for eProsima Fast-RTPS[0m
[1.420s] [ 36%] [34m[1mGenerating C++ type support dispatch for ROS interfaces[0m
[1.672s] [ 40%] [32mBuilding CXX object CMakeFiles/zit6_interfaces__rosidl_typesupport_cpp.dir/rosidl_typesupport_cpp/zit6_interfaces/msg/zit_status__type_support.cpp.o[0m
[1.672s] [ 40%] [32mBuilding CXX object CMakeFiles/zit6_interfaces__rosidl_typesupport_cpp.dir/rosidl_typesupport_cpp/zit6_interfaces/msg/zit_setpoint__type_support.cpp.o[0m
[1.672s] [ 41%] [32mBuilding CXX object CMakeFiles/zit6_interfaces__rosidl_typesupport_cpp.dir/rosidl_typesupport_cpp/zit6_interfaces/msg/zit_pid__type_support.cpp.o[0m
[1.676s] [ 43%] [32mBuilding CXX object CMakeFiles/zit6_interfaces__rosidl_typesupport_c.dir/rosidl_typesupport_c/zit6_interfaces/msg/zit_setpoint__type_support.cpp.o[0m
[1.676s] [ 45%] [32mBuilding CXX object CMakeFiles/zit6_interfaces__rosidl_typesupport_c.dir/rosidl_typesupport_c/zit6_interfaces/msg/zit_status__type_support.cpp.o[0m
[1.676s] [ 47%] [32mBuilding CXX object CMakeFiles/zit6_interfaces__rosidl_typesupport_c.dir/rosidl_typesupport_c/zit6_interfaces/msg/zit_pid__type_support.cpp.o[0m
[1.689s] [ 50%] [32mBuilding CXX object CMakeFiles/zit6_interfaces__rosidl_typesupport_introspection_cpp.dir/rosidl_typesupport_introspection_cpp/zit6_interfaces/msg/detail/zit_status__type_support.cpp.o[0m
[1.689s] [ 50%] [32mBuilding CXX object CMakeFiles/zit6_interfaces__rosidl_typesupport_introspection_cpp.dir/rosidl_typesupport_introspection_cpp/zit6_interfaces/msg/detail/zit_pid__type_support.cpp.o[0m
[1.690s] [ 52%] [32mBuilding CXX object CMakeFiles/zit6_interfaces__rosidl_typesupport_introspection_cpp.dir/rosidl_typesupport_introspection_cpp/zit6_interfaces/msg/detail/zit_setpoint__type_support.cpp.o[0m
[1.692s] [ 54%] [32mBuilding C object CMakeFiles/zit6_interfaces__rosidl_typesupport_introspection_c.dir/rosidl_typesupport_introspection_c/zit6_interfaces/msg/detail/zit_setpoint__type_support.c.o[0m
[1.692s] [ 56%] [32mBuilding C object CMakeFiles/zit6_interfaces__rosidl_typesupport_introspection_c.dir/rosidl_typesupport_introspection_c/zit6_interfaces/msg/detail/zit_status__type_support.c.o[0m
[1.692s] [ 58%] [32mBuilding C object CMakeFiles/zit6_interfaces__rosidl_typesupport_introspection_c.dir/rosidl_typesupport_introspection_c/zit6_interfaces/msg/detail/zit_pid__type_support.c.o[0m
[1.712s] [ 60%] [32m[1mLinking CXX shared library libzit6_interfaces__rosidl_typesupport_c.so[0m
[1.733s] [ 61%] [32m[1mLinking C shared library libzit6_interfaces__rosidl_typesupport_introspection_c.so[0m
[1.738s] [ 67%] [32mBuilding CXX object CMakeFiles/zit6_interfaces__rosidl_typesupport_fastrtps_cpp.dir/rosidl_typesupport_fastrtps_cpp/zit6_interfaces/msg/detail/dds_fastrtps/zit_setpoint__type_support.cpp.o[0m
[1.738s] [ 67%] [32mBuilding CXX object CMakeFiles/zit6_interfaces__rosidl_typesupport_fastrtps_c.dir/rosidl_typesupport_fastrtps_c/zit6_interfaces/msg/detail/zit_status__type_support_c.cpp.o[0m
[1.738s] [ 67%] [32mBuilding CXX object CMakeFiles/zit6_interfaces__rosidl_typesupport_fastrtps_c.dir/rosidl_typesupport_fastrtps_c/zit6_interfaces/msg/detail/zit_setpoint__type_support_c.cpp.o[0m
[1.738s] [ 69%] [32mBuilding CXX object CMakeFiles/zit6_interfaces__rosidl_typesupport_fastrtps_cpp.dir/rosidl_typesupport_fastrtps_cpp/zit6_interfaces/msg/detail/dds_fastrtps/zit_pid__type_support.cpp.o[0m
[1.740s] [ 72%] [32mBuilding CXX object CMakeFiles/zit6_interfaces__rosidl_typesupport_fastrtps_c.dir/rosidl_typesupport_fastrtps_c/zit6_interfaces/msg/detail/zit_pid__type_support_c.cpp.o[0m
[1.740s] [ 72%] [32mBuilding CXX object CMakeFiles/zit6_interfaces__rosidl_typesupport_fastrtps_cpp.dir/rosidl_typesupport_fastrtps_cpp/zit6_interfaces/msg/detail/dds_fastrtps/zit_status__type_support.cpp.o[0m
[1.756s] [ 72%] Built target zit6_interfaces__rosidl_typesupport_c
[1.762s] [ 72%] Built target zit6_interfaces__rosidl_typesupport_introspection_c
[1.921s] [ 74%] [32m[1mLinking CXX shared library libzit6_interfaces__rosidl_typesupport_cpp.so[0m
[1.940s] [ 76%] [32m[1mLinking CXX shared library libzit6_interfaces__rosidl_typesupport_introspection_cpp.so[0m
[1.962s] [ 76%] Built target zit6_interfaces__rosidl_typesupport_cpp
[1.999s] [ 76%] Built target zit6_interfaces__rosidl_typesupport_introspection_cpp
[2.085s] [ 78%] [32m[1mLinking CXX shared library libzit6_interfaces__rosidl_typesupport_fastrtps_c.so[0m
[2.093s] [ 80%] [32m[1mLinking CXX shared library libzit6_interfaces__rosidl_typesupport_fastrtps_cpp.so[0m
[2.124s] [ 80%] Built target zit6_interfaces__rosidl_typesupport_fastrtps_c
[2.144s] [ 80%] Built target zit6_interfaces__rosidl_typesupport_fastrtps_cpp
[2.159s] [ 80%] Built target zit6_interfaces
[2.173s] [ 81%] [34m[1mGenerating Python code for ROS interfaces[0m
[2.453s] [ 81%] Built target zit6_interfaces__py
[2.475s] [ 85%] [32mBuilding C object CMakeFiles/zit6_interfaces__rosidl_generator_py.dir/rosidl_generator_py/zit6_interfaces/msg/_zit_setpoint_s.c.o[0m
[2.475s] [ 85%] [32mBuilding C object CMakeFiles/zit6_interfaces__rosidl_generator_py.dir/rosidl_generator_py/zit6_interfaces/msg/_zit_status_s.c.o[0m
[2.476s] [ 87%] [32mBuilding C object CMakeFiles/zit6_interfaces__rosidl_generator_py.dir/rosidl_generator_py/zit6_interfaces/msg/_zit_pid_s.c.o[0m
[2.558s] [ 89%] [32m[1mLinking C shared library libzit6_interfaces__rosidl_generator_py.so[0m
[2.587s] [ 89%] Built target zit6_interfaces__rosidl_generator_py
[2.607s] [ 94%] [32mBuilding C object CMakeFiles/zit6_interfaces_s__rosidl_typesupport_introspection_c.dir/rosidl_generator_py/zit6_interfaces/_zit6_interfaces_s.ep.rosidl_typesupport_introspection_c.c.o[0m
[2.607s] [ 94%] [32mBuilding C object CMakeFiles/zit6_interfaces_s__rosidl_typesupport_fastrtps_c.dir/rosidl_generator_py/zit6_interfaces/_zit6_interfaces_s.ep.rosidl_typesupport_fastrtps_c.c.o[0m
[2.607s] [ 94%] [32mBuilding C object CMakeFiles/zit6_interfaces_s__rosidl_typesupport_c.dir/rosidl_generator_py/zit6_interfaces/_zit6_interfaces_s.ep.rosidl_typesupport_c.c.o[0m
[2.682s] [ 98%] [32m[1mLinking C shared module rosidl_generator_py/zit6_interfaces/zit6_interfaces_s__rosidl_typesupport_c.so[0m
[2.682s] [ 98%] [32m[1mLinking C shared module rosidl_generator_py/zit6_interfaces/zit6_interfaces_s__rosidl_typesupport_fastrtps_c.so[0m
[2.683s] [100%] [32m[1mLinking C shared module rosidl_generator_py/zit6_interfaces/zit6_interfaces_s__rosidl_typesupport_introspection_c.so[0m
[2.705s] [100%] Built target zit6_interfaces_s__rosidl_typesupport_fastrtps_c
[2.705s] [100%] Built target zit6_interfaces_s__rosidl_typesupport_c
[2.706s] [100%] Built target zit6_interfaces_s__rosidl_typesupport_introspection_c
[2.719s] Invoked command in '/home/doc049/dev/2026-auv-sub/AUV_zit6_cmake/build/zit6_interfaces' returned '0': CMAKE_PREFIX_PATH=${CMAKE_PREFIX_PATH}:/opt/ros/jazzy /usr/bin/cmake --build /home/doc049/dev/2026-auv-sub/AUV_zit6_cmake/build/zit6_interfaces -- -j32 -l32
[2.728s] Invoking command in '/home/doc049/dev/2026-auv-sub/AUV_zit6_cmake/build/zit6_interfaces': CMAKE_PREFIX_PATH=${CMAKE_PREFIX_PATH}:/opt/ros/jazzy /usr/bin/cmake --install /home/doc049/dev/2026-auv-sub/AUV_zit6_cmake/build/zit6_interfaces
[2.733s] -- Install configuration: ""
[2.733s] -- Execute custom install script
[2.733s] -- Up-to-date symlink: /home/doc049/dev/2026-auv-sub/AUV_zit6_cmake/install/zit6_interfaces/share/ament_index/resource_index/rosidl_interfaces/zit6_interfaces
[2.734s] -- Up-to-date symlink: /home/doc049/dev/2026-auv-sub/AUV_zit6_cmake/install/zit6_interfaces/share/zit6_interfaces/msg/ZitSetpoint.json
[2.734s] -- Up-to-date symlink: /home/doc049/dev/2026-auv-sub/AUV_zit6_cmake/install/zit6_interfaces/share/zit6_interfaces/msg/ZitStatus.json
[2.734s] -- Symlinking: /home/doc049/dev/2026-auv-sub/AUV_zit6_cmake/install/zit6_interfaces/share/zit6_interfaces/msg/ZitPid.json
[2.740s] -- Symlinking: /home/doc049/dev/2026-auv-sub/AUV_zit6_cmake/install/zit6_interfaces/include/zit6_interfaces/zit6_interfaces/msg/detail/zit_pid__functions.h
[2.746s] -- Symlinking: /home/doc049/dev/2026-auv-sub/AUV_zit6_cmake/install/zit6_interfaces/include/zit6_interfaces/zit6_interfaces/msg/detail/zit_pid__struct.h
[2.752s] -- Symlinking: /home/doc049/dev/2026-auv-sub/AUV_zit6_cmake/install/zit6_interfaces/include/zit6_interfaces/zit6_interfaces/msg/detail/zit_pid__type_support.h
[2.758s] -- Up-to-date symlink: /home/doc049/dev/2026-auv-sub/AUV_zit6_cmake/install/zit6_interfaces/include/zit6_interfaces/zit6_interfaces/msg/detail/zit_setpoint__functions.h
[2.759s] -- Up-to-date symlink: /home/doc049/dev/2026-auv-sub/AUV_zit6_cmake/install/zit6_interfaces/include/zit6_interfaces/zit6_interfaces/msg/detail/zit_setpoint__struct.h
[2.759s] -- Up-to-date symlink: /home/doc049/dev/2026-auv-sub/AUV_zit6_cmake/install/zit6_interfaces/include/zit6_interfaces/zit6_interfaces/msg/detail/zit_setpoint__type_support.h
[2.759s] -- Up-to-date symlink: /home/doc049/dev/2026-auv-sub/AUV_zit6_cmake/install/zit6_interfaces/include/zit6_interfaces/zit6_interfaces/msg/detail/zit_status__functions.h
[2.759s] -- Up-to-date symlink: /home/doc049/dev/2026-auv-sub/AUV_zit6_cmake/install/zit6_interfaces/include/zit6_interfaces/zit6_interfaces/msg/detail/zit_status__struct.h
[2.759s] -- Up-to-date symlink: /home/doc049/dev/2026-auv-sub/AUV_zit6_cmake/install/zit6_interfaces/include/zit6_interfaces/zit6_interfaces/msg/detail/zit_status__type_support.h
[2.759s] -- Up-to-date symlink: /home/doc049/dev/2026-auv-sub/AUV_zit6_cmake/install/zit6_interfaces/include/zit6_interfaces/zit6_interfaces/msg/rosidl_generator_c__visibility_control.h
[2.759s] -- Symlinking: /home/doc049/dev/2026-auv-sub/AUV_zit6_cmake/install/zit6_interfaces/include/zit6_interfaces/zit6_interfaces/msg/zit_pid.h
[2.765s] -- Up-to-date symlink: /home/doc049/dev/2026-auv-sub/AUV_zit6_cmake/install/zit6_interfaces/include/zit6_interfaces/zit6_interfaces/msg/zit_setpoint.h
[2.765s] -- Up-to-date symlink: /home/doc049/dev/2026-auv-sub/AUV_zit6_cmake/install/zit6_interfaces/include/zit6_interfaces/zit6_interfaces/msg/zit_status.h
[2.765s] -- Up-to-date symlink: /home/doc049/dev/2026-auv-sub/AUV_zit6_cmake/install/zit6_interfaces/share/zit6_interfaces/environment/library_path.sh
[2.766s] -- Up-to-date symlink: /home/doc049/dev/2026-auv-sub/AUV_zit6_cmake/install/zit6_interfaces/share/zit6_interfaces/environment/library_path.dsv
[2.766s] -- Symlinking: /home/doc049/dev/2026-auv-sub/AUV_zit6_cmake/install/zit6_interfaces/include/zit6_interfaces/zit6_interfaces/msg/detail/zit_pid__rosidl_typesupport_fastrtps_c.h
[2.772s] -- Up-to-date symlink: /home/doc049/dev/2026-auv-sub/AUV_zit6_cmake/install/zit6_interfaces/include/zit6_interfaces/zit6_interfaces/msg/detail/zit_setpoint__rosidl_typesupport_fastrtps_c.h
[2.772s] -- Up-to-date symlink: /home/doc049/dev/2026-auv-sub/AUV_zit6_cmake/install/zit6_interfaces/include/zit6_interfaces/zit6_interfaces/msg/detail/zit_status__rosidl_typesupport_fastrtps_c.h
[2.772s] -- Up-to-date symlink: /home/doc049/dev/2026-auv-sub/AUV_zit6_cmake/install/zit6_interfaces/include/zit6_interfaces/zit6_interfaces/msg/rosidl_typesupport_fastrtps_c__visibility_control.h
[2.773s] -- Symlinking: /home/doc049/dev/2026-auv-sub/AUV_zit6_cmake/install/zit6_interfaces/include/zit6_interfaces/zit6_interfaces/msg/detail/zit_pid__rosidl_typesupport_introspection_c.h
[2.779s] -- Up-to-date symlink: /home/doc049/dev/2026-auv-sub/AUV_zit6_cmake/install/zit6_interfaces/include/zit6_interfaces/zit6_interfaces/msg/detail/zit_setpoint__rosidl_typesupport_introspection_c.h
[2.779s] -- Up-to-date symlink: /home/doc049/dev/2026-auv-sub/AUV_zit6_cmake/install/zit6_interfaces/include/zit6_interfaces/zit6_interfaces/msg/detail/zit_status__rosidl_typesupport_introspection_c.h
[2.779s] -- Up-to-date symlink: /home/doc049/dev/2026-auv-sub/AUV_zit6_cmake/install/zit6_interfaces/include/zit6_interfaces/zit6_interfaces/msg/rosidl_typesupport_introspection_c__visibility_control.h
[2.779s] -- Symlinking: /home/doc049/dev/2026-auv-sub/AUV_zit6_cmake/install/zit6_interfaces/include/zit6_interfaces/zit6_interfaces/msg/detail/zit_pid__builder.hpp
[2.785s] -- Symlinking: /home/doc049/dev/2026-auv-sub/AUV_zit6_cmake/install/zit6_interfaces/include/zit6_interfaces/zit6_interfaces/msg/detail/zit_pid__struct.hpp
[2.791s] -- Symlinking: /home/doc049/dev/2026-auv-sub/AUV_zit6_cmake/install/zit6_interfaces/include/zit6_interfaces/zit6_interfaces/msg/detail/zit_pid__traits.hpp
[2.798s] -- Symlinking: /home/doc049/dev/2026-auv-sub/AUV_zit6_cmake/install/zit6_interfaces/include/zit6_interfaces/zit6_interfaces/msg/detail/zit_pid__type_support.hpp
[2.804s] -- Up-to-date symlink: /home/doc049/dev/2026-auv-sub/AUV_zit6_cmake/install/zit6_interfaces/include/zit6_interfaces/zit6_interfaces/msg/detail/zit_setpoint__builder.hpp
[2.804s] -- Up-to-date symlink: /home/doc049/dev/2026-auv-sub/AUV_zit6_cmake/install/zit6_interfaces/include/zit6_interfaces/zit6_interfaces/msg/detail/zit_setpoint__struct.hpp
[2.804s] -- Up-to-date symlink: /home/doc049/dev/2026-auv-sub/AUV_zit6_cmake/install/zit6_interfaces/include/zit6_interfaces/zit6_interfaces/msg/detail/zit_setpoint__traits.hpp
[2.804s] -- Up-to-date symlink: /home/doc049/dev/2026-auv-sub/AUV_zit6_cmake/install/zit6_interfaces/include/zit6_interfaces/zit6_interfaces/msg/detail/zit_setpoint__type_support.hpp
[2.804s] -- Up-to-date symlink: /home/doc049/dev/2026-auv-sub/AUV_zit6_cmake/install/zit6_interfaces/include/zit6_interfaces/zit6_interfaces/msg/detail/zit_status__builder.hpp
[2.804s] -- Up-to-date symlink: /home/doc049/dev/2026-auv-sub/AUV_zit6_cmake/install/zit6_interfaces/include/zit6_interfaces/zit6_interfaces/msg/detail/zit_status__struct.hpp
[2.804s] -- Up-to-date symlink: /home/doc049/dev/2026-auv-sub/AUV_zit6_cmake/install/zit6_interfaces/include/zit6_interfaces/zit6_interfaces/msg/detail/zit_status__traits.hpp
[2.804s] -- Up-to-date symlink: /home/doc049/dev/2026-auv-sub/AUV_zit6_cmake/install/zit6_interfaces/include/zit6_interfaces/zit6_interfaces/msg/detail/zit_status__type_support.hpp
[2.804s] -- Up-to-date symlink: /home/doc049/dev/2026-auv-sub/AUV_zit6_cmake/install/zit6_interfaces/include/zit6_interfaces/zit6_interfaces/msg/rosidl_generator_cpp__visibility_control.hpp
[2.804s] -- Symlinking: /home/doc049/dev/2026-auv-sub/AUV_zit6_cmake/install/zit6_interfaces/include/zit6_interfaces/zit6_interfaces/msg/zit_pid.hpp
[2.811s] -- Up-to-date symlink: /home/doc049/dev/2026-auv-sub/AUV_zit6_cmake/install/zit6_interfaces/include/zit6_interfaces/zit6_interfaces/msg/zit_setpoint.hpp
[2.811s] -- Up-to-date symlink: /home/doc049/dev/2026-auv-sub/AUV_zit6_cmake/install/zit6_interfaces/include/zit6_interfaces/zit6_interfaces/msg/zit_status.hpp
[2.811s] -- Symlinking: /home/doc049/dev/2026-auv-sub/AUV_zit6_cmake/install/zit6_interfaces/include/zit6_interfaces/zit6_interfaces/msg/detail/zit_pid__rosidl_typesupport_fastrtps_cpp.hpp
[2.818s] -- Up-to-date symlink: /home/doc049/dev/2026-auv-sub/AUV_zit6_cmake/install/zit6_interfaces/include/zit6_interfaces/zit6_interfaces/msg/detail/zit_setpoint__rosidl_typesupport_fastrtps_cpp.hpp
[2.818s] -- Up-to-date symlink: /home/doc049/dev/2026-auv-sub/AUV_zit6_cmake/install/zit6_interfaces/include/zit6_interfaces/zit6_interfaces/msg/detail/zit_status__rosidl_typesupport_fastrtps_cpp.hpp
[2.818s] -- Up-to-date symlink: /home/doc049/dev/2026-auv-sub/AUV_zit6_cmake/install/zit6_interfaces/include/zit6_interfaces/zit6_interfaces/msg/rosidl_typesupport_fastrtps_cpp__visibility_control.h
[2.819s] -- Symlinking: /home/doc049/dev/2026-auv-sub/AUV_zit6_cmake/install/zit6_interfaces/include/zit6_interfaces/zit6_interfaces/msg/detail/zit_pid__rosidl_typesupport_introspection_cpp.hpp
[2.825s] -- Up-to-date symlink: /home/doc049/dev/2026-auv-sub/AUV_zit6_cmake/install/zit6_interfaces/include/zit6_interfaces/zit6_interfaces/msg/detail/zit_setpoint__rosidl_typesupport_introspection_cpp.hpp
[2.826s] -- Up-to-date symlink: /home/doc049/dev/2026-auv-sub/AUV_zit6_cmake/install/zit6_interfaces/include/zit6_interfaces/zit6_interfaces/msg/detail/zit_status__rosidl_typesupport_introspection_cpp.hpp
[2.826s] -- Up-to-date symlink: /home/doc049/dev/2026-auv-sub/AUV_zit6_cmake/install/zit6_interfaces/share/zit6_interfaces/environment/pythonpath.sh
[2.826s] -- Up-to-date symlink: /home/doc049/dev/2026-auv-sub/AUV_zit6_cmake/install/zit6_interfaces/share/zit6_interfaces/environment/pythonpath.dsv
[2.826s] -- Up-to-date symlink: /home/doc049/dev/2026-auv-sub/AUV_zit6_cmake/install/zit6_interfaces/lib/python3.12/site-packages/zit6_interfaces-0.0.1-py3.12.egg-info/PKG-INFO
[2.826s] -- Up-to-date symlink: /home/doc049/dev/2026-auv-sub/AUV_zit6_cmake/install/zit6_interfaces/lib/python3.12/site-packages/zit6_interfaces-0.0.1-py3.12.egg-info/SOURCES.txt
[2.826s] -- Up-to-date symlink: /home/doc049/dev/2026-auv-sub/AUV_zit6_cmake/install/zit6_interfaces/lib/python3.12/site-packages/zit6_interfaces-0.0.1-py3.12.egg-info/dependency_links.txt
[2.826s] -- Up-to-date symlink: /home/doc049/dev/2026-auv-sub/AUV_zit6_cmake/install/zit6_interfaces/lib/python3.12/site-packages/zit6_interfaces-0.0.1-py3.12.egg-info/top_level.txt
[2.827s] -- Up-to-date symlink: /home/doc049/dev/2026-auv-sub/AUV_zit6_cmake/install/zit6_interfaces/lib/python3.12/site-packages/zit6_interfaces/__init__.py
[2.827s] -- Up-to-date symlink: /home/doc049/dev/2026-auv-sub/AUV_zit6_cmake/install/zit6_interfaces/lib/python3.12/site-packages/zit6_interfaces/_zit6_interfaces_s.ep.rosidl_typesupport_c.c
[2.827s] -- Up-to-date symlink: /home/doc049/dev/2026-auv-sub/AUV_zit6_cmake/install/zit6_interfaces/lib/python3.12/site-packages/zit6_interfaces/_zit6_interfaces_s.ep.rosidl_typesupport_fastrtps_c.c
[2.827s] -- Up-to-date symlink: /home/doc049/dev/2026-auv-sub/AUV_zit6_cmake/install/zit6_interfaces/lib/python3.12/site-packages/zit6_interfaces/_zit6_interfaces_s.ep.rosidl_typesupport_introspection_c.c
[2.827s] -- Up-to-date symlink: /home/doc049/dev/2026-auv-sub/AUV_zit6_cmake/install/zit6_interfaces/lib/python3.12/site-packages/zit6_interfaces/msg/__init__.py
[2.827s] -- Symlinking: /home/doc049/dev/2026-auv-sub/AUV_zit6_cmake/install/zit6_interfaces/lib/python3.12/site-packages/zit6_interfaces/msg/_zit_pid.py
[2.833s] -- Symlinking: /home/doc049/dev/2026-auv-sub/AUV_zit6_cmake/install/zit6_interfaces/lib/python3.12/site-packages/zit6_interfaces/msg/_zit_pid_s.c
[2.838s] -- Up-to-date symlink: /home/doc049/dev/2026-auv-sub/AUV_zit6_cmake/install/zit6_interfaces/lib/python3.12/site-packages/zit6_interfaces/msg/_zit_setpoint.py
[2.838s] -- Up-to-date symlink: /home/doc049/dev/2026-auv-sub/AUV_zit6_cmake/install/zit6_interfaces/lib/python3.12/site-packages/zit6_interfaces/msg/_zit_setpoint_s.c
[2.838s] -- Up-to-date symlink: /home/doc049/dev/2026-auv-sub/AUV_zit6_cmake/install/zit6_interfaces/lib/python3.12/site-packages/zit6_interfaces/msg/_zit_status.py
[2.838s] -- Up-to-date symlink: /home/doc049/dev/2026-auv-sub/AUV_zit6_cmake/install/zit6_interfaces/lib/python3.12/site-packages/zit6_interfaces/msg/_zit_status_s.c
[2.839s] -- Up-to-date symlink: /home/doc049/dev/2026-auv-sub/AUV_zit6_cmake/install/zit6_interfaces/lib/python3.12/site-packages/zit6_interfaces/zit6_interfaces_s__rosidl_typesupport_c.so
[2.839s] -- Up-to-date symlink: /home/doc049/dev/2026-auv-sub/AUV_zit6_cmake/install/zit6_interfaces/lib/python3.12/site-packages/zit6_interfaces/zit6_interfaces_s__rosidl_typesupport_fastrtps_c.so
[2.839s] -- Up-to-date symlink: /home/doc049/dev/2026-auv-sub/AUV_zit6_cmake/install/zit6_interfaces/lib/python3.12/site-packages/zit6_interfaces/zit6_interfaces_s__rosidl_typesupport_introspection_c.so
[2.839s] -- Up-to-date symlink: /home/doc049/dev/2026-auv-sub/AUV_zit6_cmake/install/zit6_interfaces/lib/python3.12/site-packages/zit6_interfaces/zit6_interfaces_s__rosidl_typesupport_fastrtps_c.so
[2.839s] -- Up-to-date symlink: /home/doc049/dev/2026-auv-sub/AUV_zit6_cmake/install/zit6_interfaces/lib/python3.12/site-packages/zit6_interfaces/zit6_interfaces_s__rosidl_typesupport_introspection_c.so
[2.839s] -- Up-to-date symlink: /home/doc049/dev/2026-auv-sub/AUV_zit6_cmake/install/zit6_interfaces/lib/python3.12/site-packages/zit6_interfaces/zit6_interfaces_s__rosidl_typesupport_c.so
[2.839s] -- Up-to-date symlink: /home/doc049/dev/2026-auv-sub/AUV_zit6_cmake/install/zit6_interfaces/share/ament_index/resource_index/rust_packages/zit6_interfaces
[2.840s] -- Up-to-date symlink: /home/doc049/dev/2026-auv-sub/AUV_zit6_cmake/install/zit6_interfaces/share/zit6_interfaces/rust/Cargo.toml
[2.840s] -- Up-to-date symlink: /home/doc049/dev/2026-auv-sub/AUV_zit6_cmake/install/zit6_interfaces/share/zit6_interfaces/rust/build.rs
[2.840s] -- Up-to-date symlink: /home/doc049/dev/2026-auv-sub/AUV_zit6_cmake/install/zit6_interfaces/share/zit6_interfaces/rust/src/lib.rs
[2.840s] -- Up-to-date symlink: /home/doc049/dev/2026-auv-sub/AUV_zit6_cmake/install/zit6_interfaces/share/zit6_interfaces/rust/src/msg.rs
[2.840s] -- Up-to-date symlink: /home/doc049/dev/2026-auv-sub/AUV_zit6_cmake/install/zit6_interfaces/share/zit6_interfaces/rust/src/msg/rmw.rs
[2.840s] -- Up-to-date symlink: /home/doc049/dev/2026-auv-sub/AUV_zit6_cmake/install/zit6_interfaces/share/zit6_interfaces/msg/ZitSetpoint.idl
[2.840s] -- Up-to-date symlink: /home/doc049/dev/2026-auv-sub/AUV_zit6_cmake/install/zit6_interfaces/share/zit6_interfaces/msg/ZitStatus.idl
[2.840s] -- Symlinking: /home/doc049/dev/2026-auv-sub/AUV_zit6_cmake/install/zit6_interfaces/share/zit6_interfaces/msg/ZitPid.idl
[2.846s] -- Up-to-date symlink: /home/doc049/dev/2026-auv-sub/AUV_zit6_cmake/install/zit6_interfaces/share/zit6_interfaces/msg/ZitSetpoint.msg
[2.846s] -- Up-to-date symlink: /home/doc049/dev/2026-auv-sub/AUV_zit6_cmake/install/zit6_interfaces/share/zit6_interfaces/msg/ZitStatus.msg
[2.846s] -- Symlinking: /home/doc049/dev/2026-auv-sub/AUV_zit6_cmake/install/zit6_interfaces/share/zit6_interfaces/msg/ZitPid.msg
[2.851s] -- Up-to-date symlink: /home/doc049/dev/2026-auv-sub/AUV_zit6_cmake/install/zit6_interfaces/share/ament_index/resource_index/package_run_dependencies/zit6_interfaces
[2.851s] -- Up-to-date symlink: /home/doc049/dev/2026-auv-sub/AUV_zit6_cmake/install/zit6_interfaces/share/ament_index/resource_index/parent_prefix_path/zit6_interfaces
[2.851s] -- Up-to-date symlink: /home/doc049/dev/2026-auv-sub/AUV_zit6_cmake/install/zit6_interfaces/share/zit6_interfaces/environment/ament_prefix_path.sh
[2.851s] -- Up-to-date symlink: /home/doc049/dev/2026-auv-sub/AUV_zit6_cmake/install/zit6_interfaces/share/zit6_interfaces/environment/ament_prefix_path.dsv
[2.851s] -- Up-to-date symlink: /home/doc049/dev/2026-auv-sub/AUV_zit6_cmake/install/zit6_interfaces/share/zit6_interfaces/environment/path.sh
[2.852s] -- Up-to-date symlink: /home/doc049/dev/2026-auv-sub/AUV_zit6_cmake/install/zit6_interfaces/share/zit6_interfaces/environment/path.dsv
[2.852s] -- Up-to-date symlink: /home/doc049/dev/2026-auv-sub/AUV_zit6_cmake/install/zit6_interfaces/share/zit6_interfaces/local_setup.bash
[2.852s] -- Up-to-date symlink: /home/doc049/dev/2026-auv-sub/AUV_zit6_cmake/install/zit6_interfaces/share/zit6_interfaces/local_setup.sh
[2.852s] -- Up-to-date symlink: /home/doc049/dev/2026-auv-sub/AUV_zit6_cmake/install/zit6_interfaces/share/zit6_interfaces/local_setup.zsh
[2.852s] -- Up-to-date symlink: /home/doc049/dev/2026-auv-sub/AUV_zit6_cmake/install/zit6_interfaces/share/zit6_interfaces/local_setup.dsv
[2.852s] -- Symlinking: /home/doc049/dev/2026-auv-sub/AUV_zit6_cmake/install/zit6_interfaces/share/zit6_interfaces/package.dsv
[2.859s] -- Up-to-date symlink: /home/doc049/dev/2026-auv-sub/AUV_zit6_cmake/install/zit6_interfaces/share/ament_index/resource_index/packages/zit6_interfaces
[2.859s] -- Up-to-date symlink: /home/doc049/dev/2026-auv-sub/AUV_zit6_cmake/install/zit6_interfaces/share/zit6_interfaces/cmake/rosidl_cmake-extras.cmake
[2.859s] -- Up-to-date symlink: /home/doc049/dev/2026-auv-sub/AUV_zit6_cmake/install/zit6_interfaces/share/zit6_interfaces/cmake/ament_cmake_export_include_directories-extras.cmake
[2.859s] -- Up-to-date symlink: /home/doc049/dev/2026-auv-sub/AUV_zit6_cmake/install/zit6_interfaces/share/zit6_interfaces/cmake/ament_cmake_export_libraries-extras.cmake
[2.859s] -- Up-to-date symlink: /home/doc049/dev/2026-auv-sub/AUV_zit6_cmake/install/zit6_interfaces/share/zit6_interfaces/cmake/ament_cmake_export_targets-extras.cmake
[2.859s] -- Up-to-date symlink: /home/doc049/dev/2026-auv-sub/AUV_zit6_cmake/install/zit6_interfaces/share/zit6_interfaces/cmake/rosidl_cmake_export_typesupport_targets-extras.cmake
[2.859s] -- Up-to-date symlink: /home/doc049/dev/2026-auv-sub/AUV_zit6_cmake/install/zit6_interfaces/share/zit6_interfaces/cmake/ament_cmake_export_dependencies-extras.cmake
[2.859s] -- Up-to-date symlink: /home/doc049/dev/2026-auv-sub/AUV_zit6_cmake/install/zit6_interfaces/share/zit6_interfaces/cmake/rosidl_cmake_export_typesupport_libraries-extras.cmake
[2.859s] -- Up-to-date symlink: /home/doc049/dev/2026-auv-sub/AUV_zit6_cmake/install/zit6_interfaces/share/zit6_interfaces/cmake/zit6_interfacesConfig.cmake
[2.859s] -- Up-to-date symlink: /home/doc049/dev/2026-auv-sub/AUV_zit6_cmake/install/zit6_interfaces/share/zit6_interfaces/cmake/zit6_interfacesConfig-version.cmake
[2.860s] -- Up-to-date symlink: /home/doc049/dev/2026-auv-sub/AUV_zit6_cmake/install/zit6_interfaces/share/zit6_interfaces/package.xml
[2.863s] -- Installing: /home/doc049/dev/2026-auv-sub/AUV_zit6_cmake/install/zit6_interfaces/lib/libzit6_interfaces__rosidl_generator_c.so
[2.863s] -- Set non-toolchain portion of runtime path of "/home/doc049/dev/2026-auv-sub/AUV_zit6_cmake/install/zit6_interfaces/lib/libzit6_interfaces__rosidl_generator_c.so" to ""
[2.863s] -- Installing: /home/doc049/dev/2026-auv-sub/AUV_zit6_cmake/install/zit6_interfaces/lib/libzit6_interfaces__rosidl_typesupport_fastrtps_c.so
[2.864s] -- Set non-toolchain portion of runtime path of "/home/doc049/dev/2026-auv-sub/AUV_zit6_cmake/install/zit6_interfaces/lib/libzit6_interfaces__rosidl_typesupport_fastrtps_c.so" to ""
[2.864s] -- Installing: /home/doc049/dev/2026-auv-sub/AUV_zit6_cmake/install/zit6_interfaces/lib/libzit6_interfaces__rosidl_typesupport_introspection_c.so
[2.864s] -- Set non-toolchain portion of runtime path of "/home/doc049/dev/2026-auv-sub/AUV_zit6_cmake/install/zit6_interfaces/lib/libzit6_interfaces__rosidl_typesupport_introspection_c.so" to ""
[2.864s] -- Installing: /home/doc049/dev/2026-auv-sub/AUV_zit6_cmake/install/zit6_interfaces/lib/libzit6_interfaces__rosidl_typesupport_c.so
[2.865s] -- Set non-toolchain portion of runtime path of "/home/doc049/dev/2026-auv-sub/AUV_zit6_cmake/install/zit6_interfaces/lib/libzit6_interfaces__rosidl_typesupport_c.so" to ""
[2.865s] -- Installing: /home/doc049/dev/2026-auv-sub/AUV_zit6_cmake/install/zit6_interfaces/lib/libzit6_interfaces__rosidl_typesupport_fastrtps_cpp.so
[2.865s] -- Set non-toolchain portion of runtime path of "/home/doc049/dev/2026-auv-sub/AUV_zit6_cmake/install/zit6_interfaces/lib/libzit6_interfaces__rosidl_typesupport_fastrtps_cpp.so" to ""
[2.865s] -- Installing: /home/doc049/dev/2026-auv-sub/AUV_zit6_cmake/install/zit6_interfaces/lib/libzit6_interfaces__rosidl_typesupport_introspection_cpp.so
[2.866s] -- Set non-toolchain portion of runtime path of "/home/doc049/dev/2026-auv-sub/AUV_zit6_cmake/install/zit6_interfaces/lib/libzit6_interfaces__rosidl_typesupport_introspection_cpp.so" to ""
[2.866s] -- Installing: /home/doc049/dev/2026-auv-sub/AUV_zit6_cmake/install/zit6_interfaces/lib/libzit6_interfaces__rosidl_typesupport_cpp.so
[2.866s] -- Set non-toolchain portion of runtime path of "/home/doc049/dev/2026-auv-sub/AUV_zit6_cmake/install/zit6_interfaces/lib/libzit6_interfaces__rosidl_typesupport_cpp.so" to ""
[2.894s] Listing '/home/doc049/dev/2026-auv-sub/AUV_zit6_cmake/install/zit6_interfaces/lib/python3.12/site-packages/zit6_interfaces'...
[2.894s] Compiling '/home/doc049/dev/2026-auv-sub/AUV_zit6_cmake/install/zit6_interfaces/lib/python3.12/site-packages/zit6_interfaces/__init__.py'...
[2.894s] Listing '/home/doc049/dev/2026-auv-sub/AUV_zit6_cmake/install/zit6_interfaces/lib/python3.12/site-packages/zit6_interfaces/msg'...
[2.894s] Compiling '/home/doc049/dev/2026-auv-sub/AUV_zit6_cmake/install/zit6_interfaces/lib/python3.12/site-packages/zit6_interfaces/msg/__init__.py'...
[2.894s] Compiling '/home/doc049/dev/2026-auv-sub/AUV_zit6_cmake/install/zit6_interfaces/lib/python3.12/site-packages/zit6_interfaces/msg/_zit_pid.py'...
[2.894s] Compiling '/home/doc049/dev/2026-auv-sub/AUV_zit6_cmake/install/zit6_interfaces/lib/python3.12/site-packages/zit6_interfaces/msg/_zit_setpoint.py'...
[2.894s] Compiling '/home/doc049/dev/2026-auv-sub/AUV_zit6_cmake/install/zit6_interfaces/lib/python3.12/site-packages/zit6_interfaces/msg/_zit_status.py'...
[2.898s] -- Installing: /home/doc049/dev/2026-auv-sub/AUV_zit6_cmake/install/zit6_interfaces/lib/libzit6_interfaces__rosidl_generator_py.so
[2.898s] -- Set non-toolchain portion of runtime path of "/home/doc049/dev/2026-auv-sub/AUV_zit6_cmake/install/zit6_interfaces/lib/libzit6_interfaces__rosidl_generator_py.so" to ""
[2.898s] -- Up-to-date: /home/doc049/dev/2026-auv-sub/AUV_zit6_cmake/install/zit6_interfaces/share/zit6_interfaces/cmake/export_zit6_interfaces__rosidl_generator_cExport.cmake
[2.898s] -- Up-to-date: /home/doc049/dev/2026-auv-sub/AUV_zit6_cmake/install/zit6_interfaces/share/zit6_interfaces/cmake/export_zit6_interfaces__rosidl_generator_cExport-noconfig.cmake
[2.898s] -- Up-to-date: /home/doc049/dev/2026-auv-sub/AUV_zit6_cmake/install/zit6_interfaces/share/zit6_interfaces/cmake/export_zit6_interfaces__rosidl_typesupport_fastrtps_cExport.cmake
[2.899s] -- Up-to-date: /home/doc049/dev/2026-auv-sub/AUV_zit6_cmake/install/zit6_interfaces/share/zit6_interfaces/cmake/export_zit6_interfaces__rosidl_typesupport_fastrtps_cExport-noconfig.cmake
[2.899s] -- Up-to-date: /home/doc049/dev/2026-auv-sub/AUV_zit6_cmake/install/zit6_interfaces/share/zit6_interfaces/cmake/zit6_interfaces__rosidl_typesupport_introspection_cExport.cmake
[2.899s] -- Up-to-date: /home/doc049/dev/2026-auv-sub/AUV_zit6_cmake/install/zit6_interfaces/share/zit6_interfaces/cmake/zit6_interfaces__rosidl_typesupport_introspection_cExport-noconfig.cmake
[2.899s] -- Up-to-date: /home/doc049/dev/2026-auv-sub/AUV_zit6_cmake/install/zit6_interfaces/share/zit6_interfaces/cmake/zit6_interfaces__rosidl_typesupport_cExport.cmake
[2.899s] -- Up-to-date: /home/doc049/dev/2026-auv-sub/AUV_zit6_cmake/install/zit6_interfaces/share/zit6_interfaces/cmake/zit6_interfaces__rosidl_typesupport_cExport-noconfig.cmake
[2.899s] -- Up-to-date: /home/doc049/dev/2026-auv-sub/AUV_zit6_cmake/install/zit6_interfaces/share/zit6_interfaces/cmake/export_zit6_interfaces__rosidl_generator_cppExport.cmake
[2.899s] -- Up-to-date: /home/doc049/dev/2026-auv-sub/AUV_zit6_cmake/install/zit6_interfaces/share/zit6_interfaces/cmake/export_zit6_interfaces__rosidl_typesupport_fastrtps_cppExport.cmake
[2.899s] -- Up-to-date: /home/doc049/dev/2026-auv-sub/AUV_zit6_cmake/install/zit6_interfaces/share/zit6_interfaces/cmake/export_zit6_interfaces__rosidl_typesupport_fastrtps_cppExport-noconfig.cmake
[2.899s] -- Up-to-date: /home/doc049/dev/2026-auv-sub/AUV_zit6_cmake/install/zit6_interfaces/share/zit6_interfaces/cmake/zit6_interfaces__rosidl_typesupport_introspection_cppExport.cmake
[2.899s] -- Up-to-date: /home/doc049/dev/2026-auv-sub/AUV_zit6_cmake/install/zit6_interfaces/share/zit6_interfaces/cmake/zit6_interfaces__rosidl_typesupport_introspection_cppExport-noconfig.cmake
[2.899s] -- Up-to-date: /home/doc049/dev/2026-auv-sub/AUV_zit6_cmake/install/zit6_interfaces/share/zit6_interfaces/cmake/zit6_interfaces__rosidl_typesupport_cppExport.cmake
[2.899s] -- Up-to-date: /home/doc049/dev/2026-auv-sub/AUV_zit6_cmake/install/zit6_interfaces/share/zit6_interfaces/cmake/zit6_interfaces__rosidl_typesupport_cppExport-noconfig.cmake
[2.899s] -- Up-to-date: /home/doc049/dev/2026-auv-sub/AUV_zit6_cmake/install/zit6_interfaces/share/zit6_interfaces/cmake/export_zit6_interfaces__rosidl_generator_pyExport.cmake
[2.899s] -- Up-to-date: /home/doc049/dev/2026-auv-sub/AUV_zit6_cmake/install/zit6_interfaces/share/zit6_interfaces/cmake/export_zit6_interfaces__rosidl_generator_pyExport-noconfig.cmake
[2.901s] Invoked command in '/home/doc049/dev/2026-auv-sub/AUV_zit6_cmake/build/zit6_interfaces' returned '0': CMAKE_PREFIX_PATH=${CMAKE_PREFIX_PATH}:/opt/ros/jazzy /usr/bin/cmake --install /home/doc049/dev/2026-auv-sub/AUV_zit6_cmake/build/zit6_interfaces
