[0.007s] Invoking command in '/home/doc049/dev/2026-auv-sub/AUV_zit6_cmake/build/zit6_interfaces': CMAKE_PREFIX_PATH=${CMAKE_PREFIX_PATH}:/opt/ros/jazzy /usr/bin/cmake /home/doc049/dev/2026-auv-sub/AUV_zit6_cmake/zit6_interfaces -DAMENT_CMAKE_SYMLINK_INSTALL=1 -DCMAKE_INSTALL_PREFIX=/home/doc049/dev/2026-auv-sub/AUV_zit6_cmake/install/zit6_interfaces
[0.049s] -- The C compiler identification is GNU 13.3.0
[0.083s] -- The CXX compiler identification is GNU 13.3.0
[0.095s] -- Detecting C compiler ABI info
[0.159s] -- Detecting C compiler ABI info - done
[0.165s] -- Check for working C compiler: /usr/bin/cc - skipped
[0.165s] -- Detecting C compile features
[0.165s] -- Detecting C compile features - done
[0.171s] -- Detecting CXX compiler ABI info
[0.240s] -- Detecting CXX compiler ABI info - done
[0.246s] -- Check for working CXX compiler: /usr/bin/c++ - skipped
[0.246s] -- Detecting CXX compile features
[0.246s] -- Detecting CXX compile features - done
[0.256s] -- Found ament_cmake: 2.5.6 (/opt/ros/jazzy/share/ament_cmake/cmake)
[0.359s] -- Found Python3: /usr/bin/python3 (found version "3.12.3") found components: Interpreter 
[0.409s] -- Override CMake install command with custom implementation using symlinks instead of copying resources
[0.437s] -- Found rosidl_default_generators: 1.6.0 (/opt/ros/jazzy/share/rosidl_default_generators/cmake)
[0.443s] -- Using all available rosidl_typesupport_c: rosidl_typesupport_fastrtps_c;rosidl_typesupport_introspection_c
[0.491s] -- Using all available rosidl_typesupport_cpp: rosidl_typesupport_fastrtps_cpp;rosidl_typesupport_introspection_cpp
[0.527s] -- Found rosidl_adapter: 4.6.7 (/opt/ros/jazzy/share/rosidl_adapter/cmake)
[0.952s] -- Found ament_cmake_ros: 0.12.0 (/opt/ros/jazzy/share/ament_cmake_ros/cmake)
[1.247s] -- Using all available rosidl_typesupport_c: rosidl_typesupport_fastrtps_c;rosidl_typesupport_introspection_c
[1.634s] -- Using all available rosidl_typesupport_cpp: rosidl_typesupport_fastrtps_cpp;rosidl_typesupport_introspection_cpp
[1.637s] -- Found python_cmake_module: 0.11.1 (/opt/ros/jazzy/share/python_cmake_module/cmake)
[1.730s] -- Found PythonExtra: /usr/bin/python3  
[2.047s] -- Found Python3: /usr/bin/python3 (found version "3.12.3") found components: Interpreter Development NumPy Development.Module Development.Embed 
[2.091s] -- Found Python3: /usr/bin/python3 (found version "3.12.3") found components: Interpreter 
[2.102s] -- Configuring done (2.1s)
[2.128s] -- Generating done (0.0s)
[2.135s] -- Build files have been written to: /home/doc049/dev/2026-auv-sub/AUV_zit6_cmake/build/zit6_interfaces
[2.142s] Invoked command in '/home/doc049/dev/2026-auv-sub/AUV_zit6_cmake/build/zit6_interfaces' returned '0': CMAKE_PREFIX_PATH=${CMAKE_PREFIX_PATH}:/opt/ros/jazzy /usr/bin/cmake /home/doc049/dev/2026-auv-sub/AUV_zit6_cmake/zit6_interfaces -DAMENT_CMAKE_SYMLINK_INSTALL=1 -DCMAKE_INSTALL_PREFIX=/home/doc049/dev/2026-auv-sub/AUV_zit6_cmake/install/zit6_interfaces
[2.144s] Invoking command in '/home/doc049/dev/2026-auv-sub/AUV_zit6_cmake/build/zit6_interfaces': CMAKE_PREFIX_PATH=${CMAKE_PREFIX_PATH}:/opt/ros/jazzy /usr/bin/cmake --build /home/doc049/dev/2026-auv-sub/AUV_zit6_cmake/build/zit6_interfaces -- -j32 -l32
[2.178s] [  2%] [34m[1mGenerating Rust code for ROS interfaces[0m
[2.179s] [  4%] [34m[1mGenerating type hashes for ROS interfaces[0m
[2.183s] [  4%] Built target ament_cmake_python_symlink_zit6_interfaces
[2.308s] [  4%] Built target zit6_interfaces__rosidl_generator_type_description
[2.315s] running egg_info
[2.316s] creating zit6_interfaces.egg-info
[2.316s] [  6%] [34m[1mGenerating C code for ROS interfaces[0m
[2.322s] [  6%] Built target zit6_interfaces__rs
[2.324s] [  8%] [34m[1mGenerating C++ code for ROS interfaces[0m
[2.326s] writing zit6_interfaces.egg-info/PKG-INFO
[2.326s] writing dependency_links to zit6_interfaces.egg-info/dependency_links.txt
[2.326s] writing top-level names to zit6_interfaces.egg-info/top_level.txt
[2.326s] writing manifest file 'zit6_interfaces.egg-info/SOURCES.txt'
[2.356s] reading manifest file 'zit6_interfaces.egg-info/SOURCES.txt'
[2.357s] writing manifest file 'zit6_interfaces.egg-info/SOURCES.txt'
[2.376s] [  8%] Built target ament_cmake_python_build_zit6_interfaces_egg
[2.486s] [  8%] Built target zit6_interfaces__cpp
[2.504s] [ 20%] [32mBuilding C object CMakeFiles/zit6_interfaces__rosidl_generator_c.dir/rosidl_generator_c/zit6_interfaces/msg/detail/zit_status__description.c.o[0m
[2.504s] [ 20%] [32mBuilding C object CMakeFiles/zit6_interfaces__rosidl_generator_c.dir/rosidl_generator_c/zit6_interfaces/msg/detail/zit_setpoint__description.c.o[0m
[2.504s] [ 20%] [32mBuilding C object CMakeFiles/zit6_interfaces__rosidl_generator_c.dir/rosidl_generator_c/zit6_interfaces/msg/detail/zit_setpoint__type_support.c.o[0m
[2.504s] [ 20%] [32mBuilding C object CMakeFiles/zit6_interfaces__rosidl_generator_c.dir/rosidl_generator_c/zit6_interfaces/msg/detail/zit_setpoint__functions.c.o[0m
[2.504s] [ 20%] [32mBuilding C object CMakeFiles/zit6_interfaces__rosidl_generator_c.dir/rosidl_generator_c/zit6_interfaces/msg/detail/zit_status__functions.c.o[0m
[2.504s] [ 22%] [32mBuilding C object CMakeFiles/zit6_interfaces__rosidl_generator_c.dir/rosidl_generator_c/zit6_interfaces/msg/detail/zit_status__type_support.c.o[0m
[2.540s] [ 24%] [32m[1mLinking C shared library libzit6_interfaces__rosidl_generator_c.so[0m
[2.572s] [ 24%] Built target zit6_interfaces__rosidl_generator_c
[2.580s] [ 28%] [34m[1mGenerating C++ type support for eProsima Fast-RTPS[0m
[2.580s] [ 28%] [34m[1mGenerating C++ type support dispatch for ROS interfaces[0m
[2.580s] [ 37%] [34m[1mGenerating C++ introspection for ROS interfaces[0m
[2.580s] [ 37%] [34m[1mGenerating C type support dispatch for ROS interfaces[0m
[2.580s] [ 37%] [34m[1mGenerating C introspection for ROS interfaces[0m
[2.580s] [ 37%] [34m[1mGenerating C type support for eProsima Fast-RTPS[0m
[2.743s] [ 40%] [32mBuilding CXX object CMakeFiles/zit6_interfaces__rosidl_typesupport_c.dir/rosidl_typesupport_c/zit6_interfaces/msg/zit_setpoint__type_support.cpp.o[0m
[2.743s] [ 44%] [32mBuilding CXX object CMakeFiles/zit6_interfaces__rosidl_typesupport_cpp.dir/rosidl_typesupport_cpp/zit6_interfaces/msg/zit_setpoint__type_support.cpp.o[0m
[2.743s] [ 44%] [32mBuilding CXX object CMakeFiles/zit6_interfaces__rosidl_typesupport_c.dir/rosidl_typesupport_c/zit6_interfaces/msg/zit_status__type_support.cpp.o[0m
[2.744s] [ 46%] [32mBuilding CXX object CMakeFiles/zit6_interfaces__rosidl_typesupport_cpp.dir/rosidl_typesupport_cpp/zit6_interfaces/msg/zit_status__type_support.cpp.o[0m
[2.753s] [ 48%] [32mBuilding CXX object CMakeFiles/zit6_interfaces__rosidl_typesupport_introspection_cpp.dir/rosidl_typesupport_introspection_cpp/zit6_interfaces/msg/detail/zit_setpoint__type_support.cpp.o[0m
[2.753s] [ 51%] [32mBuilding CXX object CMakeFiles/zit6_interfaces__rosidl_typesupport_introspection_cpp.dir/rosidl_typesupport_introspection_cpp/zit6_interfaces/msg/detail/zit_status__type_support.cpp.o[0m
[2.756s] [ 53%] [32mBuilding C object CMakeFiles/zit6_interfaces__rosidl_typesupport_introspection_c.dir/rosidl_typesupport_introspection_c/zit6_interfaces/msg/detail/zit_setpoint__type_support.c.o[0m
[2.758s] [ 55%] [32mBuilding C object CMakeFiles/zit6_interfaces__rosidl_typesupport_introspection_c.dir/rosidl_typesupport_introspection_c/zit6_interfaces/msg/detail/zit_status__type_support.c.o[0m
[2.774s] [ 57%] [32mBuilding CXX object CMakeFiles/zit6_interfaces__rosidl_typesupport_fastrtps_c.dir/rosidl_typesupport_fastrtps_c/zit6_interfaces/msg/detail/zit_setpoint__type_support_c.cpp.o[0m
[2.774s] [ 60%] [32mBuilding CXX object CMakeFiles/zit6_interfaces__rosidl_typesupport_fastrtps_cpp.dir/rosidl_typesupport_fastrtps_cpp/zit6_interfaces/msg/detail/dds_fastrtps/zit_status__type_support.cpp.o[0m
[2.774s] [ 62%] [32mBuilding CXX object CMakeFiles/zit6_interfaces__rosidl_typesupport_fastrtps_cpp.dir/rosidl_typesupport_fastrtps_cpp/zit6_interfaces/msg/detail/dds_fastrtps/zit_setpoint__type_support.cpp.o[0m
[2.775s] [ 64%] [32mBuilding CXX object CMakeFiles/zit6_interfaces__rosidl_typesupport_fastrtps_c.dir/rosidl_typesupport_fastrtps_c/zit6_interfaces/msg/detail/zit_status__type_support_c.cpp.o[0m
[2.777s] [ 66%] [32m[1mLinking CXX shared library libzit6_interfaces__rosidl_typesupport_c.so[0m
[2.789s] [ 68%] [32m[1mLinking C shared library libzit6_interfaces__rosidl_typesupport_introspection_c.so[0m
[2.810s] [ 68%] Built target zit6_interfaces__rosidl_typesupport_c
[2.816s] [ 68%] Built target zit6_interfaces__rosidl_typesupport_introspection_c
[2.965s] [ 71%] [32m[1mLinking CXX shared library libzit6_interfaces__rosidl_typesupport_cpp.so[0m
[2.974s] [ 73%] [32m[1mLinking CXX shared library libzit6_interfaces__rosidl_typesupport_introspection_cpp.so[0m
[3.001s] [ 73%] Built target zit6_interfaces__rosidl_typesupport_cpp
[3.035s] [ 73%] Built target zit6_interfaces__rosidl_typesupport_introspection_cpp
[3.163s] [ 75%] [32m[1mLinking CXX shared library libzit6_interfaces__rosidl_typesupport_fastrtps_c.so[0m
[3.170s] [ 77%] [32m[1mLinking CXX shared library libzit6_interfaces__rosidl_typesupport_fastrtps_cpp.so[0m
[3.199s] [ 77%] Built target zit6_interfaces__rosidl_typesupport_fastrtps_c
[3.218s] [ 77%] Built target zit6_interfaces__rosidl_typesupport_fastrtps_cpp
[3.238s] [ 77%] Built target zit6_interfaces
[3.252s] [ 80%] [34m[1mGenerating Python code for ROS interfaces[0m
[3.455s] [ 80%] Built target zit6_interfaces__py
[3.467s] [ 82%] [32mBuilding C object CMakeFiles/zit6_interfaces__rosidl_generator_py.dir/rosidl_generator_py/zit6_interfaces/msg/_zit_setpoint_s.c.o[0m
[3.468s] [ 84%] [32mBuilding C object CMakeFiles/zit6_interfaces__rosidl_generator_py.dir/rosidl_generator_py/zit6_interfaces/msg/_zit_status_s.c.o[0m
[3.564s] [ 86%] [32m[1mLinking C shared library libzit6_interfaces__rosidl_generator_py.so[0m
[3.590s] [ 86%] Built target zit6_interfaces__rosidl_generator_py
[3.604s] [ 93%] [32mBuilding C object CMakeFiles/zit6_interfaces_s__rosidl_typesupport_c.dir/rosidl_generator_py/zit6_interfaces/_zit6_interfaces_s.ep.rosidl_typesupport_c.c.o[0m
[3.605s] [ 93%] [32mBuilding C object CMakeFiles/zit6_interfaces_s__rosidl_typesupport_fastrtps_c.dir/rosidl_generator_py/zit6_interfaces/_zit6_interfaces_s.ep.rosidl_typesupport_fastrtps_c.c.o[0m
[3.605s] [ 93%] [32mBuilding C object CMakeFiles/zit6_interfaces_s__rosidl_typesupport_introspection_c.dir/rosidl_generator_py/zit6_interfaces/_zit6_interfaces_s.ep.rosidl_typesupport_introspection_c.c.o[0m
[3.672s] [ 97%] [32m[1mLinking C shared module rosidl_generator_py/zit6_interfaces/zit6_interfaces_s__rosidl_typesupport_introspection_c.so[0m
[3.672s] [ 97%] [32m[1mLinking C shared module rosidl_generator_py/zit6_interfaces/zit6_interfaces_s__rosidl_typesupport_c.so[0m
[3.672s] [100%] [32m[1mLinking C shared module rosidl_generator_py/zit6_interfaces/zit6_interfaces_s__rosidl_typesupport_fastrtps_c.so[0m
[3.692s] [100%] Built target zit6_interfaces_s__rosidl_typesupport_introspection_c
[3.692s] [100%] Built target zit6_interfaces_s__rosidl_typesupport_c
[3.693s] [100%] Built target zit6_interfaces_s__rosidl_typesupport_fastrtps_c
[3.701s] Invoked command in '/home/doc049/dev/2026-auv-sub/AUV_zit6_cmake/build/zit6_interfaces' returned '0': CMAKE_PREFIX_PATH=${CMAKE_PREFIX_PATH}:/opt/ros/jazzy /usr/bin/cmake --build /home/doc049/dev/2026-auv-sub/AUV_zit6_cmake/build/zit6_interfaces -- -j32 -l32
[3.707s] Invoking command in '/home/doc049/dev/2026-auv-sub/AUV_zit6_cmake/build/zit6_interfaces': CMAKE_PREFIX_PATH=${CMAKE_PREFIX_PATH}:/opt/ros/jazzy /usr/bin/cmake --install /home/doc049/dev/2026-auv-sub/AUV_zit6_cmake/build/zit6_interfaces
[3.712s] -- Install configuration: ""
[3.712s] -- Execute custom install script
[3.712s] -- Symlinking: /home/doc049/dev/2026-auv-sub/AUV_zit6_cmake/install/zit6_interfaces/share/ament_index/resource_index/rosidl_interfaces/zit6_interfaces
[3.718s] -- Symlinking: /home/doc049/dev/2026-auv-sub/AUV_zit6_cmake/install/zit6_interfaces/share/zit6_interfaces/msg/ZitSetpoint.json
[3.726s] -- Symlinking: /home/doc049/dev/2026-auv-sub/AUV_zit6_cmake/install/zit6_interfaces/share/zit6_interfaces/msg/ZitStatus.json
[3.733s] -- Symlinking: /home/doc049/dev/2026-auv-sub/AUV_zit6_cmake/install/zit6_interfaces/include/zit6_interfaces/zit6_interfaces/msg/detail/zit_setpoint__functions.h
[3.738s] -- Symlinking: /home/doc049/dev/2026-auv-sub/AUV_zit6_cmake/install/zit6_interfaces/include/zit6_interfaces/zit6_interfaces/msg/detail/zit_setpoint__struct.h
[3.744s] -- Symlinking: /home/doc049/dev/2026-auv-sub/AUV_zit6_cmake/install/zit6_interfaces/include/zit6_interfaces/zit6_interfaces/msg/detail/zit_setpoint__type_support.h
[3.750s] -- Symlinking: /home/doc049/dev/2026-auv-sub/AUV_zit6_cmake/install/zit6_interfaces/include/zit6_interfaces/zit6_interfaces/msg/detail/zit_status__functions.h
[3.756s] -- Symlinking: /home/doc049/dev/2026-auv-sub/AUV_zit6_cmake/install/zit6_interfaces/include/zit6_interfaces/zit6_interfaces/msg/detail/zit_status__struct.h
[3.762s] -- Symlinking: /home/doc049/dev/2026-auv-sub/AUV_zit6_cmake/install/zit6_interfaces/include/zit6_interfaces/zit6_interfaces/msg/detail/zit_status__type_support.h
[3.768s] -- Symlinking: /home/doc049/dev/2026-auv-sub/AUV_zit6_cmake/install/zit6_interfaces/include/zit6_interfaces/zit6_interfaces/msg/rosidl_generator_c__visibility_control.h
[3.773s] -- Symlinking: /home/doc049/dev/2026-auv-sub/AUV_zit6_cmake/install/zit6_interfaces/include/zit6_interfaces/zit6_interfaces/msg/zit_setpoint.h
[3.778s] -- Symlinking: /home/doc049/dev/2026-auv-sub/AUV_zit6_cmake/install/zit6_interfaces/include/zit6_interfaces/zit6_interfaces/msg/zit_status.h
[3.784s] -- Symlinking: /home/doc049/dev/2026-auv-sub/AUV_zit6_cmake/install/zit6_interfaces/share/zit6_interfaces/environment/library_path.sh
[3.789s] -- Symlinking: /home/doc049/dev/2026-auv-sub/AUV_zit6_cmake/install/zit6_interfaces/share/zit6_interfaces/environment/library_path.dsv
[3.796s] -- Symlinking: /home/doc049/dev/2026-auv-sub/AUV_zit6_cmake/install/zit6_interfaces/include/zit6_interfaces/zit6_interfaces/msg/detail/zit_setpoint__rosidl_typesupport_fastrtps_c.h
[3.801s] -- Symlinking: /home/doc049/dev/2026-auv-sub/AUV_zit6_cmake/install/zit6_interfaces/include/zit6_interfaces/zit6_interfaces/msg/detail/zit_status__rosidl_typesupport_fastrtps_c.h
[3.807s] -- Symlinking: /home/doc049/dev/2026-auv-sub/AUV_zit6_cmake/install/zit6_interfaces/include/zit6_interfaces/zit6_interfaces/msg/rosidl_typesupport_fastrtps_c__visibility_control.h
[3.813s] -- Symlinking: /home/doc049/dev/2026-auv-sub/AUV_zit6_cmake/install/zit6_interfaces/include/zit6_interfaces/zit6_interfaces/msg/detail/zit_setpoint__rosidl_typesupport_introspection_c.h
[3.819s] -- Symlinking: /home/doc049/dev/2026-auv-sub/AUV_zit6_cmake/install/zit6_interfaces/include/zit6_interfaces/zit6_interfaces/msg/detail/zit_status__rosidl_typesupport_introspection_c.h
[3.826s] -- Symlinking: /home/doc049/dev/2026-auv-sub/AUV_zit6_cmake/install/zit6_interfaces/include/zit6_interfaces/zit6_interfaces/msg/rosidl_typesupport_introspection_c__visibility_control.h
[3.833s] -- Symlinking: /home/doc049/dev/2026-auv-sub/AUV_zit6_cmake/install/zit6_interfaces/include/zit6_interfaces/zit6_interfaces/msg/detail/zit_setpoint__builder.hpp
[3.839s] -- Symlinking: /home/doc049/dev/2026-auv-sub/AUV_zit6_cmake/install/zit6_interfaces/include/zit6_interfaces/zit6_interfaces/msg/detail/zit_setpoint__struct.hpp
[3.844s] -- Symlinking: /home/doc049/dev/2026-auv-sub/AUV_zit6_cmake/install/zit6_interfaces/include/zit6_interfaces/zit6_interfaces/msg/detail/zit_setpoint__traits.hpp
[3.850s] -- Symlinking: /home/doc049/dev/2026-auv-sub/AUV_zit6_cmake/install/zit6_interfaces/include/zit6_interfaces/zit6_interfaces/msg/detail/zit_setpoint__type_support.hpp
[3.856s] -- Symlinking: /home/doc049/dev/2026-auv-sub/AUV_zit6_cmake/install/zit6_interfaces/include/zit6_interfaces/zit6_interfaces/msg/detail/zit_status__builder.hpp
[3.861s] -- Symlinking: /home/doc049/dev/2026-auv-sub/AUV_zit6_cmake/install/zit6_interfaces/include/zit6_interfaces/zit6_interfaces/msg/detail/zit_status__struct.hpp
[3.866s] -- Symlinking: /home/doc049/dev/2026-auv-sub/AUV_zit6_cmake/install/zit6_interfaces/include/zit6_interfaces/zit6_interfaces/msg/detail/zit_status__traits.hpp
[3.872s] -- Symlinking: /home/doc049/dev/2026-auv-sub/AUV_zit6_cmake/install/zit6_interfaces/include/zit6_interfaces/zit6_interfaces/msg/detail/zit_status__type_support.hpp
[3.877s] -- Symlinking: /home/doc049/dev/2026-auv-sub/AUV_zit6_cmake/install/zit6_interfaces/include/zit6_interfaces/zit6_interfaces/msg/rosidl_generator_cpp__visibility_control.hpp
[3.882s] -- Symlinking: /home/doc049/dev/2026-auv-sub/AUV_zit6_cmake/install/zit6_interfaces/include/zit6_interfaces/zit6_interfaces/msg/zit_setpoint.hpp
[3.887s] -- Symlinking: /home/doc049/dev/2026-auv-sub/AUV_zit6_cmake/install/zit6_interfaces/include/zit6_interfaces/zit6_interfaces/msg/zit_status.hpp
[3.892s] -- Symlinking: /home/doc049/dev/2026-auv-sub/AUV_zit6_cmake/install/zit6_interfaces/include/zit6_interfaces/zit6_interfaces/msg/detail/zit_setpoint__rosidl_typesupport_fastrtps_cpp.hpp
[3.898s] -- Symlinking: /home/doc049/dev/2026-auv-sub/AUV_zit6_cmake/install/zit6_interfaces/include/zit6_interfaces/zit6_interfaces/msg/detail/zit_status__rosidl_typesupport_fastrtps_cpp.hpp
[3.903s] -- Symlinking: /home/doc049/dev/2026-auv-sub/AUV_zit6_cmake/install/zit6_interfaces/include/zit6_interfaces/zit6_interfaces/msg/rosidl_typesupport_fastrtps_cpp__visibility_control.h
[3.909s] -- Symlinking: /home/doc049/dev/2026-auv-sub/AUV_zit6_cmake/install/zit6_interfaces/include/zit6_interfaces/zit6_interfaces/msg/detail/zit_setpoint__rosidl_typesupport_introspection_cpp.hpp
[3.915s] -- Symlinking: /home/doc049/dev/2026-auv-sub/AUV_zit6_cmake/install/zit6_interfaces/include/zit6_interfaces/zit6_interfaces/msg/detail/zit_status__rosidl_typesupport_introspection_cpp.hpp
[3.921s] -- Symlinking: /home/doc049/dev/2026-auv-sub/AUV_zit6_cmake/install/zit6_interfaces/share/zit6_interfaces/environment/pythonpath.sh
[3.929s] -- Symlinking: /home/doc049/dev/2026-auv-sub/AUV_zit6_cmake/install/zit6_interfaces/share/zit6_interfaces/environment/pythonpath.dsv
[3.935s] -- Symlinking: /home/doc049/dev/2026-auv-sub/AUV_zit6_cmake/install/zit6_interfaces/lib/python3.12/site-packages/zit6_interfaces-0.0.1-py3.12.egg-info/PKG-INFO
[3.941s] -- Symlinking: /home/doc049/dev/2026-auv-sub/AUV_zit6_cmake/install/zit6_interfaces/lib/python3.12/site-packages/zit6_interfaces-0.0.1-py3.12.egg-info/SOURCES.txt
[3.947s] -- Symlinking: /home/doc049/dev/2026-auv-sub/AUV_zit6_cmake/install/zit6_interfaces/lib/python3.12/site-packages/zit6_interfaces-0.0.1-py3.12.egg-info/dependency_links.txt
[3.952s] -- Symlinking: /home/doc049/dev/2026-auv-sub/AUV_zit6_cmake/install/zit6_interfaces/lib/python3.12/site-packages/zit6_interfaces-0.0.1-py3.12.egg-info/top_level.txt
[3.958s] -- Symlinking: /home/doc049/dev/2026-auv-sub/AUV_zit6_cmake/install/zit6_interfaces/lib/python3.12/site-packages/zit6_interfaces/__init__.py
[3.964s] -- Symlinking: /home/doc049/dev/2026-auv-sub/AUV_zit6_cmake/install/zit6_interfaces/lib/python3.12/site-packages/zit6_interfaces/_zit6_interfaces_s.ep.rosidl_typesupport_c.c
[3.970s] -- Symlinking: /home/doc049/dev/2026-auv-sub/AUV_zit6_cmake/install/zit6_interfaces/lib/python3.12/site-packages/zit6_interfaces/_zit6_interfaces_s.ep.rosidl_typesupport_fastrtps_c.c
[3.975s] -- Symlinking: /home/doc049/dev/2026-auv-sub/AUV_zit6_cmake/install/zit6_interfaces/lib/python3.12/site-packages/zit6_interfaces/_zit6_interfaces_s.ep.rosidl_typesupport_introspection_c.c
[3.980s] -- Symlinking: /home/doc049/dev/2026-auv-sub/AUV_zit6_cmake/install/zit6_interfaces/lib/python3.12/site-packages/zit6_interfaces/msg/__init__.py
[3.987s] -- Symlinking: /home/doc049/dev/2026-auv-sub/AUV_zit6_cmake/install/zit6_interfaces/lib/python3.12/site-packages/zit6_interfaces/msg/_zit_setpoint.py
[3.992s] -- Symlinking: /home/doc049/dev/2026-auv-sub/AUV_zit6_cmake/install/zit6_interfaces/lib/python3.12/site-packages/zit6_interfaces/msg/_zit_setpoint_s.c
[3.997s] -- Symlinking: /home/doc049/dev/2026-auv-sub/AUV_zit6_cmake/install/zit6_interfaces/lib/python3.12/site-packages/zit6_interfaces/msg/_zit_status.py
[4.004s] -- Symlinking: /home/doc049/dev/2026-auv-sub/AUV_zit6_cmake/install/zit6_interfaces/lib/python3.12/site-packages/zit6_interfaces/msg/_zit_status_s.c
[4.009s] -- Symlinking: /home/doc049/dev/2026-auv-sub/AUV_zit6_cmake/install/zit6_interfaces/lib/python3.12/site-packages/zit6_interfaces/zit6_interfaces_s__rosidl_typesupport_c.so
[4.017s] -- Symlinking: /home/doc049/dev/2026-auv-sub/AUV_zit6_cmake/install/zit6_interfaces/lib/python3.12/site-packages/zit6_interfaces/zit6_interfaces_s__rosidl_typesupport_fastrtps_c.so
[4.022s] -- Symlinking: /home/doc049/dev/2026-auv-sub/AUV_zit6_cmake/install/zit6_interfaces/lib/python3.12/site-packages/zit6_interfaces/zit6_interfaces_s__rosidl_typesupport_introspection_c.so
[4.031s] -- Up-to-date symlink: /home/doc049/dev/2026-auv-sub/AUV_zit6_cmake/install/zit6_interfaces/lib/python3.12/site-packages/zit6_interfaces/zit6_interfaces_s__rosidl_typesupport_fastrtps_c.so
[4.031s] -- Up-to-date symlink: /home/doc049/dev/2026-auv-sub/AUV_zit6_cmake/install/zit6_interfaces/lib/python3.12/site-packages/zit6_interfaces/zit6_interfaces_s__rosidl_typesupport_introspection_c.so
[4.032s] -- Up-to-date symlink: /home/doc049/dev/2026-auv-sub/AUV_zit6_cmake/install/zit6_interfaces/lib/python3.12/site-packages/zit6_interfaces/zit6_interfaces_s__rosidl_typesupport_c.so
[4.032s] -- Symlinking: /home/doc049/dev/2026-auv-sub/AUV_zit6_cmake/install/zit6_interfaces/share/ament_index/resource_index/rust_packages/zit6_interfaces
[4.038s] -- Symlinking: /home/doc049/dev/2026-auv-sub/AUV_zit6_cmake/install/zit6_interfaces/share/zit6_interfaces/rust/Cargo.toml
[4.044s] -- Symlinking: /home/doc049/dev/2026-auv-sub/AUV_zit6_cmake/install/zit6_interfaces/share/zit6_interfaces/rust/build.rs
[4.050s] -- Symlinking: /home/doc049/dev/2026-auv-sub/AUV_zit6_cmake/install/zit6_interfaces/share/zit6_interfaces/rust/src/lib.rs
[4.055s] -- Symlinking: /home/doc049/dev/2026-auv-sub/AUV_zit6_cmake/install/zit6_interfaces/share/zit6_interfaces/rust/src/msg.rs
[4.061s] -- Symlinking: /home/doc049/dev/2026-auv-sub/AUV_zit6_cmake/install/zit6_interfaces/share/zit6_interfaces/rust/src/msg/rmw.rs
[4.066s] -- Symlinking: /home/doc049/dev/2026-auv-sub/AUV_zit6_cmake/install/zit6_interfaces/share/zit6_interfaces/msg/ZitSetpoint.idl
[4.072s] -- Symlinking: /home/doc049/dev/2026-auv-sub/AUV_zit6_cmake/install/zit6_interfaces/share/zit6_interfaces/msg/ZitStatus.idl
[4.078s] -- Symlinking: /home/doc049/dev/2026-auv-sub/AUV_zit6_cmake/install/zit6_interfaces/share/zit6_interfaces/msg/ZitSetpoint.msg
[4.084s] -- Symlinking: /home/doc049/dev/2026-auv-sub/AUV_zit6_cmake/install/zit6_interfaces/share/zit6_interfaces/msg/ZitStatus.msg
[4.089s] -- Symlinking: /home/doc049/dev/2026-auv-sub/AUV_zit6_cmake/install/zit6_interfaces/share/ament_index/resource_index/package_run_dependencies/zit6_interfaces
[4.095s] -- Symlinking: /home/doc049/dev/2026-auv-sub/AUV_zit6_cmake/install/zit6_interfaces/share/ament_index/resource_index/parent_prefix_path/zit6_interfaces
[4.101s] -- Symlinking: /home/doc049/dev/2026-auv-sub/AUV_zit6_cmake/install/zit6_interfaces/share/zit6_interfaces/environment/ament_prefix_path.sh
[4.106s] -- Symlinking: /home/doc049/dev/2026-auv-sub/AUV_zit6_cmake/install/zit6_interfaces/share/zit6_interfaces/environment/ament_prefix_path.dsv
[4.113s] -- Symlinking: /home/doc049/dev/2026-auv-sub/AUV_zit6_cmake/install/zit6_interfaces/share/zit6_interfaces/environment/path.sh
[4.118s] -- Symlinking: /home/doc049/dev/2026-auv-sub/AUV_zit6_cmake/install/zit6_interfaces/share/zit6_interfaces/environment/path.dsv
[4.127s] -- Symlinking: /home/doc049/dev/2026-auv-sub/AUV_zit6_cmake/install/zit6_interfaces/share/zit6_interfaces/local_setup.bash
[4.134s] -- Symlinking: /home/doc049/dev/2026-auv-sub/AUV_zit6_cmake/install/zit6_interfaces/share/zit6_interfaces/local_setup.sh
[4.140s] -- Symlinking: /home/doc049/dev/2026-auv-sub/AUV_zit6_cmake/install/zit6_interfaces/share/zit6_interfaces/local_setup.zsh
[4.146s] -- Symlinking: /home/doc049/dev/2026-auv-sub/AUV_zit6_cmake/install/zit6_interfaces/share/zit6_interfaces/local_setup.dsv
[4.152s] -- Symlinking: /home/doc049/dev/2026-auv-sub/AUV_zit6_cmake/install/zit6_interfaces/share/zit6_interfaces/package.dsv
[4.157s] -- Symlinking: /home/doc049/dev/2026-auv-sub/AUV_zit6_cmake/install/zit6_interfaces/share/ament_index/resource_index/packages/zit6_interfaces
[4.162s] -- Symlinking: /home/doc049/dev/2026-auv-sub/AUV_zit6_cmake/install/zit6_interfaces/share/zit6_interfaces/cmake/rosidl_cmake-extras.cmake
[4.168s] -- Symlinking: /home/doc049/dev/2026-auv-sub/AUV_zit6_cmake/install/zit6_interfaces/share/zit6_interfaces/cmake/ament_cmake_export_include_directories-extras.cmake
[4.175s] -- Symlinking: /home/doc049/dev/2026-auv-sub/AUV_zit6_cmake/install/zit6_interfaces/share/zit6_interfaces/cmake/ament_cmake_export_libraries-extras.cmake
[4.180s] -- Symlinking: /home/doc049/dev/2026-auv-sub/AUV_zit6_cmake/install/zit6_interfaces/share/zit6_interfaces/cmake/ament_cmake_export_targets-extras.cmake
[4.186s] -- Symlinking: /home/doc049/dev/2026-auv-sub/AUV_zit6_cmake/install/zit6_interfaces/share/zit6_interfaces/cmake/rosidl_cmake_export_typesupport_targets-extras.cmake
[4.192s] -- Symlinking: /home/doc049/dev/2026-auv-sub/AUV_zit6_cmake/install/zit6_interfaces/share/zit6_interfaces/cmake/ament_cmake_export_dependencies-extras.cmake
[4.198s] -- Symlinking: /home/doc049/dev/2026-auv-sub/AUV_zit6_cmake/install/zit6_interfaces/share/zit6_interfaces/cmake/rosidl_cmake_export_typesupport_libraries-extras.cmake
[4.204s] -- Symlinking: /home/doc049/dev/2026-auv-sub/AUV_zit6_cmake/install/zit6_interfaces/share/zit6_interfaces/cmake/zit6_interfacesConfig.cmake
[4.210s] -- Symlinking: /home/doc049/dev/2026-auv-sub/AUV_zit6_cmake/install/zit6_interfaces/share/zit6_interfaces/cmake/zit6_interfacesConfig-version.cmake
[4.216s] -- Symlinking: /home/doc049/dev/2026-auv-sub/AUV_zit6_cmake/install/zit6_interfaces/share/zit6_interfaces/package.xml
[4.224s] -- Installing: /home/doc049/dev/2026-auv-sub/AUV_zit6_cmake/install/zit6_interfaces/lib/libzit6_interfaces__rosidl_generator_c.so
[4.225s] -- Set non-toolchain portion of runtime path of "/home/doc049/dev/2026-auv-sub/AUV_zit6_cmake/install/zit6_interfaces/lib/libzit6_interfaces__rosidl_generator_c.so" to ""
[4.225s] -- Installing: /home/doc049/dev/2026-auv-sub/AUV_zit6_cmake/install/zit6_interfaces/lib/libzit6_interfaces__rosidl_typesupport_fastrtps_c.so
[4.225s] -- Set non-toolchain portion of runtime path of "/home/doc049/dev/2026-auv-sub/AUV_zit6_cmake/install/zit6_interfaces/lib/libzit6_interfaces__rosidl_typesupport_fastrtps_c.so" to ""
[4.226s] -- Installing: /home/doc049/dev/2026-auv-sub/AUV_zit6_cmake/install/zit6_interfaces/lib/libzit6_interfaces__rosidl_typesupport_introspection_c.so
[4.226s] -- Set non-toolchain portion of runtime path of "/home/doc049/dev/2026-auv-sub/AUV_zit6_cmake/install/zit6_interfaces/lib/libzit6_interfaces__rosidl_typesupport_introspection_c.so" to ""
[4.226s] -- Installing: /home/doc049/dev/2026-auv-sub/AUV_zit6_cmake/install/zit6_interfaces/lib/libzit6_interfaces__rosidl_typesupport_c.so
[4.226s] -- Set non-toolchain portion of runtime path of "/home/doc049/dev/2026-auv-sub/AUV_zit6_cmake/install/zit6_interfaces/lib/libzit6_interfaces__rosidl_typesupport_c.so" to ""
[4.227s] -- Installing: /home/doc049/dev/2026-auv-sub/AUV_zit6_cmake/install/zit6_interfaces/lib/libzit6_interfaces__rosidl_typesupport_fastrtps_cpp.so
[4.227s] -- Set non-toolchain portion of runtime path of "/home/doc049/dev/2026-auv-sub/AUV_zit6_cmake/install/zit6_interfaces/lib/libzit6_interfaces__rosidl_typesupport_fastrtps_cpp.so" to ""
[4.227s] -- Installing: /home/doc049/dev/2026-auv-sub/AUV_zit6_cmake/install/zit6_interfaces/lib/libzit6_interfaces__rosidl_typesupport_introspection_cpp.so
[4.228s] -- Set non-toolchain portion of runtime path of "/home/doc049/dev/2026-auv-sub/AUV_zit6_cmake/install/zit6_interfaces/lib/libzit6_interfaces__rosidl_typesupport_introspection_cpp.so" to ""
[4.228s] -- Installing: /home/doc049/dev/2026-auv-sub/AUV_zit6_cmake/install/zit6_interfaces/lib/libzit6_interfaces__rosidl_typesupport_cpp.so
[4.228s] -- Set non-toolchain portion of runtime path of "/home/doc049/dev/2026-auv-sub/AUV_zit6_cmake/install/zit6_interfaces/lib/libzit6_interfaces__rosidl_typesupport_cpp.so" to ""
[4.257s] Listing '/home/doc049/dev/2026-auv-sub/AUV_zit6_cmake/install/zit6_interfaces/lib/python3.12/site-packages/zit6_interfaces'...
[4.257s] Compiling '/home/doc049/dev/2026-auv-sub/AUV_zit6_cmake/install/zit6_interfaces/lib/python3.12/site-packages/zit6_interfaces/__init__.py'...
[4.257s] Listing '/home/doc049/dev/2026-auv-sub/AUV_zit6_cmake/install/zit6_interfaces/lib/python3.12/site-packages/zit6_interfaces/msg'...
[4.257s] Compiling '/home/doc049/dev/2026-auv-sub/AUV_zit6_cmake/install/zit6_interfaces/lib/python3.12/site-packages/zit6_interfaces/msg/__init__.py'...
[4.257s] Compiling '/home/doc049/dev/2026-auv-sub/AUV_zit6_cmake/install/zit6_interfaces/lib/python3.12/site-packages/zit6_interfaces/msg/_zit_setpoint.py'...
[4.257s] Compiling '/home/doc049/dev/2026-auv-sub/AUV_zit6_cmake/install/zit6_interfaces/lib/python3.12/site-packages/zit6_interfaces/msg/_zit_status.py'...
[4.261s] -- Installing: /home/doc049/dev/2026-auv-sub/AUV_zit6_cmake/install/zit6_interfaces/lib/libzit6_interfaces__rosidl_generator_py.so
[4.261s] -- Set non-toolchain portion of runtime path of "/home/doc049/dev/2026-auv-sub/AUV_zit6_cmake/install/zit6_interfaces/lib/libzit6_interfaces__rosidl_generator_py.so" to ""
[4.261s] -- Installing: /home/doc049/dev/2026-auv-sub/AUV_zit6_cmake/install/zit6_interfaces/share/zit6_interfaces/cmake/export_zit6_interfaces__rosidl_generator_cExport.cmake
[4.261s] -- Installing: /home/doc049/dev/2026-auv-sub/AUV_zit6_cmake/install/zit6_interfaces/share/zit6_interfaces/cmake/export_zit6_interfaces__rosidl_generator_cExport-noconfig.cmake
[4.261s] -- Installing: /home/doc049/dev/2026-auv-sub/AUV_zit6_cmake/install/zit6_interfaces/share/zit6_interfaces/cmake/export_zit6_interfaces__rosidl_typesupport_fastrtps_cExport.cmake
[4.262s] -- Installing: /home/doc049/dev/2026-auv-sub/AUV_zit6_cmake/install/zit6_interfaces/share/zit6_interfaces/cmake/export_zit6_interfaces__rosidl_typesupport_fastrtps_cExport-noconfig.cmake
[4.262s] -- Installing: /home/doc049/dev/2026-auv-sub/AUV_zit6_cmake/install/zit6_interfaces/share/zit6_interfaces/cmake/zit6_interfaces__rosidl_typesupport_introspection_cExport.cmake
[4.262s] -- Installing: /home/doc049/dev/2026-auv-sub/AUV_zit6_cmake/install/zit6_interfaces/share/zit6_interfaces/cmake/zit6_interfaces__rosidl_typesupport_introspection_cExport-noconfig.cmake
[4.262s] -- Installing: /home/doc049/dev/2026-auv-sub/AUV_zit6_cmake/install/zit6_interfaces/share/zit6_interfaces/cmake/zit6_interfaces__rosidl_typesupport_cExport.cmake
[4.262s] -- Installing: /home/doc049/dev/2026-auv-sub/AUV_zit6_cmake/install/zit6_interfaces/share/zit6_interfaces/cmake/zit6_interfaces__rosidl_typesupport_cExport-noconfig.cmake
[4.262s] -- Installing: /home/doc049/dev/2026-auv-sub/AUV_zit6_cmake/install/zit6_interfaces/share/zit6_interfaces/cmake/export_zit6_interfaces__rosidl_generator_cppExport.cmake
[4.262s] -- Installing: /home/doc049/dev/2026-auv-sub/AUV_zit6_cmake/install/zit6_interfaces/share/zit6_interfaces/cmake/export_zit6_interfaces__rosidl_typesupport_fastrtps_cppExport.cmake
[4.263s] -- Installing: /home/doc049/dev/2026-auv-sub/AUV_zit6_cmake/install/zit6_interfaces/share/zit6_interfaces/cmake/export_zit6_interfaces__rosidl_typesupport_fastrtps_cppExport-noconfig.cmake
[4.263s] -- Installing: /home/doc049/dev/2026-auv-sub/AUV_zit6_cmake/install/zit6_interfaces/share/zit6_interfaces/cmake/zit6_interfaces__rosidl_typesupport_introspection_cppExport.cmake
[4.263s] -- Installing: /home/doc049/dev/2026-auv-sub/AUV_zit6_cmake/install/zit6_interfaces/share/zit6_interfaces/cmake/zit6_interfaces__rosidl_typesupport_introspection_cppExport-noconfig.cmake
[4.263s] -- Installing: /home/doc049/dev/2026-auv-sub/AUV_zit6_cmake/install/zit6_interfaces/share/zit6_interfaces/cmake/zit6_interfaces__rosidl_typesupport_cppExport.cmake
[4.263s] -- Installing: /home/doc049/dev/2026-auv-sub/AUV_zit6_cmake/install/zit6_interfaces/share/zit6_interfaces/cmake/zit6_interfaces__rosidl_typesupport_cppExport-noconfig.cmake
[4.263s] -- Installing: /home/doc049/dev/2026-auv-sub/AUV_zit6_cmake/install/zit6_interfaces/share/zit6_interfaces/cmake/export_zit6_interfaces__rosidl_generator_pyExport.cmake
[4.263s] -- Installing: /home/doc049/dev/2026-auv-sub/AUV_zit6_cmake/install/zit6_interfaces/share/zit6_interfaces/cmake/export_zit6_interfaces__rosidl_generator_pyExport-noconfig.cmake
[4.265s] Invoked command in '/home/doc049/dev/2026-auv-sub/AUV_zit6_cmake/build/zit6_interfaces' returned '0': CMAKE_PREFIX_PATH=${CMAKE_PREFIX_PATH}:/opt/ros/jazzy /usr/bin/cmake --install /home/doc049/dev/2026-auv-sub/AUV_zit6_cmake/build/zit6_interfaces
