[0.108s] DEBUG:colcon:Command line arguments: ['/usr/bin/colcon', 'build', '--packages-select', 'zit6_interfaces', '--symlink-install']
[0.108s] DEBUG:colcon:Parsed command line arguments: Namespace(log_base=None, log_level=None, verb_name='build', build_base='build', install_base='install', merge_install=False, symlink_install=True, test_result_base=None, continue_on_error=False, executor='parallel', parallel_workers=32, event_handlers=None, ignore_user_meta=False, metas=['./colcon.meta'], base_paths=['.'], packages_ignore=None, packages_ignore_regex=None, paths=None, packages_up_to=None, packages_up_to_regex=None, packages_above=None, packages_above_and_dependencies=None, packages_above_depth=None, packages_select_by_dep=None, packages_skip_by_dep=None, packages_skip_up_to=None, packages_select_build_failed=False, packages_skip_build_finished=False, packages_select_test_failures=False, packages_skip_test_passed=False, packages_select=['zit6_interfaces'], packages_skip=None, packages_select_regex=None, packages_skip_regex=None, packages_start=None, packages_end=None, allow_overriding=[], cmake_args=None, cmake_target=None, cmake_target_skip_unavailable=False, cmake_clean_cache=False, cmake_clean_first=False, cmake_force_configure=False, ament_cmake_args=None, catkin_cmake_args=None, catkin_skip_building_tests=False, verb_parser=<colcon_defaults.argument_parser.defaults.DefaultArgumentsDecorator object at 0x7d5b4bf93320>, verb_extension=<colcon_core.verb.build.BuildVerb object at 0x7d5b4bf931a0>, main=<bound method BuildVerb.main of <colcon_core.verb.build.BuildVerb object at 0x7d5b4bf931a0>>)
[0.154s] Level 1:colcon.colcon_core.package_discovery:discover_packages(colcon_meta) check parameters
[0.154s] Level 1:colcon.colcon_core.package_discovery:discover_packages(recursive) check parameters
[0.154s] Level 1:colcon.colcon_core.package_discovery:discover_packages(ignore) check parameters
[0.154s] Level 1:colcon.colcon_core.package_discovery:discover_packages(path) check parameters
[0.154s] Level 1:colcon.colcon_core.package_discovery:discover_packages(colcon_meta) discover
[0.154s] Level 1:colcon.colcon_core.package_discovery:discover_packages(recursive) discover
[0.154s] INFO:colcon.colcon_core.package_discovery:Crawling recursively for packages in '/home/doc049/dev/2026-auv-sub/AUV_zit6_cmake'
[0.154s] Level 1:colcon.colcon_core.package_identification:_identify(.) by extensions ['ignore', 'ignore_ament_install']
[0.154s] Level 1:colcon.colcon_core.package_identification:_identify(.) by extension 'ignore'
[0.154s] Level 1:colcon.colcon_core.package_identification:_identify(.) by extension 'ignore_ament_install'
[0.154s] Level 1:colcon.colcon_core.package_identification:_identify(.) by extensions ['colcon_pkg']
[0.154s] Level 1:colcon.colcon_core.package_identification:_identify(.) by extension 'colcon_pkg'
[0.154s] Level 1:colcon.colcon_core.package_identification:_identify(.) by extensions ['colcon_meta']
[0.154s] Level 1:colcon.colcon_core.package_identification:_identify(.) by extension 'colcon_meta'
[0.154s] Level 1:colcon.colcon_core.package_identification:_identify(.) by extensions ['ros']
[0.154s] Level 1:colcon.colcon_core.package_identification:_identify(.) by extension 'ros'
[0.177s] Level 1:colcon.colcon_core.package_identification:_identify(.) by extensions ['cmake', 'python']
[0.177s] Level 1:colcon.colcon_core.package_identification:_identify(.) by extension 'cmake'
[0.250s] ERROR:colcon.colcon_core.package_identification:Exception in package identification extension 'cmake' in '.': Failed to extract project name from 'CMakeLists.txt'
Traceback (most recent call last):
  File "/usr/lib/python3/dist-packages/colcon_core/package_identification/__init__.py", line 144, in _identify
    retval = extension.identify(_reused_descriptor_instance)
             ^^^^^^^^^^^^^^^^^^^^^^^^^^^^^^^^^^^^^^^^^^^^^^^
  File "/usr/lib/python3/dist-packages/colcon_cmake/package_identification/cmake.py", line 36, in identify
    raise RuntimeError(
RuntimeError: Failed to extract project name from 'CMakeLists.txt'

[0.250s] Level 1:colcon.colcon_core.package_identification:_identify(.) by extension 'python'
[0.250s] Level 1:colcon.colcon_core.package_identification:_identify(.) by extensions ['python_setup_py']
[0.250s] Level 1:colcon.colcon_core.package_identification:_identify(.) by extension 'python_setup_py'
[0.250s] Level 1:colcon.colcon_core.package_identification:_identify(Core) by extensions ['ignore', 'ignore_ament_install']
[0.250s] Level 1:colcon.colcon_core.package_identification:_identify(Core) by extension 'ignore'
[0.250s] Level 1:colcon.colcon_core.package_identification:_identify(Core) by extension 'ignore_ament_install'
[0.250s] Level 1:colcon.colcon_core.package_identification:_identify(Core) by extensions ['colcon_pkg']
[0.250s] Level 1:colcon.colcon_core.package_identification:_identify(Core) by extension 'colcon_pkg'
[0.250s] Level 1:colcon.colcon_core.package_identification:_identify(Core) by extensions ['colcon_meta']
[0.250s] Level 1:colcon.colcon_core.package_identification:_identify(Core) by extension 'colcon_meta'
[0.250s] Level 1:colcon.colcon_core.package_identification:_identify(Core) by extensions ['ros']
[0.250s] Level 1:colcon.colcon_core.package_identification:_identify(Core) by extension 'ros'
[0.250s] Level 1:colcon.colcon_core.package_identification:_identify(Core) by extensions ['cmake', 'python']
[0.250s] Level 1:colcon.colcon_core.package_identification:_identify(Core) by extension 'cmake'
[0.250s] Level 1:colcon.colcon_core.package_identification:_identify(Core) by extension 'python'
[0.250s] Level 1:colcon.colcon_core.package_identification:_identify(Core) by extensions ['python_setup_py']
[0.250s] Level 1:colcon.colcon_core.package_identification:_identify(Core) by extension 'python_setup_py'
[0.250s] Level 1:colcon.colcon_core.package_identification:_identify(Core/Inc) by extensions ['ignore', 'ignore_ament_install']
[0.250s] Level 1:colcon.colcon_core.package_identification:_identify(Core/Inc) by extension 'ignore'
[0.250s] Level 1:colcon.colcon_core.package_identification:_identify(Core/Inc) by extension 'ignore_ament_install'
[0.250s] Level 1:colcon.colcon_core.package_identification:_identify(Core/Inc) by extensions ['colcon_pkg']
[0.250s] Level 1:colcon.colcon_core.package_identification:_identify(Core/Inc) by extension 'colcon_pkg'
[0.251s] Level 1:colcon.colcon_core.package_identification:_identify(Core/Inc) by extensions ['colcon_meta']
[0.251s] Level 1:colcon.colcon_core.package_identification:_identify(Core/Inc) by extension 'colcon_meta'
[0.251s] Level 1:colcon.colcon_core.package_identification:_identify(Core/Inc) by extensions ['ros']
[0.251s] Level 1:colcon.colcon_core.package_identification:_identify(Core/Inc) by extension 'ros'
[0.251s] Level 1:colcon.colcon_core.package_identification:_identify(Core/Inc) by extensions ['cmake', 'python']
[0.251s] Level 1:colcon.colcon_core.package_identification:_identify(Core/Inc) by extension 'cmake'
[0.251s] Level 1:colcon.colcon_core.package_identification:_identify(Core/Inc) by extension 'python'
[0.251s] Level 1:colcon.colcon_core.package_identification:_identify(Core/Inc) by extensions ['python_setup_py']
[0.251s] Level 1:colcon.colcon_core.package_identification:_identify(Core/Inc) by extension 'python_setup_py'
[0.251s] Level 1:colcon.colcon_core.package_identification:_identify(Core/Src) by extensions ['ignore', 'ignore_ament_install']
[0.251s] Level 1:colcon.colcon_core.package_identification:_identify(Core/Src) by extension 'ignore'
[0.251s] Level 1:colcon.colcon_core.package_identification:_identify(Core/Src) by extension 'ignore_ament_install'
[0.251s] Level 1:colcon.colcon_core.package_identification:_identify(Core/Src) by extensions ['colcon_pkg']
[0.251s] Level 1:colcon.colcon_core.package_identification:_identify(Core/Src) by extension 'colcon_pkg'
[0.251s] Level 1:colcon.colcon_core.package_identification:_identify(Core/Src) by extensions ['colcon_meta']
[0.251s] Level 1:colcon.colcon_core.package_identification:_identify(Core/Src) by extension 'colcon_meta'
[0.251s] Level 1:colcon.colcon_core.package_identification:_identify(Core/Src) by extensions ['ros']
[0.251s] Level 1:colcon.colcon_core.package_identification:_identify(Core/Src) by extension 'ros'
[0.251s] Level 1:colcon.colcon_core.package_identification:_identify(Core/Src) by extensions ['cmake', 'python']
[0.251s] Level 1:colcon.colcon_core.package_identification:_identify(Core/Src) by extension 'cmake'
[0.251s] Level 1:colcon.colcon_core.package_identification:_identify(Core/Src) by extension 'python'
[0.251s] Level 1:colcon.colcon_core.package_identification:_identify(Core/Src) by extensions ['python_setup_py']
[0.251s] Level 1:colcon.colcon_core.package_identification:_identify(Core/Src) by extension 'python_setup_py'
[0.251s] Level 1:colcon.colcon_core.package_identification:_identify(Drivers) by extensions ['ignore', 'ignore_ament_install']
[0.251s] Level 1:colcon.colcon_core.package_identification:_identify(Drivers) by extension 'ignore'
[0.251s] Level 1:colcon.colcon_core.package_identification:_identify(Drivers) by extension 'ignore_ament_install'
[0.251s] Level 1:colcon.colcon_core.package_identification:_identify(Drivers) by extensions ['colcon_pkg']
[0.251s] Level 1:colcon.colcon_core.package_identification:_identify(Drivers) by extension 'colcon_pkg'
[0.251s] Level 1:colcon.colcon_core.package_identification:_identify(Drivers) by extensions ['colcon_meta']
[0.251s] Level 1:colcon.colcon_core.package_identification:_identify(Drivers) by extension 'colcon_meta'
[0.251s] Level 1:colcon.colcon_core.package_identification:_identify(Drivers) by extensions ['ros']
[0.251s] Level 1:colcon.colcon_core.package_identification:_identify(Drivers) by extension 'ros'
[0.252s] Level 1:colcon.colcon_core.package_identification:_identify(Drivers) by extensions ['cmake', 'python']
[0.252s] Level 1:colcon.colcon_core.package_identification:_identify(Drivers) by extension 'cmake'
[0.252s] Level 1:colcon.colcon_core.package_identification:_identify(Drivers) by extension 'python'
[0.252s] Level 1:colcon.colcon_core.package_identification:_identify(Drivers) by extensions ['python_setup_py']
[0.252s] Level 1:colcon.colcon_core.package_identification:_identify(Drivers) by extension 'python_setup_py'
[0.252s] Level 1:colcon.colcon_core.package_identification:_identify(Drivers/CMSIS) by extensions ['ignore', 'ignore_ament_install']
[0.252s] Level 1:colcon.colcon_core.package_identification:_identify(Drivers/CMSIS) by extension 'ignore'
[0.252s] Level 1:colcon.colcon_core.package_identification:_identify(Drivers/CMSIS) by extension 'ignore_ament_install'
[0.252s] Level 1:colcon.colcon_core.package_identification:_identify(Drivers/CMSIS) by extensions ['colcon_pkg']
[0.252s] Level 1:colcon.colcon_core.package_identification:_identify(Drivers/CMSIS) by extension 'colcon_pkg'
[0.252s] Level 1:colcon.colcon_core.package_identification:_identify(Drivers/CMSIS) by extensions ['colcon_meta']
[0.252s] Level 1:colcon.colcon_core.package_identification:_identify(Drivers/CMSIS) by extension 'colcon_meta'
[0.252s] Level 1:colcon.colcon_core.package_identification:_identify(Drivers/CMSIS) by extensions ['ros']
[0.252s] Level 1:colcon.colcon_core.package_identification:_identify(Drivers/CMSIS) by extension 'ros'
[0.252s] Level 1:colcon.colcon_core.package_identification:_identify(Drivers/CMSIS) by extensions ['cmake', 'python']
[0.252s] Level 1:colcon.colcon_core.package_identification:_identify(Drivers/CMSIS) by extension 'cmake'
[0.252s] Level 1:colcon.colcon_core.package_identification:_identify(Drivers/CMSIS) by extension 'python'
[0.252s] Level 1:colcon.colcon_core.package_identification:_identify(Drivers/CMSIS) by extensions ['python_setup_py']
[0.252s] Level 1:colcon.colcon_core.package_identification:_identify(Drivers/CMSIS) by extension 'python_setup_py'
[0.252s] Level 1:colcon.colcon_core.package_identification:_identify(Drivers/CMSIS/Device) by extensions ['ignore', 'ignore_ament_install']
[0.252s] Level 1:colcon.colcon_core.package_identification:_identify(Drivers/CMSIS/Device) by extension 'ignore'
[0.252s] Level 1:colcon.colcon_core.package_identification:_identify(Drivers/CMSIS/Device) by extension 'ignore_ament_install'
[0.252s] Level 1:colcon.colcon_core.package_identification:_identify(Drivers/CMSIS/Device) by extensions ['colcon_pkg']
[0.252s] Level 1:colcon.colcon_core.package_identification:_identify(Drivers/CMSIS/Device) by extension 'colcon_pkg'
[0.252s] Level 1:colcon.colcon_core.package_identification:_identify(Drivers/CMSIS/Device) by extensions ['colcon_meta']
[0.252s] Level 1:colcon.colcon_core.package_identification:_identify(Drivers/CMSIS/Device) by extension 'colcon_meta'
[0.252s] Level 1:colcon.colcon_core.package_identification:_identify(Drivers/CMSIS/Device) by extensions ['ros']
[0.252s] Level 1:colcon.colcon_core.package_identification:_identify(Drivers/CMSIS/Device) by extension 'ros'
[0.252s] Level 1:colcon.colcon_core.package_identification:_identify(Drivers/CMSIS/Device) by extensions ['cmake', 'python']
[0.252s] Level 1:colcon.colcon_core.package_identification:_identify(Drivers/CMSIS/Device) by extension 'cmake'
[0.252s] Level 1:colcon.colcon_core.package_identification:_identify(Drivers/CMSIS/Device) by extension 'python'
[0.252s] Level 1:colcon.colcon_core.package_identification:_identify(Drivers/CMSIS/Device) by extensions ['python_setup_py']
[0.253s] Level 1:colcon.colcon_core.package_identification:_identify(Drivers/CMSIS/Device) by extension 'python_setup_py'
[0.253s] Level 1:colcon.colcon_core.package_identification:_identify(Drivers/CMSIS/Device/ST) by extensions ['ignore', 'ignore_ament_install']
[0.253s] Level 1:colcon.colcon_core.package_identification:_identify(Drivers/CMSIS/Device/ST) by extension 'ignore'
[0.253s] Level 1:colcon.colcon_core.package_identification:_identify(Drivers/CMSIS/Device/ST) by extension 'ignore_ament_install'
[0.253s] Level 1:colcon.colcon_core.package_identification:_identify(Drivers/CMSIS/Device/ST) by extensions ['colcon_pkg']
[0.253s] Level 1:colcon.colcon_core.package_identification:_identify(Drivers/CMSIS/Device/ST) by extension 'colcon_pkg'
[0.253s] Level 1:colcon.colcon_core.package_identification:_identify(Drivers/CMSIS/Device/ST) by extensions ['colcon_meta']
[0.253s] Level 1:colcon.colcon_core.package_identification:_identify(Drivers/CMSIS/Device/ST) by extension 'colcon_meta'
[0.253s] Level 1:colcon.colcon_core.package_identification:_identify(Drivers/CMSIS/Device/ST) by extensions ['ros']
[0.253s] Level 1:colcon.colcon_core.package_identification:_identify(Drivers/CMSIS/Device/ST) by extension 'ros'
[0.253s] Level 1:colcon.colcon_core.package_identification:_identify(Drivers/CMSIS/Device/ST) by extensions ['cmake', 'python']
[0.253s] Level 1:colcon.colcon_core.package_identification:_identify(Drivers/CMSIS/Device/ST) by extension 'cmake'
[0.253s] Level 1:colcon.colcon_core.package_identification:_identify(Drivers/CMSIS/Device/ST) by extension 'python'
[0.253s] Level 1:colcon.colcon_core.package_identification:_identify(Drivers/CMSIS/Device/ST) by extensions ['python_setup_py']
[0.253s] Level 1:colcon.colcon_core.package_identification:_identify(Drivers/CMSIS/Device/ST) by extension 'python_setup_py'
[0.253s] Level 1:colcon.colcon_core.package_identification:_identify(Drivers/CMSIS/Device/ST/STM32H7xx) by extensions ['ignore', 'ignore_ament_install']
[0.253s] Level 1:colcon.colcon_core.package_identification:_identify(Drivers/CMSIS/Device/ST/STM32H7xx) by extension 'ignore'
[0.253s] Level 1:colcon.colcon_core.package_identification:_identify(Drivers/CMSIS/Device/ST/STM32H7xx) by extension 'ignore_ament_install'
[0.253s] Level 1:colcon.colcon_core.package_identification:_identify(Drivers/CMSIS/Device/ST/STM32H7xx) by extensions ['colcon_pkg']
[0.253s] Level 1:colcon.colcon_core.package_identification:_identify(Drivers/CMSIS/Device/ST/STM32H7xx) by extension 'colcon_pkg'
[0.253s] Level 1:colcon.colcon_core.package_identification:_identify(Drivers/CMSIS/Device/ST/STM32H7xx) by extensions ['colcon_meta']
[0.253s] Level 1:colcon.colcon_core.package_identification:_identify(Drivers/CMSIS/Device/ST/STM32H7xx) by extension 'colcon_meta'
[0.253s] Level 1:colcon.colcon_core.package_identification:_identify(Drivers/CMSIS/Device/ST/STM32H7xx) by extensions ['ros']
[0.253s] Level 1:colcon.colcon_core.package_identification:_identify(Drivers/CMSIS/Device/ST/STM32H7xx) by extension 'ros'
[0.253s] Level 1:colcon.colcon_core.package_identification:_identify(Drivers/CMSIS/Device/ST/STM32H7xx) by extensions ['cmake', 'python']
[0.253s] Level 1:colcon.colcon_core.package_identification:_identify(Drivers/CMSIS/Device/ST/STM32H7xx) by extension 'cmake'
[0.253s] Level 1:colcon.colcon_core.package_identification:_identify(Drivers/CMSIS/Device/ST/STM32H7xx) by extension 'python'
[0.253s] Level 1:colcon.colcon_core.package_identification:_identify(Drivers/CMSIS/Device/ST/STM32H7xx) by extensions ['python_setup_py']
[0.253s] Level 1:colcon.colcon_core.package_identification:_identify(Drivers/CMSIS/Device/ST/STM32H7xx) by extension 'python_setup_py'
[0.253s] Level 1:colcon.colcon_core.package_identification:_identify(Drivers/CMSIS/Device/ST/STM32H7xx/Include) by extensions ['ignore', 'ignore_ament_install']
[0.254s] Level 1:colcon.colcon_core.package_identification:_identify(Drivers/CMSIS/Device/ST/STM32H7xx/Include) by extension 'ignore'
[0.254s] Level 1:colcon.colcon_core.package_identification:_identify(Drivers/CMSIS/Device/ST/STM32H7xx/Include) by extension 'ignore_ament_install'
[0.254s] Level 1:colcon.colcon_core.package_identification:_identify(Drivers/CMSIS/Device/ST/STM32H7xx/Include) by extensions ['colcon_pkg']
[0.254s] Level 1:colcon.colcon_core.package_identification:_identify(Drivers/CMSIS/Device/ST/STM32H7xx/Include) by extension 'colcon_pkg'
[0.254s] Level 1:colcon.colcon_core.package_identification:_identify(Drivers/CMSIS/Device/ST/STM32H7xx/Include) by extensions ['colcon_meta']
[0.254s] Level 1:colcon.colcon_core.package_identification:_identify(Drivers/CMSIS/Device/ST/STM32H7xx/Include) by extension 'colcon_meta'
[0.254s] Level 1:colcon.colcon_core.package_identification:_identify(Drivers/CMSIS/Device/ST/STM32H7xx/Include) by extensions ['ros']
[0.254s] Level 1:colcon.colcon_core.package_identification:_identify(Drivers/CMSIS/Device/ST/STM32H7xx/Include) by extension 'ros'
[0.254s] Level 1:colcon.colcon_core.package_identification:_identify(Drivers/CMSIS/Device/ST/STM32H7xx/Include) by extensions ['cmake', 'python']
[0.254s] Level 1:colcon.colcon_core.package_identification:_identify(Drivers/CMSIS/Device/ST/STM32H7xx/Include) by extension 'cmake'
[0.254s] Level 1:colcon.colcon_core.package_identification:_identify(Drivers/CMSIS/Device/ST/STM32H7xx/Include) by extension 'python'
[0.254s] Level 1:colcon.colcon_core.package_identification:_identify(Drivers/CMSIS/Device/ST/STM32H7xx/Include) by extensions ['python_setup_py']
[0.254s] Level 1:colcon.colcon_core.package_identification:_identify(Drivers/CMSIS/Device/ST/STM32H7xx/Include) by extension 'python_setup_py'
[0.254s] Level 1:colcon.colcon_core.package_identification:_identify(Drivers/CMSIS/Device/ST/STM32H7xx/Source) by extensions ['ignore', 'ignore_ament_install']
[0.254s] Level 1:colcon.colcon_core.package_identification:_identify(Drivers/CMSIS/Device/ST/STM32H7xx/Source) by extension 'ignore'
[0.254s] Level 1:colcon.colcon_core.package_identification:_identify(Drivers/CMSIS/Device/ST/STM32H7xx/Source) by extension 'ignore_ament_install'
[0.254s] Level 1:colcon.colcon_core.package_identification:_identify(Drivers/CMSIS/Device/ST/STM32H7xx/Source) by extensions ['colcon_pkg']
[0.254s] Level 1:colcon.colcon_core.package_identification:_identify(Drivers/CMSIS/Device/ST/STM32H7xx/Source) by extension 'colcon_pkg'
[0.254s] Level 1:colcon.colcon_core.package_identification:_identify(Drivers/CMSIS/Device/ST/STM32H7xx/Source) by extensions ['colcon_meta']
[0.254s] Level 1:colcon.colcon_core.package_identification:_identify(Drivers/CMSIS/Device/ST/STM32H7xx/Source) by extension 'colcon_meta'
[0.254s] Level 1:colcon.colcon_core.package_identification:_identify(Drivers/CMSIS/Device/ST/STM32H7xx/Source) by extensions ['ros']
[0.254s] Level 1:colcon.colcon_core.package_identification:_identify(Drivers/CMSIS/Device/ST/STM32H7xx/Source) by extension 'ros'
[0.254s] Level 1:colcon.colcon_core.package_identification:_identify(Drivers/CMSIS/Device/ST/STM32H7xx/Source) by extensions ['cmake', 'python']
[0.254s] Level 1:colcon.colcon_core.package_identification:_identify(Drivers/CMSIS/Device/ST/STM32H7xx/Source) by extension 'cmake'
[0.254s] Level 1:colcon.colcon_core.package_identification:_identify(Drivers/CMSIS/Device/ST/STM32H7xx/Source) by extension 'python'
[0.254s] Level 1:colcon.colcon_core.package_identification:_identify(Drivers/CMSIS/Device/ST/STM32H7xx/Source) by extensions ['python_setup_py']
[0.254s] Level 1:colcon.colcon_core.package_identification:_identify(Drivers/CMSIS/Device/ST/STM32H7xx/Source) by extension 'python_setup_py'
[0.254s] Level 1:colcon.colcon_core.package_identification:_identify(Drivers/CMSIS/Device/ST/STM32H7xx/Source/Templates) by extensions ['ignore', 'ignore_ament_install']
[0.254s] Level 1:colcon.colcon_core.package_identification:_identify(Drivers/CMSIS/Device/ST/STM32H7xx/Source/Templates) by extension 'ignore'
[0.255s] Level 1:colcon.colcon_core.package_identification:_identify(Drivers/CMSIS/Device/ST/STM32H7xx/Source/Templates) by extension 'ignore_ament_install'
[0.255s] Level 1:colcon.colcon_core.package_identification:_identify(Drivers/CMSIS/Device/ST/STM32H7xx/Source/Templates) by extensions ['colcon_pkg']
[0.255s] Level 1:colcon.colcon_core.package_identification:_identify(Drivers/CMSIS/Device/ST/STM32H7xx/Source/Templates) by extension 'colcon_pkg'
[0.255s] Level 1:colcon.colcon_core.package_identification:_identify(Drivers/CMSIS/Device/ST/STM32H7xx/Source/Templates) by extensions ['colcon_meta']
[0.255s] Level 1:colcon.colcon_core.package_identification:_identify(Drivers/CMSIS/Device/ST/STM32H7xx/Source/Templates) by extension 'colcon_meta'
[0.255s] Level 1:colcon.colcon_core.package_identification:_identify(Drivers/CMSIS/Device/ST/STM32H7xx/Source/Templates) by extensions ['ros']
[0.255s] Level 1:colcon.colcon_core.package_identification:_identify(Drivers/CMSIS/Device/ST/STM32H7xx/Source/Templates) by extension 'ros'
[0.255s] Level 1:colcon.colcon_core.package_identification:_identify(Drivers/CMSIS/Device/ST/STM32H7xx/Source/Templates) by extensions ['cmake', 'python']
[0.255s] Level 1:colcon.colcon_core.package_identification:_identify(Drivers/CMSIS/Device/ST/STM32H7xx/Source/Templates) by extension 'cmake'
[0.255s] Level 1:colcon.colcon_core.package_identification:_identify(Drivers/CMSIS/Device/ST/STM32H7xx/Source/Templates) by extension 'python'
[0.255s] Level 1:colcon.colcon_core.package_identification:_identify(Drivers/CMSIS/Device/ST/STM32H7xx/Source/Templates) by extensions ['python_setup_py']
[0.255s] Level 1:colcon.colcon_core.package_identification:_identify(Drivers/CMSIS/Device/ST/STM32H7xx/Source/Templates) by extension 'python_setup_py'
[0.255s] Level 1:colcon.colcon_core.package_identification:_identify(Drivers/CMSIS/Include) by extensions ['ignore', 'ignore_ament_install']
[0.255s] Level 1:colcon.colcon_core.package_identification:_identify(Drivers/CMSIS/Include) by extension 'ignore'
[0.255s] Level 1:colcon.colcon_core.package_identification:_identify(Drivers/CMSIS/Include) by extension 'ignore_ament_install'
[0.255s] Level 1:colcon.colcon_core.package_identification:_identify(Drivers/CMSIS/Include) by extensions ['colcon_pkg']
[0.255s] Level 1:colcon.colcon_core.package_identification:_identify(Drivers/CMSIS/Include) by extension 'colcon_pkg'
[0.255s] Level 1:colcon.colcon_core.package_identification:_identify(Drivers/CMSIS/Include) by extensions ['colcon_meta']
[0.255s] Level 1:colcon.colcon_core.package_identification:_identify(Drivers/CMSIS/Include) by extension 'colcon_meta'
[0.255s] Level 1:colcon.colcon_core.package_identification:_identify(Drivers/CMSIS/Include) by extensions ['ros']
[0.255s] Level 1:colcon.colcon_core.package_identification:_identify(Drivers/CMSIS/Include) by extension 'ros'
[0.255s] Level 1:colcon.colcon_core.package_identification:_identify(Drivers/CMSIS/Include) by extensions ['cmake', 'python']
[0.255s] Level 1:colcon.colcon_core.package_identification:_identify(Drivers/CMSIS/Include) by extension 'cmake'
[0.255s] Level 1:colcon.colcon_core.package_identification:_identify(Drivers/CMSIS/Include) by extension 'python'
[0.255s] Level 1:colcon.colcon_core.package_identification:_identify(Drivers/CMSIS/Include) by extensions ['python_setup_py']
[0.255s] Level 1:colcon.colcon_core.package_identification:_identify(Drivers/CMSIS/Include) by extension 'python_setup_py'
[0.255s] Level 1:colcon.colcon_core.package_identification:_identify(Drivers/CMSIS/RTOS2) by extensions ['ignore', 'ignore_ament_install']
[0.255s] Level 1:colcon.colcon_core.package_identification:_identify(Drivers/CMSIS/RTOS2) by extension 'ignore'
[0.255s] Level 1:colcon.colcon_core.package_identification:_identify(Drivers/CMSIS/RTOS2) by extension 'ignore_ament_install'
[0.255s] Level 1:colcon.colcon_core.package_identification:_identify(Drivers/CMSIS/RTOS2) by extensions ['colcon_pkg']
[0.255s] Level 1:colcon.colcon_core.package_identification:_identify(Drivers/CMSIS/RTOS2) by extension 'colcon_pkg'
[0.256s] Level 1:colcon.colcon_core.package_identification:_identify(Drivers/CMSIS/RTOS2) by extensions ['colcon_meta']
[0.256s] Level 1:colcon.colcon_core.package_identification:_identify(Drivers/CMSIS/RTOS2) by extension 'colcon_meta'
[0.256s] Level 1:colcon.colcon_core.package_identification:_identify(Drivers/CMSIS/RTOS2) by extensions ['ros']
[0.256s] Level 1:colcon.colcon_core.package_identification:_identify(Drivers/CMSIS/RTOS2) by extension 'ros'
[0.256s] Level 1:colcon.colcon_core.package_identification:_identify(Drivers/CMSIS/RTOS2) by extensions ['cmake', 'python']
[0.256s] Level 1:colcon.colcon_core.package_identification:_identify(Drivers/CMSIS/RTOS2) by extension 'cmake'
[0.256s] Level 1:colcon.colcon_core.package_identification:_identify(Drivers/CMSIS/RTOS2) by extension 'python'
[0.256s] Level 1:colcon.colcon_core.package_identification:_identify(Drivers/CMSIS/RTOS2) by extensions ['python_setup_py']
[0.256s] Level 1:colcon.colcon_core.package_identification:_identify(Drivers/CMSIS/RTOS2) by extension 'python_setup_py'
[0.256s] Level 1:colcon.colcon_core.package_identification:_identify(Drivers/CMSIS/RTOS2/Include) by extensions ['ignore', 'ignore_ament_install']
[0.256s] Level 1:colcon.colcon_core.package_identification:_identify(Drivers/CMSIS/RTOS2/Include) by extension 'ignore'
[0.256s] Level 1:colcon.colcon_core.package_identification:_identify(Drivers/CMSIS/RTOS2/Include) by extension 'ignore_ament_install'
[0.256s] Level 1:colcon.colcon_core.package_identification:_identify(Drivers/CMSIS/RTOS2/Include) by extensions ['colcon_pkg']
[0.256s] Level 1:colcon.colcon_core.package_identification:_identify(Drivers/CMSIS/RTOS2/Include) by extension 'colcon_pkg'
[0.256s] Level 1:colcon.colcon_core.package_identification:_identify(Drivers/CMSIS/RTOS2/Include) by extensions ['colcon_meta']
[0.256s] Level 1:colcon.colcon_core.package_identification:_identify(Drivers/CMSIS/RTOS2/Include) by extension 'colcon_meta'
[0.256s] Level 1:colcon.colcon_core.package_identification:_identify(Drivers/CMSIS/RTOS2/Include) by extensions ['ros']
[0.256s] Level 1:colcon.colcon_core.package_identification:_identify(Drivers/CMSIS/RTOS2/Include) by extension 'ros'
[0.256s] Level 1:colcon.colcon_core.package_identification:_identify(Drivers/CMSIS/RTOS2/Include) by extensions ['cmake', 'python']
[0.256s] Level 1:colcon.colcon_core.package_identification:_identify(Drivers/CMSIS/RTOS2/Include) by extension 'cmake'
[0.256s] Level 1:colcon.colcon_core.package_identification:_identify(Drivers/CMSIS/RTOS2/Include) by extension 'python'
[0.256s] Level 1:colcon.colcon_core.package_identification:_identify(Drivers/CMSIS/RTOS2/Include) by extensions ['python_setup_py']
[0.256s] Level 1:colcon.colcon_core.package_identification:_identify(Drivers/CMSIS/RTOS2/Include) by extension 'python_setup_py'
[0.256s] Level 1:colcon.colcon_core.package_identification:_identify(Drivers/STM32H7xx_HAL_Driver) by extensions ['ignore', 'ignore_ament_install']
[0.256s] Level 1:colcon.colcon_core.package_identification:_identify(Drivers/STM32H7xx_HAL_Driver) by extension 'ignore'
[0.256s] Level 1:colcon.colcon_core.package_identification:_identify(Drivers/STM32H7xx_HAL_Driver) by extension 'ignore_ament_install'
[0.256s] Level 1:colcon.colcon_core.package_identification:_identify(Drivers/STM32H7xx_HAL_Driver) by extensions ['colcon_pkg']
[0.256s] Level 1:colcon.colcon_core.package_identification:_identify(Drivers/STM32H7xx_HAL_Driver) by extension 'colcon_pkg'
[0.256s] Level 1:colcon.colcon_core.package_identification:_identify(Drivers/STM32H7xx_HAL_Driver) by extensions ['colcon_meta']
[0.256s] Level 1:colcon.colcon_core.package_identification:_identify(Drivers/STM32H7xx_HAL_Driver) by extension 'colcon_meta'
[0.256s] Level 1:colcon.colcon_core.package_identification:_identify(Drivers/STM32H7xx_HAL_Driver) by extensions ['ros']
[0.256s] Level 1:colcon.colcon_core.package_identification:_identify(Drivers/STM32H7xx_HAL_Driver) by extension 'ros'
[0.257s] Level 1:colcon.colcon_core.package_identification:_identify(Drivers/STM32H7xx_HAL_Driver) by extensions ['cmake', 'python']
[0.257s] Level 1:colcon.colcon_core.package_identification:_identify(Drivers/STM32H7xx_HAL_Driver) by extension 'cmake'
[0.257s] Level 1:colcon.colcon_core.package_identification:_identify(Drivers/STM32H7xx_HAL_Driver) by extension 'python'
[0.257s] Level 1:colcon.colcon_core.package_identification:_identify(Drivers/STM32H7xx_HAL_Driver) by extensions ['python_setup_py']
[0.257s] Level 1:colcon.colcon_core.package_identification:_identify(Drivers/STM32H7xx_HAL_Driver) by extension 'python_setup_py'
[0.257s] Level 1:colcon.colcon_core.package_identification:_identify(Drivers/STM32H7xx_HAL_Driver/Inc) by extensions ['ignore', 'ignore_ament_install']
[0.257s] Level 1:colcon.colcon_core.package_identification:_identify(Drivers/STM32H7xx_HAL_Driver/Inc) by extension 'ignore'
[0.257s] Level 1:colcon.colcon_core.package_identification:_identify(Drivers/STM32H7xx_HAL_Driver/Inc) by extension 'ignore_ament_install'
[0.257s] Level 1:colcon.colcon_core.package_identification:_identify(Drivers/STM32H7xx_HAL_Driver/Inc) by extensions ['colcon_pkg']
[0.257s] Level 1:colcon.colcon_core.package_identification:_identify(Drivers/STM32H7xx_HAL_Driver/Inc) by extension 'colcon_pkg'
[0.257s] Level 1:colcon.colcon_core.package_identification:_identify(Drivers/STM32H7xx_HAL_Driver/Inc) by extensions ['colcon_meta']
[0.257s] Level 1:colcon.colcon_core.package_identification:_identify(Drivers/STM32H7xx_HAL_Driver/Inc) by extension 'colcon_meta'
[0.257s] Level 1:colcon.colcon_core.package_identification:_identify(Drivers/STM32H7xx_HAL_Driver/Inc) by extensions ['ros']
[0.257s] Level 1:colcon.colcon_core.package_identification:_identify(Drivers/STM32H7xx_HAL_Driver/Inc) by extension 'ros'
[0.257s] Level 1:colcon.colcon_core.package_identification:_identify(Drivers/STM32H7xx_HAL_Driver/Inc) by extensions ['cmake', 'python']
[0.257s] Level 1:colcon.colcon_core.package_identification:_identify(Drivers/STM32H7xx_HAL_Driver/Inc) by extension 'cmake'
[0.257s] Level 1:colcon.colcon_core.package_identification:_identify(Drivers/STM32H7xx_HAL_Driver/Inc) by extension 'python'
[0.257s] Level 1:colcon.colcon_core.package_identification:_identify(Drivers/STM32H7xx_HAL_Driver/Inc) by extensions ['python_setup_py']
[0.257s] Level 1:colcon.colcon_core.package_identification:_identify(Drivers/STM32H7xx_HAL_Driver/Inc) by extension 'python_setup_py'
[0.257s] Level 1:colcon.colcon_core.package_identification:_identify(Drivers/STM32H7xx_HAL_Driver/Inc/Legacy) by extensions ['ignore', 'ignore_ament_install']
[0.257s] Level 1:colcon.colcon_core.package_identification:_identify(Drivers/STM32H7xx_HAL_Driver/Inc/Legacy) by extension 'ignore'
[0.257s] Level 1:colcon.colcon_core.package_identification:_identify(Drivers/STM32H7xx_HAL_Driver/Inc/Legacy) by extension 'ignore_ament_install'
[0.257s] Level 1:colcon.colcon_core.package_identification:_identify(Drivers/STM32H7xx_HAL_Driver/Inc/Legacy) by extensions ['colcon_pkg']
[0.257s] Level 1:colcon.colcon_core.package_identification:_identify(Drivers/STM32H7xx_HAL_Driver/Inc/Legacy) by extension 'colcon_pkg'
[0.257s] Level 1:colcon.colcon_core.package_identification:_identify(Drivers/STM32H7xx_HAL_Driver/Inc/Legacy) by extensions ['colcon_meta']
[0.257s] Level 1:colcon.colcon_core.package_identification:_identify(Drivers/STM32H7xx_HAL_Driver/Inc/Legacy) by extension 'colcon_meta'
[0.257s] Level 1:colcon.colcon_core.package_identification:_identify(Drivers/STM32H7xx_HAL_Driver/Inc/Legacy) by extensions ['ros']
[0.257s] Level 1:colcon.colcon_core.package_identification:_identify(Drivers/STM32H7xx_HAL_Driver/Inc/Legacy) by extension 'ros'
[0.257s] Level 1:colcon.colcon_core.package_identification:_identify(Drivers/STM32H7xx_HAL_Driver/Inc/Legacy) by extensions ['cmake', 'python']
[0.257s] Level 1:colcon.colcon_core.package_identification:_identify(Drivers/STM32H7xx_HAL_Driver/Inc/Legacy) by extension 'cmake'
[0.257s] Level 1:colcon.colcon_core.package_identification:_identify(Drivers/STM32H7xx_HAL_Driver/Inc/Legacy) by extension 'python'
[0.257s] Level 1:colcon.colcon_core.package_identification:_identify(Drivers/STM32H7xx_HAL_Driver/Inc/Legacy) by extensions ['python_setup_py']
[0.257s] Level 1:colcon.colcon_core.package_identification:_identify(Drivers/STM32H7xx_HAL_Driver/Inc/Legacy) by extension 'python_setup_py'
[0.258s] Level 1:colcon.colcon_core.package_identification:_identify(Drivers/STM32H7xx_HAL_Driver/Src) by extensions ['ignore', 'ignore_ament_install']
[0.258s] Level 1:colcon.colcon_core.package_identification:_identify(Drivers/STM32H7xx_HAL_Driver/Src) by extension 'ignore'
[0.258s] Level 1:colcon.colcon_core.package_identification:_identify(Drivers/STM32H7xx_HAL_Driver/Src) by extension 'ignore_ament_install'
[0.258s] Level 1:colcon.colcon_core.package_identification:_identify(Drivers/STM32H7xx_HAL_Driver/Src) by extensions ['colcon_pkg']
[0.258s] Level 1:colcon.colcon_core.package_identification:_identify(Drivers/STM32H7xx_HAL_Driver/Src) by extension 'colcon_pkg'
[0.258s] Level 1:colcon.colcon_core.package_identification:_identify(Drivers/STM32H7xx_HAL_Driver/Src) by extensions ['colcon_meta']
[0.258s] Level 1:colcon.colcon_core.package_identification:_identify(Drivers/STM32H7xx_HAL_Driver/Src) by extension 'colcon_meta'
[0.258s] Level 1:colcon.colcon_core.package_identification:_identify(Drivers/STM32H7xx_HAL_Driver/Src) by extensions ['ros']
[0.258s] Level 1:colcon.colcon_core.package_identification:_identify(Drivers/STM32H7xx_HAL_Driver/Src) by extension 'ros'
[0.258s] Level 1:colcon.colcon_core.package_identification:_identify(Drivers/STM32H7xx_HAL_Driver/Src) by extensions ['cmake', 'python']
[0.258s] Level 1:colcon.colcon_core.package_identification:_identify(Drivers/STM32H7xx_HAL_Driver/Src) by extension 'cmake'
[0.258s] Level 1:colcon.colcon_core.package_identification:_identify(Drivers/STM32H7xx_HAL_Driver/Src) by extension 'python'
[0.258s] Level 1:colcon.colcon_core.package_identification:_identify(Drivers/STM32H7xx_HAL_Driver/Src) by extensions ['python_setup_py']
[0.258s] Level 1:colcon.colcon_core.package_identification:_identify(Drivers/STM32H7xx_HAL_Driver/Src) by extension 'python_setup_py'
[0.258s] Level 1:colcon.colcon_core.package_identification:_identify(Middlewares) by extensions ['ignore', 'ignore_ament_install']
[0.258s] Level 1:colcon.colcon_core.package_identification:_identify(Middlewares) by extension 'ignore'
[0.258s] Level 1:colcon.colcon_core.package_identification:_identify(Middlewares) by extension 'ignore_ament_install'
[0.258s] Level 1:colcon.colcon_core.package_identification:_identify(Middlewares) by extensions ['colcon_pkg']
[0.258s] Level 1:colcon.colcon_core.package_identification:_identify(Middlewares) by extension 'colcon_pkg'
[0.258s] Level 1:colcon.colcon_core.package_identification:_identify(Middlewares) by extensions ['colcon_meta']
[0.258s] Level 1:colcon.colcon_core.package_identification:_identify(Middlewares) by extension 'colcon_meta'
[0.258s] Level 1:colcon.colcon_core.package_identification:_identify(Middlewares) by extensions ['ros']
[0.258s] Level 1:colcon.colcon_core.package_identification:_identify(Middlewares) by extension 'ros'
[0.258s] Level 1:colcon.colcon_core.package_identification:_identify(Middlewares) by extensions ['cmake', 'python']
[0.258s] Level 1:colcon.colcon_core.package_identification:_identify(Middlewares) by extension 'cmake'
[0.258s] Level 1:colcon.colcon_core.package_identification:_identify(Middlewares) by extension 'python'
[0.258s] Level 1:colcon.colcon_core.package_identification:_identify(Middlewares) by extensions ['python_setup_py']
[0.258s] Level 1:colcon.colcon_core.package_identification:_identify(Middlewares) by extension 'python_setup_py'
[0.258s] Level 1:colcon.colcon_core.package_identification:_identify(Middlewares/Third_Party) by extensions ['ignore', 'ignore_ament_install']
[0.258s] Level 1:colcon.colcon_core.package_identification:_identify(Middlewares/Third_Party) by extension 'ignore'
[0.258s] Level 1:colcon.colcon_core.package_identification:_identify(Middlewares/Third_Party) by extension 'ignore_ament_install'
[0.259s] Level 1:colcon.colcon_core.package_identification:_identify(Middlewares/Third_Party) by extensions ['colcon_pkg']
[0.259s] Level 1:colcon.colcon_core.package_identification:_identify(Middlewares/Third_Party) by extension 'colcon_pkg'
[0.259s] Level 1:colcon.colcon_core.package_identification:_identify(Middlewares/Third_Party) by extensions ['colcon_meta']
[0.259s] Level 1:colcon.colcon_core.package_identification:_identify(Middlewares/Third_Party) by extension 'colcon_meta'
[0.259s] Level 1:colcon.colcon_core.package_identification:_identify(Middlewares/Third_Party) by extensions ['ros']
[0.259s] Level 1:colcon.colcon_core.package_identification:_identify(Middlewares/Third_Party) by extension 'ros'
[0.259s] Level 1:colcon.colcon_core.package_identification:_identify(Middlewares/Third_Party) by extensions ['cmake', 'python']
[0.259s] Level 1:colcon.colcon_core.package_identification:_identify(Middlewares/Third_Party) by extension 'cmake'
[0.259s] Level 1:colcon.colcon_core.package_identification:_identify(Middlewares/Third_Party) by extension 'python'
[0.259s] Level 1:colcon.colcon_core.package_identification:_identify(Middlewares/Third_Party) by extensions ['python_setup_py']
[0.259s] Level 1:colcon.colcon_core.package_identification:_identify(Middlewares/Third_Party) by extension 'python_setup_py'
[0.259s] Level 1:colcon.colcon_core.package_identification:_identify(Middlewares/Third_Party/FreeRTOS) by extensions ['ignore', 'ignore_ament_install']
[0.259s] Level 1:colcon.colcon_core.package_identification:_identify(Middlewares/Third_Party/FreeRTOS) by extension 'ignore'
[0.259s] Level 1:colcon.colcon_core.package_identification:_identify(Middlewares/Third_Party/FreeRTOS) by extension 'ignore_ament_install'
[0.259s] Level 1:colcon.colcon_core.package_identification:_identify(Middlewares/Third_Party/FreeRTOS) by extensions ['colcon_pkg']
[0.259s] Level 1:colcon.colcon_core.package_identification:_identify(Middlewares/Third_Party/FreeRTOS) by extension 'colcon_pkg'
[0.259s] Level 1:colcon.colcon_core.package_identification:_identify(Middlewares/Third_Party/FreeRTOS) by extensions ['colcon_meta']
[0.259s] Level 1:colcon.colcon_core.package_identification:_identify(Middlewares/Third_Party/FreeRTOS) by extension 'colcon_meta'
[0.259s] Level 1:colcon.colcon_core.package_identification:_identify(Middlewares/Third_Party/FreeRTOS) by extensions ['ros']
[0.259s] Level 1:colcon.colcon_core.package_identification:_identify(Middlewares/Third_Party/FreeRTOS) by extension 'ros'
[0.259s] Level 1:colcon.colcon_core.package_identification:_identify(Middlewares/Third_Party/FreeRTOS) by extensions ['cmake', 'python']
[0.259s] Level 1:colcon.colcon_core.package_identification:_identify(Middlewares/Third_Party/FreeRTOS) by extension 'cmake'
[0.259s] Level 1:colcon.colcon_core.package_identification:_identify(Middlewares/Third_Party/FreeRTOS) by extension 'python'
[0.259s] Level 1:colcon.colcon_core.package_identification:_identify(Middlewares/Third_Party/FreeRTOS) by extensions ['python_setup_py']
[0.259s] Level 1:colcon.colcon_core.package_identification:_identify(Middlewares/Third_Party/FreeRTOS) by extension 'python_setup_py'
[0.259s] Level 1:colcon.colcon_core.package_identification:_identify(Middlewares/Third_Party/FreeRTOS/Source) by extensions ['ignore', 'ignore_ament_install']
[0.259s] Level 1:colcon.colcon_core.package_identification:_identify(Middlewares/Third_Party/FreeRTOS/Source) by extension 'ignore'
[0.259s] Level 1:colcon.colcon_core.package_identification:_identify(Middlewares/Third_Party/FreeRTOS/Source) by extension 'ignore_ament_install'
[0.259s] Level 1:colcon.colcon_core.package_identification:_identify(Middlewares/Third_Party/FreeRTOS/Source) by extensions ['colcon_pkg']
[0.259s] Level 1:colcon.colcon_core.package_identification:_identify(Middlewares/Third_Party/FreeRTOS/Source) by extension 'colcon_pkg'
[0.259s] Level 1:colcon.colcon_core.package_identification:_identify(Middlewares/Third_Party/FreeRTOS/Source) by extensions ['colcon_meta']
[0.259s] Level 1:colcon.colcon_core.package_identification:_identify(Middlewares/Third_Party/FreeRTOS/Source) by extension 'colcon_meta'
[0.260s] Level 1:colcon.colcon_core.package_identification:_identify(Middlewares/Third_Party/FreeRTOS/Source) by extensions ['ros']
[0.260s] Level 1:colcon.colcon_core.package_identification:_identify(Middlewares/Third_Party/FreeRTOS/Source) by extension 'ros'
[0.260s] Level 1:colcon.colcon_core.package_identification:_identify(Middlewares/Third_Party/FreeRTOS/Source) by extensions ['cmake', 'python']
[0.260s] Level 1:colcon.colcon_core.package_identification:_identify(Middlewares/Third_Party/FreeRTOS/Source) by extension 'cmake'
[0.260s] Level 1:colcon.colcon_core.package_identification:_identify(Middlewares/Third_Party/FreeRTOS/Source) by extension 'python'
[0.260s] Level 1:colcon.colcon_core.package_identification:_identify(Middlewares/Third_Party/FreeRTOS/Source) by extensions ['python_setup_py']
[0.260s] Level 1:colcon.colcon_core.package_identification:_identify(Middlewares/Third_Party/FreeRTOS/Source) by extension 'python_setup_py'
[0.260s] Level 1:colcon.colcon_core.package_identification:_identify(Middlewares/Third_Party/FreeRTOS/Source/CMSIS_RTOS_V2) by extensions ['ignore', 'ignore_ament_install']
[0.260s] Level 1:colcon.colcon_core.package_identification:_identify(Middlewares/Third_Party/FreeRTOS/Source/CMSIS_RTOS_V2) by extension 'ignore'
[0.260s] Level 1:colcon.colcon_core.package_identification:_identify(Middlewares/Third_Party/FreeRTOS/Source/CMSIS_RTOS_V2) by extension 'ignore_ament_install'
[0.260s] Level 1:colcon.colcon_core.package_identification:_identify(Middlewares/Third_Party/FreeRTOS/Source/CMSIS_RTOS_V2) by extensions ['colcon_pkg']
[0.260s] Level 1:colcon.colcon_core.package_identification:_identify(Middlewares/Third_Party/FreeRTOS/Source/CMSIS_RTOS_V2) by extension 'colcon_pkg'
[0.260s] Level 1:colcon.colcon_core.package_identification:_identify(Middlewares/Third_Party/FreeRTOS/Source/CMSIS_RTOS_V2) by extensions ['colcon_meta']
[0.260s] Level 1:colcon.colcon_core.package_identification:_identify(Middlewares/Third_Party/FreeRTOS/Source/CMSIS_RTOS_V2) by extension 'colcon_meta'
[0.260s] Level 1:colcon.colcon_core.package_identification:_identify(Middlewares/Third_Party/FreeRTOS/Source/CMSIS_RTOS_V2) by extensions ['ros']
[0.260s] Level 1:colcon.colcon_core.package_identification:_identify(Middlewares/Third_Party/FreeRTOS/Source/CMSIS_RTOS_V2) by extension 'ros'
[0.260s] Level 1:colcon.colcon_core.package_identification:_identify(Middlewares/Third_Party/FreeRTOS/Source/CMSIS_RTOS_V2) by extensions ['cmake', 'python']
[0.260s] Level 1:colcon.colcon_core.package_identification:_identify(Middlewares/Third_Party/FreeRTOS/Source/CMSIS_RTOS_V2) by extension 'cmake'
[0.260s] Level 1:colcon.colcon_core.package_identification:_identify(Middlewares/Third_Party/FreeRTOS/Source/CMSIS_RTOS_V2) by extension 'python'
[0.261s] Level 1:colcon.colcon_core.package_identification:_identify(Middlewares/Third_Party/FreeRTOS/Source/CMSIS_RTOS_V2) by extensions ['python_setup_py']
[0.261s] Level 1:colcon.colcon_core.package_identification:_identify(Middlewares/Third_Party/FreeRTOS/Source/CMSIS_RTOS_V2) by extension 'python_setup_py'
[0.261s] Level 1:colcon.colcon_core.package_identification:_identify(Middlewares/Third_Party/FreeRTOS/Source/include) by extensions ['ignore', 'ignore_ament_install']
[0.261s] Level 1:colcon.colcon_core.package_identification:_identify(Middlewares/Third_Party/FreeRTOS/Source/include) by extension 'ignore'
[0.261s] Level 1:colcon.colcon_core.package_identification:_identify(Middlewares/Third_Party/FreeRTOS/Source/include) by extension 'ignore_ament_install'
[0.261s] Level 1:colcon.colcon_core.package_identification:_identify(Middlewares/Third_Party/FreeRTOS/Source/include) by extensions ['colcon_pkg']
[0.261s] Level 1:colcon.colcon_core.package_identification:_identify(Middlewares/Third_Party/FreeRTOS/Source/include) by extension 'colcon_pkg'
[0.261s] Level 1:colcon.colcon_core.package_identification:_identify(Middlewares/Third_Party/FreeRTOS/Source/include) by extensions ['colcon_meta']
[0.261s] Level 1:colcon.colcon_core.package_identification:_identify(Middlewares/Third_Party/FreeRTOS/Source/include) by extension 'colcon_meta'
[0.261s] Level 1:colcon.colcon_core.package_identification:_identify(Middlewares/Third_Party/FreeRTOS/Source/include) by extensions ['ros']
[0.261s] Level 1:colcon.colcon_core.package_identification:_identify(Middlewares/Third_Party/FreeRTOS/Source/include) by extension 'ros'
[0.261s] Level 1:colcon.colcon_core.package_identification:_identify(Middlewares/Third_Party/FreeRTOS/Source/include) by extensions ['cmake', 'python']
[0.261s] Level 1:colcon.colcon_core.package_identification:_identify(Middlewares/Third_Party/FreeRTOS/Source/include) by extension 'cmake'
[0.261s] Level 1:colcon.colcon_core.package_identification:_identify(Middlewares/Third_Party/FreeRTOS/Source/include) by extension 'python'
[0.261s] Level 1:colcon.colcon_core.package_identification:_identify(Middlewares/Third_Party/FreeRTOS/Source/include) by extensions ['python_setup_py']
[0.261s] Level 1:colcon.colcon_core.package_identification:_identify(Middlewares/Third_Party/FreeRTOS/Source/include) by extension 'python_setup_py'
[0.261s] Level 1:colcon.colcon_core.package_identification:_identify(Middlewares/Third_Party/FreeRTOS/Source/portable) by extensions ['ignore', 'ignore_ament_install']
[0.261s] Level 1:colcon.colcon_core.package_identification:_identify(Middlewares/Third_Party/FreeRTOS/Source/portable) by extension 'ignore'
[0.261s] Level 1:colcon.colcon_core.package_identification:_identify(Middlewares/Third_Party/FreeRTOS/Source/portable) by extension 'ignore_ament_install'
[0.261s] Level 1:colcon.colcon_core.package_identification:_identify(Middlewares/Third_Party/FreeRTOS/Source/portable) by extensions ['colcon_pkg']
[0.261s] Level 1:colcon.colcon_core.package_identification:_identify(Middlewares/Third_Party/FreeRTOS/Source/portable) by extension 'colcon_pkg'
[0.261s] Level 1:colcon.colcon_core.package_identification:_identify(Middlewares/Third_Party/FreeRTOS/Source/portable) by extensions ['colcon_meta']
[0.261s] Level 1:colcon.colcon_core.package_identification:_identify(Middlewares/Third_Party/FreeRTOS/Source/portable) by extension 'colcon_meta'
[0.261s] Level 1:colcon.colcon_core.package_identification:_identify(Middlewares/Third_Party/FreeRTOS/Source/portable) by extensions ['ros']
[0.261s] Level 1:colcon.colcon_core.package_identification:_identify(Middlewares/Third_Party/FreeRTOS/Source/portable) by extension 'ros'
[0.262s] Level 1:colcon.colcon_core.package_identification:_identify(Middlewares/Third_Party/FreeRTOS/Source/portable) by extensions ['cmake', 'python']
[0.262s] Level 1:colcon.colcon_core.package_identification:_identify(Middlewares/Third_Party/FreeRTOS/Source/portable) by extension 'cmake'
[0.262s] Level 1:colcon.colcon_core.package_identification:_identify(Middlewares/Third_Party/FreeRTOS/Source/portable) by extension 'python'
[0.262s] Level 1:colcon.colcon_core.package_identification:_identify(Middlewares/Third_Party/FreeRTOS/Source/portable) by extensions ['python_setup_py']
[0.262s] Level 1:colcon.colcon_core.package_identification:_identify(Middlewares/Third_Party/FreeRTOS/Source/portable) by extension 'python_setup_py'
[0.262s] Level 1:colcon.colcon_core.package_identification:_identify(Middlewares/Third_Party/FreeRTOS/Source/portable/Common) by extensions ['ignore', 'ignore_ament_install']
[0.262s] Level 1:colcon.colcon_core.package_identification:_identify(Middlewares/Third_Party/FreeRTOS/Source/portable/Common) by extension 'ignore'
[0.262s] Level 1:colcon.colcon_core.package_identification:_identify(Middlewares/Third_Party/FreeRTOS/Source/portable/Common) by extension 'ignore_ament_install'
[0.262s] Level 1:colcon.colcon_core.package_identification:_identify(Middlewares/Third_Party/FreeRTOS/Source/portable/Common) by extensions ['colcon_pkg']
[0.262s] Level 1:colcon.colcon_core.package_identification:_identify(Middlewares/Third_Party/FreeRTOS/Source/portable/Common) by extension 'colcon_pkg'
[0.262s] Level 1:colcon.colcon_core.package_identification:_identify(Middlewares/Third_Party/FreeRTOS/Source/portable/Common) by extensions ['colcon_meta']
[0.262s] Level 1:colcon.colcon_core.package_identification:_identify(Middlewares/Third_Party/FreeRTOS/Source/portable/Common) by extension 'colcon_meta'
[0.262s] Level 1:colcon.colcon_core.package_identification:_identify(Middlewares/Third_Party/FreeRTOS/Source/portable/Common) by extensions ['ros']
[0.262s] Level 1:colcon.colcon_core.package_identification:_identify(Middlewares/Third_Party/FreeRTOS/Source/portable/Common) by extension 'ros'
[0.262s] Level 1:colcon.colcon_core.package_identification:_identify(Middlewares/Third_Party/FreeRTOS/Source/portable/Common) by extensions ['cmake', 'python']
[0.262s] Level 1:colcon.colcon_core.package_identification:_identify(Middlewares/Third_Party/FreeRTOS/Source/portable/Common) by extension 'cmake'
[0.262s] Level 1:colcon.colcon_core.package_identification:_identify(Middlewares/Third_Party/FreeRTOS/Source/portable/Common) by extension 'python'
[0.262s] Level 1:colcon.colcon_core.package_identification:_identify(Middlewares/Third_Party/FreeRTOS/Source/portable/Common) by extensions ['python_setup_py']
[0.262s] Level 1:colcon.colcon_core.package_identification:_identify(Middlewares/Third_Party/FreeRTOS/Source/portable/Common) by extension 'python_setup_py'
[0.262s] Level 1:colcon.colcon_core.package_identification:_identify(Middlewares/Third_Party/FreeRTOS/Source/portable/GCC) by extensions ['ignore', 'ignore_ament_install']
[0.262s] Level 1:colcon.colcon_core.package_identification:_identify(Middlewares/Third_Party/FreeRTOS/Source/portable/GCC) by extension 'ignore'
[0.262s] Level 1:colcon.colcon_core.package_identification:_identify(Middlewares/Third_Party/FreeRTOS/Source/portable/GCC) by extension 'ignore_ament_install'
[0.262s] Level 1:colcon.colcon_core.package_identification:_identify(Middlewares/Third_Party/FreeRTOS/Source/portable/GCC) by extensions ['colcon_pkg']
[0.262s] Level 1:colcon.colcon_core.package_identification:_identify(Middlewares/Third_Party/FreeRTOS/Source/portable/GCC) by extension 'colcon_pkg'
[0.262s] Level 1:colcon.colcon_core.package_identification:_identify(Middlewares/Third_Party/FreeRTOS/Source/portable/GCC) by extensions ['colcon_meta']
[0.262s] Level 1:colcon.colcon_core.package_identification:_identify(Middlewares/Third_Party/FreeRTOS/Source/portable/GCC) by extension 'colcon_meta'
[0.262s] Level 1:colcon.colcon_core.package_identification:_identify(Middlewares/Third_Party/FreeRTOS/Source/portable/GCC) by extensions ['ros']
[0.262s] Level 1:colcon.colcon_core.package_identification:_identify(Middlewares/Third_Party/FreeRTOS/Source/portable/GCC) by extension 'ros'
[0.263s] Level 1:colcon.colcon_core.package_identification:_identify(Middlewares/Third_Party/FreeRTOS/Source/portable/GCC) by extensions ['cmake', 'python']
[0.263s] Level 1:colcon.colcon_core.package_identification:_identify(Middlewares/Third_Party/FreeRTOS/Source/portable/GCC) by extension 'cmake'
[0.263s] Level 1:colcon.colcon_core.package_identification:_identify(Middlewares/Third_Party/FreeRTOS/Source/portable/GCC) by extension 'python'
[0.263s] Level 1:colcon.colcon_core.package_identification:_identify(Middlewares/Third_Party/FreeRTOS/Source/portable/GCC) by extensions ['python_setup_py']
[0.263s] Level 1:colcon.colcon_core.package_identification:_identify(Middlewares/Third_Party/FreeRTOS/Source/portable/GCC) by extension 'python_setup_py'
[0.263s] Level 1:colcon.colcon_core.package_identification:_identify(Middlewares/Third_Party/FreeRTOS/Source/portable/GCC/ARM_CM4F) by extensions ['ignore', 'ignore_ament_install']
[0.263s] Level 1:colcon.colcon_core.package_identification:_identify(Middlewares/Third_Party/FreeRTOS/Source/portable/GCC/ARM_CM4F) by extension 'ignore'
[0.263s] Level 1:colcon.colcon_core.package_identification:_identify(Middlewares/Third_Party/FreeRTOS/Source/portable/GCC/ARM_CM4F) by extension 'ignore_ament_install'
[0.263s] Level 1:colcon.colcon_core.package_identification:_identify(Middlewares/Third_Party/FreeRTOS/Source/portable/GCC/ARM_CM4F) by extensions ['colcon_pkg']
[0.263s] Level 1:colcon.colcon_core.package_identification:_identify(Middlewares/Third_Party/FreeRTOS/Source/portable/GCC/ARM_CM4F) by extension 'colcon_pkg'
[0.263s] Level 1:colcon.colcon_core.package_identification:_identify(Middlewares/Third_Party/FreeRTOS/Source/portable/GCC/ARM_CM4F) by extensions ['colcon_meta']
[0.263s] Level 1:colcon.colcon_core.package_identification:_identify(Middlewares/Third_Party/FreeRTOS/Source/portable/GCC/ARM_CM4F) by extension 'colcon_meta'
[0.263s] Level 1:colcon.colcon_core.package_identification:_identify(Middlewares/Third_Party/FreeRTOS/Source/portable/GCC/ARM_CM4F) by extensions ['ros']
[0.263s] Level 1:colcon.colcon_core.package_identification:_identify(Middlewares/Third_Party/FreeRTOS/Source/portable/GCC/ARM_CM4F) by extension 'ros'
[0.263s] Level 1:colcon.colcon_core.package_identification:_identify(Middlewares/Third_Party/FreeRTOS/Source/portable/GCC/ARM_CM4F) by extensions ['cmake', 'python']
[0.263s] Level 1:colcon.colcon_core.package_identification:_identify(Middlewares/Third_Party/FreeRTOS/Source/portable/GCC/ARM_CM4F) by extension 'cmake'
[0.263s] Level 1:colcon.colcon_core.package_identification:_identify(Middlewares/Third_Party/FreeRTOS/Source/portable/GCC/ARM_CM4F) by extension 'python'
[0.263s] Level 1:colcon.colcon_core.package_identification:_identify(Middlewares/Third_Party/FreeRTOS/Source/portable/GCC/ARM_CM4F) by extensions ['python_setup_py']
[0.263s] Level 1:colcon.colcon_core.package_identification:_identify(Middlewares/Third_Party/FreeRTOS/Source/portable/GCC/ARM_CM4F) by extension 'python_setup_py'
[0.263s] Level 1:colcon.colcon_core.package_identification:_identify(Middlewares/Third_Party/FreeRTOS/Source/portable/MemMang) by extensions ['ignore', 'ignore_ament_install']
[0.263s] Level 1:colcon.colcon_core.package_identification:_identify(Middlewares/Third_Party/FreeRTOS/Source/portable/MemMang) by extension 'ignore'
[0.263s] Level 1:colcon.colcon_core.package_identification:_identify(Middlewares/Third_Party/FreeRTOS/Source/portable/MemMang) by extension 'ignore_ament_install'
[0.263s] Level 1:colcon.colcon_core.package_identification:_identify(Middlewares/Third_Party/FreeRTOS/Source/portable/MemMang) by extensions ['colcon_pkg']
[0.263s] Level 1:colcon.colcon_core.package_identification:_identify(Middlewares/Third_Party/FreeRTOS/Source/portable/MemMang) by extension 'colcon_pkg'
[0.263s] Level 1:colcon.colcon_core.package_identification:_identify(Middlewares/Third_Party/FreeRTOS/Source/portable/MemMang) by extensions ['colcon_meta']
[0.263s] Level 1:colcon.colcon_core.package_identification:_identify(Middlewares/Third_Party/FreeRTOS/Source/portable/MemMang) by extension 'colcon_meta'
[0.263s] Level 1:colcon.colcon_core.package_identification:_identify(Middlewares/Third_Party/FreeRTOS/Source/portable/MemMang) by extensions ['ros']
[0.263s] Level 1:colcon.colcon_core.package_identification:_identify(Middlewares/Third_Party/FreeRTOS/Source/portable/MemMang) by extension 'ros'
[0.263s] Level 1:colcon.colcon_core.package_identification:_identify(Middlewares/Third_Party/FreeRTOS/Source/portable/MemMang) by extensions ['cmake', 'python']
[0.263s] Level 1:colcon.colcon_core.package_identification:_identify(Middlewares/Third_Party/FreeRTOS/Source/portable/MemMang) by extension 'cmake'
[0.263s] Level 1:colcon.colcon_core.package_identification:_identify(Middlewares/Third_Party/FreeRTOS/Source/portable/MemMang) by extension 'python'
[0.264s] Level 1:colcon.colcon_core.package_identification:_identify(Middlewares/Third_Party/FreeRTOS/Source/portable/MemMang) by extensions ['python_setup_py']
[0.264s] Level 1:colcon.colcon_core.package_identification:_identify(Middlewares/Third_Party/FreeRTOS/Source/portable/MemMang) by extension 'python_setup_py'
[0.264s] Level 1:colcon.colcon_core.package_identification:_identify(UserApp) by extensions ['ignore', 'ignore_ament_install']
[0.264s] Level 1:colcon.colcon_core.package_identification:_identify(UserApp) by extension 'ignore'
[0.264s] Level 1:colcon.colcon_core.package_identification:_identify(UserApp) by extension 'ignore_ament_install'
[0.264s] Level 1:colcon.colcon_core.package_identification:_identify(UserApp) by extensions ['colcon_pkg']
[0.264s] Level 1:colcon.colcon_core.package_identification:_identify(UserApp) by extension 'colcon_pkg'
[0.264s] Level 1:colcon.colcon_core.package_identification:_identify(UserApp) by extensions ['colcon_meta']
[0.264s] Level 1:colcon.colcon_core.package_identification:_identify(UserApp) by extension 'colcon_meta'
[0.264s] Level 1:colcon.colcon_core.package_identification:_identify(UserApp) by extensions ['ros']
[0.264s] Level 1:colcon.colcon_core.package_identification:_identify(UserApp) by extension 'ros'
[0.264s] Level 1:colcon.colcon_core.package_identification:_identify(UserApp) by extensions ['cmake', 'python']
[0.264s] Level 1:colcon.colcon_core.package_identification:_identify(UserApp) by extension 'cmake'
[0.264s] Level 1:colcon.colcon_core.package_identification:_identify(UserApp) by extension 'python'
[0.264s] Level 1:colcon.colcon_core.package_identification:_identify(UserApp) by extensions ['python_setup_py']
[0.264s] Level 1:colcon.colcon_core.package_identification:_identify(UserApp) by extension 'python_setup_py'
[0.264s] Level 1:colcon.colcon_core.package_identification:_identify(UserApp/Application) by extensions ['ignore', 'ignore_ament_install']
[0.264s] Level 1:colcon.colcon_core.package_identification:_identify(UserApp/Application) by extension 'ignore'
[0.264s] Level 1:colcon.colcon_core.package_identification:_identify(UserApp/Application) by extension 'ignore_ament_install'
[0.264s] Level 1:colcon.colcon_core.package_identification:_identify(UserApp/Application) by extensions ['colcon_pkg']
[0.264s] Level 1:colcon.colcon_core.package_identification:_identify(UserApp/Application) by extension 'colcon_pkg'
[0.264s] Level 1:colcon.colcon_core.package_identification:_identify(UserApp/Application) by extensions ['colcon_meta']
[0.264s] Level 1:colcon.colcon_core.package_identification:_identify(UserApp/Application) by extension 'colcon_meta'
[0.264s] Level 1:colcon.colcon_core.package_identification:_identify(UserApp/Application) by extensions ['ros']
[0.264s] Level 1:colcon.colcon_core.package_identification:_identify(UserApp/Application) by extension 'ros'
[0.264s] Level 1:colcon.colcon_core.package_identification:_identify(UserApp/Application) by extensions ['cmake', 'python']
[0.264s] Level 1:colcon.colcon_core.package_identification:_identify(UserApp/Application) by extension 'cmake'
[0.264s] Level 1:colcon.colcon_core.package_identification:_identify(UserApp/Application) by extension 'python'
[0.264s] Level 1:colcon.colcon_core.package_identification:_identify(UserApp/Application) by extensions ['python_setup_py']
[0.264s] Level 1:colcon.colcon_core.package_identification:_identify(UserApp/Application) by extension 'python_setup_py'
[0.264s] Level 1:colcon.colcon_core.package_identification:_identify(UserApp/Chassis) by extensions ['ignore', 'ignore_ament_install']
[0.264s] Level 1:colcon.colcon_core.package_identification:_identify(UserApp/Chassis) by extension 'ignore'
[0.265s] Level 1:colcon.colcon_core.package_identification:_identify(UserApp/Chassis) by extension 'ignore_ament_install'
[0.265s] Level 1:colcon.colcon_core.package_identification:_identify(UserApp/Chassis) by extensions ['colcon_pkg']
[0.265s] Level 1:colcon.colcon_core.package_identification:_identify(UserApp/Chassis) by extension 'colcon_pkg'
[0.265s] Level 1:colcon.colcon_core.package_identification:_identify(UserApp/Chassis) by extensions ['colcon_meta']
[0.265s] Level 1:colcon.colcon_core.package_identification:_identify(UserApp/Chassis) by extension 'colcon_meta'
[0.265s] Level 1:colcon.colcon_core.package_identification:_identify(UserApp/Chassis) by extensions ['ros']
[0.265s] Level 1:colcon.colcon_core.package_identification:_identify(UserApp/Chassis) by extension 'ros'
[0.265s] Level 1:colcon.colcon_core.package_identification:_identify(UserApp/Chassis) by extensions ['cmake', 'python']
[0.265s] Level 1:colcon.colcon_core.package_identification:_identify(UserApp/Chassis) by extension 'cmake'
[0.265s] Level 1:colcon.colcon_core.package_identification:_identify(UserApp/Chassis) by extension 'python'
[0.265s] Level 1:colcon.colcon_core.package_identification:_identify(UserApp/Chassis) by extensions ['python_setup_py']
[0.265s] Level 1:colcon.colcon_core.package_identification:_identify(UserApp/Chassis) by extension 'python_setup_py'
[0.265s] Level 1:colcon.colcon_core.package_identification:_identify(UserApp/Common) by extensions ['ignore', 'ignore_ament_install']
[0.265s] Level 1:colcon.colcon_core.package_identification:_identify(UserApp/Common) by extension 'ignore'
[0.265s] Level 1:colcon.colcon_core.package_identification:_identify(UserApp/Common) by extension 'ignore_ament_install'
[0.265s] Level 1:colcon.colcon_core.package_identification:_identify(UserApp/Common) by extensions ['colcon_pkg']
[0.265s] Level 1:colcon.colcon_core.package_identification:_identify(UserApp/Common) by extension 'colcon_pkg'
[0.265s] Level 1:colcon.colcon_core.package_identification:_identify(UserApp/Common) by extensions ['colcon_meta']
[0.265s] Level 1:colcon.colcon_core.package_identification:_identify(UserApp/Common) by extension 'colcon_meta'
[0.265s] Level 1:colcon.colcon_core.package_identification:_identify(UserApp/Common) by extensions ['ros']
[0.265s] Level 1:colcon.colcon_core.package_identification:_identify(UserApp/Common) by extension 'ros'
[0.265s] Level 1:colcon.colcon_core.package_identification:_identify(UserApp/Common) by extensions ['cmake', 'python']
[0.265s] Level 1:colcon.colcon_core.package_identification:_identify(UserApp/Common) by extension 'cmake'
[0.265s] Level 1:colcon.colcon_core.package_identification:_identify(UserApp/Common) by extension 'python'
[0.265s] Level 1:colcon.colcon_core.package_identification:_identify(UserApp/Common) by extensions ['python_setup_py']
[0.265s] Level 1:colcon.colcon_core.package_identification:_identify(UserApp/Common) by extension 'python_setup_py'
[0.265s] Level 1:colcon.colcon_core.package_identification:_identify(UserApp/Control) by extensions ['ignore', 'ignore_ament_install']
[0.265s] Level 1:colcon.colcon_core.package_identification:_identify(UserApp/Control) by extension 'ignore'
[0.265s] Level 1:colcon.colcon_core.package_identification:_identify(UserApp/Control) by extension 'ignore_ament_install'
[0.265s] Level 1:colcon.colcon_core.package_identification:_identify(UserApp/Control) by extensions ['colcon_pkg']
[0.265s] Level 1:colcon.colcon_core.package_identification:_identify(UserApp/Control) by extension 'colcon_pkg'
[0.266s] Level 1:colcon.colcon_core.package_identification:_identify(UserApp/Control) by extensions ['colcon_meta']
[0.266s] Level 1:colcon.colcon_core.package_identification:_identify(UserApp/Control) by extension 'colcon_meta'
[0.266s] Level 1:colcon.colcon_core.package_identification:_identify(UserApp/Control) by extensions ['ros']
[0.266s] Level 1:colcon.colcon_core.package_identification:_identify(UserApp/Control) by extension 'ros'
[0.266s] Level 1:colcon.colcon_core.package_identification:_identify(UserApp/Control) by extensions ['cmake', 'python']
[0.266s] Level 1:colcon.colcon_core.package_identification:_identify(UserApp/Control) by extension 'cmake'
[0.266s] Level 1:colcon.colcon_core.package_identification:_identify(UserApp/Control) by extension 'python'
[0.266s] Level 1:colcon.colcon_core.package_identification:_identify(UserApp/Control) by extensions ['python_setup_py']
[0.266s] Level 1:colcon.colcon_core.package_identification:_identify(UserApp/Control) by extension 'python_setup_py'
[0.266s] Level 1:colcon.colcon_core.package_identification:_identify(UserApp/Peripherals) by extensions ['ignore', 'ignore_ament_install']
[0.266s] Level 1:colcon.colcon_core.package_identification:_identify(UserApp/Peripherals) by extension 'ignore'
[0.266s] Level 1:colcon.colcon_core.package_identification:_identify(UserApp/Peripherals) by extension 'ignore_ament_install'
[0.266s] Level 1:colcon.colcon_core.package_identification:_identify(UserApp/Peripherals) by extensions ['colcon_pkg']
[0.266s] Level 1:colcon.colcon_core.package_identification:_identify(UserApp/Peripherals) by extension 'colcon_pkg'
[0.266s] Level 1:colcon.colcon_core.package_identification:_identify(UserApp/Peripherals) by extensions ['colcon_meta']
[0.266s] Level 1:colcon.colcon_core.package_identification:_identify(UserApp/Peripherals) by extension 'colcon_meta'
[0.266s] Level 1:colcon.colcon_core.package_identification:_identify(UserApp/Peripherals) by extensions ['ros']
[0.266s] Level 1:colcon.colcon_core.package_identification:_identify(UserApp/Peripherals) by extension 'ros'
[0.266s] Level 1:colcon.colcon_core.package_identification:_identify(UserApp/Peripherals) by extensions ['cmake', 'python']
[0.266s] Level 1:colcon.colcon_core.package_identification:_identify(UserApp/Peripherals) by extension 'cmake'
[0.266s] Level 1:colcon.colcon_core.package_identification:_identify(UserApp/Peripherals) by extension 'python'
[0.266s] Level 1:colcon.colcon_core.package_identification:_identify(UserApp/Peripherals) by extensions ['python_setup_py']
[0.266s] Level 1:colcon.colcon_core.package_identification:_identify(UserApp/Peripherals) by extension 'python_setup_py'
[0.266s] Level 1:colcon.colcon_core.package_identification:_identify(UserApp/Porting) by extensions ['ignore', 'ignore_ament_install']
[0.266s] Level 1:colcon.colcon_core.package_identification:_identify(UserApp/Porting) by extension 'ignore'
[0.266s] Level 1:colcon.colcon_core.package_identification:_identify(UserApp/Porting) by extension 'ignore_ament_install'
[0.266s] Level 1:colcon.colcon_core.package_identification:_identify(UserApp/Porting) by extensions ['colcon_pkg']
[0.266s] Level 1:colcon.colcon_core.package_identification:_identify(UserApp/Porting) by extension 'colcon_pkg'
[0.266s] Level 1:colcon.colcon_core.package_identification:_identify(UserApp/Porting) by extensions ['colcon_meta']
[0.266s] Level 1:colcon.colcon_core.package_identification:_identify(UserApp/Porting) by extension 'colcon_meta'
[0.266s] Level 1:colcon.colcon_core.package_identification:_identify(UserApp/Porting) by extensions ['ros']
[0.266s] Level 1:colcon.colcon_core.package_identification:_identify(UserApp/Porting) by extension 'ros'
[0.266s] Level 1:colcon.colcon_core.package_identification:_identify(UserApp/Porting) by extensions ['cmake', 'python']
[0.267s] Level 1:colcon.colcon_core.package_identification:_identify(UserApp/Porting) by extension 'cmake'
[0.267s] Level 1:colcon.colcon_core.package_identification:_identify(UserApp/Porting) by extension 'python'
[0.267s] Level 1:colcon.colcon_core.package_identification:_identify(UserApp/Porting) by extensions ['python_setup_py']
[0.267s] Level 1:colcon.colcon_core.package_identification:_identify(UserApp/Porting) by extension 'python_setup_py'
[0.267s] Level 1:colcon.colcon_core.package_identification:_identify(build) by extensions ['ignore', 'ignore_ament_install']
[0.267s] Level 1:colcon.colcon_core.package_identification:_identify(build) by extension 'ignore'
[0.267s] Level 1:colcon.colcon_core.package_identification:_identify(build) ignored
[0.267s] Level 1:colcon.colcon_core.package_identification:_identify(cmake) by extensions ['ignore', 'ignore_ament_install']
[0.267s] Level 1:colcon.colcon_core.package_identification:_identify(cmake) by extension 'ignore'
[0.267s] Level 1:colcon.colcon_core.package_identification:_identify(cmake) by extension 'ignore_ament_install'
[0.267s] Level 1:colcon.colcon_core.package_identification:_identify(cmake) by extensions ['colcon_pkg']
[0.267s] Level 1:colcon.colcon_core.package_identification:_identify(cmake) by extension 'colcon_pkg'
[0.267s] Level 1:colcon.colcon_core.package_identification:_identify(cmake) by extensions ['colcon_meta']
[0.267s] Level 1:colcon.colcon_core.package_identification:_identify(cmake) by extension 'colcon_meta'
[0.267s] Level 1:colcon.colcon_core.package_identification:_identify(cmake) by extensions ['ros']
[0.267s] Level 1:colcon.colcon_core.package_identification:_identify(cmake) by extension 'ros'
[0.267s] Level 1:colcon.colcon_core.package_identification:_identify(cmake) by extensions ['cmake', 'python']
[0.267s] Level 1:colcon.colcon_core.package_identification:_identify(cmake) by extension 'cmake'
[0.267s] Level 1:colcon.colcon_core.package_identification:_identify(cmake) by extension 'python'
[0.267s] Level 1:colcon.colcon_core.package_identification:_identify(cmake) by extensions ['python_setup_py']
[0.267s] Level 1:colcon.colcon_core.package_identification:_identify(cmake) by extension 'python_setup_py'
[0.267s] Level 1:colcon.colcon_core.package_identification:_identify(cmake/stm32cubemx) by extensions ['ignore', 'ignore_ament_install']
[0.267s] Level 1:colcon.colcon_core.package_identification:_identify(cmake/stm32cubemx) by extension 'ignore'
[0.267s] Level 1:colcon.colcon_core.package_identification:_identify(cmake/stm32cubemx) by extension 'ignore_ament_install'
[0.267s] Level 1:colcon.colcon_core.package_identification:_identify(cmake/stm32cubemx) by extensions ['colcon_pkg']
[0.267s] Level 1:colcon.colcon_core.package_identification:_identify(cmake/stm32cubemx) by extension 'colcon_pkg'
[0.267s] Level 1:colcon.colcon_core.package_identification:_identify(cmake/stm32cubemx) by extensions ['colcon_meta']
[0.267s] Level 1:colcon.colcon_core.package_identification:_identify(cmake/stm32cubemx) by extension 'colcon_meta'
[0.267s] Level 1:colcon.colcon_core.package_identification:_identify(cmake/stm32cubemx) by extensions ['ros']
[0.267s] Level 1:colcon.colcon_core.package_identification:_identify(cmake/stm32cubemx) by extension 'ros'
[0.267s] Level 1:colcon.colcon_core.package_identification:_identify(cmake/stm32cubemx) by extensions ['cmake', 'python']
[0.268s] Level 1:colcon.colcon_core.package_identification:_identify(cmake/stm32cubemx) by extension 'cmake'
[0.268s] Level 1:colcon.colcon_core.package_identification:_identify(cmake/stm32cubemx) by extension 'python'
[0.268s] DEBUG:colcon.colcon_core.package_identification:Package 'cmake/stm32cubemx' with type 'cmake' and name 'stm32cubemx'
[0.268s] Level 1:colcon.colcon_core.package_identification:_identify(doc) by extensions ['ignore', 'ignore_ament_install']
[0.268s] Level 1:colcon.colcon_core.package_identification:_identify(doc) by extension 'ignore'
[0.268s] Level 1:colcon.colcon_core.package_identification:_identify(doc) by extension 'ignore_ament_install'
[0.268s] Level 1:colcon.colcon_core.package_identification:_identify(doc) by extensions ['colcon_pkg']
[0.268s] Level 1:colcon.colcon_core.package_identification:_identify(doc) by extension 'colcon_pkg'
[0.268s] Level 1:colcon.colcon_core.package_identification:_identify(doc) by extensions ['colcon_meta']
[0.268s] Level 1:colcon.colcon_core.package_identification:_identify(doc) by extension 'colcon_meta'
[0.268s] Level 1:colcon.colcon_core.package_identification:_identify(doc) by extensions ['ros']
[0.268s] Level 1:colcon.colcon_core.package_identification:_identify(doc) by extension 'ros'
[0.268s] Level 1:colcon.colcon_core.package_identification:_identify(doc) by extensions ['cmake', 'python']
[0.268s] Level 1:colcon.colcon_core.package_identification:_identify(doc) by extension 'cmake'
[0.268s] Level 1:colcon.colcon_core.package_identification:_identify(doc) by extension 'python'
[0.268s] Level 1:colcon.colcon_core.package_identification:_identify(doc) by extensions ['python_setup_py']
[0.268s] Level 1:colcon.colcon_core.package_identification:_identify(doc) by extension 'python_setup_py'
[0.268s] Level 1:colcon.colcon_core.package_identification:_identify(install) by extensions ['ignore', 'ignore_ament_install']
[0.269s] Level 1:colcon.colcon_core.package_identification:_identify(install) by extension 'ignore'
[0.269s] Level 1:colcon.colcon_core.package_identification:_identify(install) ignored
[0.269s] Level 1:colcon.colcon_core.package_identification:_identify(log) by extensions ['ignore', 'ignore_ament_install']
[0.269s] Level 1:colcon.colcon_core.package_identification:_identify(log) by extension 'ignore'
[0.269s] Level 1:colcon.colcon_core.package_identification:_identify(log) ignored
[0.269s] Level 1:colcon.colcon_core.package_identification:_identify(micro_ros_stm32cubemx_utils) by extensions ['ignore', 'ignore_ament_install']
[0.269s] Level 1:colcon.colcon_core.package_identification:_identify(micro_ros_stm32cubemx_utils) by extension 'ignore'
[0.269s] Level 1:colcon.colcon_core.package_identification:_identify(micro_ros_stm32cubemx_utils) by extension 'ignore_ament_install'
[0.269s] Level 1:colcon.colcon_core.package_identification:_identify(micro_ros_stm32cubemx_utils) by extensions ['colcon_pkg']
[0.269s] Level 1:colcon.colcon_core.package_identification:_identify(micro_ros_stm32cubemx_utils) by extension 'colcon_pkg'
[0.269s] Level 1:colcon.colcon_core.package_identification:_identify(micro_ros_stm32cubemx_utils) by extensions ['colcon_meta']
[0.269s] Level 1:colcon.colcon_core.package_identification:_identify(micro_ros_stm32cubemx_utils) by extension 'colcon_meta'
[0.269s] Level 1:colcon.colcon_core.package_identification:_identify(micro_ros_stm32cubemx_utils) by extensions ['ros']
[0.269s] Level 1:colcon.colcon_core.package_identification:_identify(micro_ros_stm32cubemx_utils) by extension 'ros'
[0.272s] DEBUG:colcon.colcon_core.package_identification:Package 'micro_ros_stm32cubemx_utils' with type 'ros.catkin' and name 'micro_ros_stmcube'
[0.272s] Level 1:colcon.colcon_core.package_identification:_identify(scripts) by extensions ['ignore', 'ignore_ament_install']
[0.272s] Level 1:colcon.colcon_core.package_identification:_identify(scripts) by extension 'ignore'
[0.272s] Level 1:colcon.colcon_core.package_identification:_identify(scripts) by extension 'ignore_ament_install'
[0.272s] Level 1:colcon.colcon_core.package_identification:_identify(scripts) by extensions ['colcon_pkg']
[0.272s] Level 1:colcon.colcon_core.package_identification:_identify(scripts) by extension 'colcon_pkg'
[0.272s] Level 1:colcon.colcon_core.package_identification:_identify(scripts) by extensions ['colcon_meta']
[0.272s] Level 1:colcon.colcon_core.package_identification:_identify(scripts) by extension 'colcon_meta'
[0.272s] Level 1:colcon.colcon_core.package_identification:_identify(scripts) by extensions ['ros']
[0.272s] Level 1:colcon.colcon_core.package_identification:_identify(scripts) by extension 'ros'
[0.272s] Level 1:colcon.colcon_core.package_identification:_identify(scripts) by extensions ['cmake', 'python']
[0.273s] Level 1:colcon.colcon_core.package_identification:_identify(scripts) by extension 'cmake'
[0.273s] Level 1:colcon.colcon_core.package_identification:_identify(scripts) by extension 'python'
[0.273s] Level 1:colcon.colcon_core.package_identification:_identify(scripts) by extensions ['python_setup_py']
[0.273s] Level 1:colcon.colcon_core.package_identification:_identify(scripts) by extension 'python_setup_py'
[0.273s] Level 1:colcon.colcon_core.package_identification:_identify(zit6_interfaces) by extensions ['ignore', 'ignore_ament_install']
[0.273s] Level 1:colcon.colcon_core.package_identification:_identify(zit6_interfaces) by extension 'ignore'
[0.273s] Level 1:colcon.colcon_core.package_identification:_identify(zit6_interfaces) by extension 'ignore_ament_install'
[0.273s] Level 1:colcon.colcon_core.package_identification:_identify(zit6_interfaces) by extensions ['colcon_pkg']
[0.273s] Level 1:colcon.colcon_core.package_identification:_identify(zit6_interfaces) by extension 'colcon_pkg'
[0.273s] Level 1:colcon.colcon_core.package_identification:_identify(zit6_interfaces) by extensions ['colcon_meta']
[0.273s] Level 1:colcon.colcon_core.package_identification:_identify(zit6_interfaces) by extension 'colcon_meta'
[0.273s] Level 1:colcon.colcon_core.package_identification:_identify(zit6_interfaces) by extensions ['ros']
[0.273s] Level 1:colcon.colcon_core.package_identification:_identify(zit6_interfaces) by extension 'ros'
[0.273s] DEBUG:colcon.colcon_core.package_identification:Package 'zit6_interfaces' with type 'ros.ament_cmake' and name 'zit6_interfaces'
[0.273s] Level 1:colcon.colcon_core.package_discovery:discover_packages(recursive) using defaults
[0.273s] Level 1:colcon.colcon_core.package_discovery:discover_packages(ignore) discover
[0.273s] Level 1:colcon.colcon_core.package_discovery:discover_packages(ignore) using defaults
[0.273s] Level 1:colcon.colcon_core.package_discovery:discover_packages(path) discover
[0.273s] Level 1:colcon.colcon_core.package_discovery:discover_packages(path) using defaults
[0.293s] INFO:colcon.colcon_core.package_selection:Skipping not selected package 'micro_ros_stmcube' in 'micro_ros_stm32cubemx_utils'
[0.293s] INFO:colcon.colcon_core.package_selection:Skipping not selected package 'stm32cubemx' in 'cmake/stm32cubemx'
[0.294s] Level 1:colcon.colcon_core.package_discovery:discover_packages(prefix_path) check parameters
[0.294s] Level 1:colcon.colcon_core.package_discovery:discover_packages(prefix_path) discover
[0.298s] DEBUG:colcon.colcon_installed_package_information.package_discovery:Found 289 installed packages in /opt/ros/jazzy
[0.298s] Level 1:colcon.colcon_core.package_discovery:discover_packages(prefix_path) using defaults
[0.327s] Level 5:colcon.colcon_core.verb:set package 'zit6_interfaces' build argument 'cmake_args' from command line to 'None'
[0.327s] Level 5:colcon.colcon_core.verb:set package 'zit6_interfaces' build argument 'cmake_target' from command line to 'None'
[0.327s] Level 5:colcon.colcon_core.verb:set package 'zit6_interfaces' build argument 'cmake_target_skip_unavailable' from command line to 'False'
[0.327s] Level 5:colcon.colcon_core.verb:set package 'zit6_interfaces' build argument 'cmake_clean_cache' from command line to 'False'
[0.327s] Level 5:colcon.colcon_core.verb:set package 'zit6_interfaces' build argument 'cmake_clean_first' from command line to 'False'
[0.327s] Level 5:colcon.colcon_core.verb:set package 'zit6_interfaces' build argument 'cmake_force_configure' from command line to 'False'
[0.327s] Level 5:colcon.colcon_core.verb:set package 'zit6_interfaces' build argument 'ament_cmake_args' from command line to 'None'
[0.327s] Level 5:colcon.colcon_core.verb:set package 'zit6_interfaces' build argument 'catkin_cmake_args' from command line to 'None'
[0.327s] Level 5:colcon.colcon_core.verb:set package 'zit6_interfaces' build argument 'catkin_skip_building_tests' from command line to 'False'
[0.327s] DEBUG:colcon.colcon_core.verb:Building package 'zit6_interfaces' with the following arguments: {'ament_cmake_args': None, 'build_base': '/home/doc049/dev/2026-auv-sub/AUV_zit6_cmake/build/zit6_interfaces', 'catkin_cmake_args': None, 'catkin_skip_building_tests': False, 'cmake_args': None, 'cmake_clean_cache': False, 'cmake_clean_first': False, 'cmake_force_configure': False, 'cmake_target': None, 'cmake_target_skip_unavailable': False, 'install_base': '/home/doc049/dev/2026-auv-sub/AUV_zit6_cmake/install/zit6_interfaces', 'merge_install': False, 'path': '/home/doc049/dev/2026-auv-sub/AUV_zit6_cmake/zit6_interfaces', 'symlink_install': True, 'test_result_base': None}
[0.327s] INFO:colcon.colcon_core.executor:Executing jobs using 'parallel' executor
[0.328s] DEBUG:colcon.colcon_parallel_executor.executor.parallel:run_until_complete
[0.328s] INFO:colcon.colcon_ros.task.ament_cmake.build:Building ROS package in '/home/doc049/dev/2026-auv-sub/AUV_zit6_cmake/zit6_interfaces' with build type 'ament_cmake'
[0.329s] INFO:colcon.colcon_cmake.task.cmake.build:Building CMake package in '/home/doc049/dev/2026-auv-sub/AUV_zit6_cmake/zit6_interfaces'
[0.331s] INFO:colcon.colcon_core.plugin_system:Skipping extension 'colcon_core.shell.bat': Not used on non-Windows systems
[0.332s] INFO:colcon.colcon_core.shell:Skip shell extension 'powershell' for command environment: Not usable outside of PowerShell
[0.332s] DEBUG:colcon.colcon_core.shell:Skip shell extension 'dsv' for command environment
[0.338s] DEBUG:colcon.colcon_core.event_handler.log_command:Invoking command in '/home/doc049/dev/2026-auv-sub/AUV_zit6_cmake/build/zit6_interfaces': CMAKE_PREFIX_PATH=${CMAKE_PREFIX_PATH}:/opt/ros/jazzy /usr/bin/cmake --build /home/doc049/dev/2026-auv-sub/AUV_zit6_cmake/build/zit6_interfaces -- -j32 -l32
[5.506s] DEBUG:colcon.colcon_core.event_handler.log_command:Invoked command in '/home/doc049/dev/2026-auv-sub/AUV_zit6_cmake/build/zit6_interfaces' returned '0': CMAKE_PREFIX_PATH=${CMAKE_PREFIX_PATH}:/opt/ros/jazzy /usr/bin/cmake --build /home/doc049/dev/2026-auv-sub/AUV_zit6_cmake/build/zit6_interfaces -- -j32 -l32
[5.519s] DEBUG:colcon.colcon_core.event_handler.log_command:Invoking command in '/home/doc049/dev/2026-auv-sub/AUV_zit6_cmake/build/zit6_interfaces': CMAKE_PREFIX_PATH=${CMAKE_PREFIX_PATH}:/opt/ros/jazzy /usr/bin/cmake --install /home/doc049/dev/2026-auv-sub/AUV_zit6_cmake/build/zit6_interfaces
[5.634s] Level 1:colcon.colcon_core.environment:create_environment_scripts_only(zit6_interfaces)
[5.634s] DEBUG:colcon.colcon_core.event_handler.log_command:Invoked command in '/home/doc049/dev/2026-auv-sub/AUV_zit6_cmake/build/zit6_interfaces' returned '0': CMAKE_PREFIX_PATH=${CMAKE_PREFIX_PATH}:/opt/ros/jazzy /usr/bin/cmake --install /home/doc049/dev/2026-auv-sub/AUV_zit6_cmake/build/zit6_interfaces
[5.638s] Level 1:colcon.colcon_core.environment:checking '/home/doc049/dev/2026-auv-sub/AUV_zit6_cmake/install/zit6_interfaces' for CMake module files
[5.639s] Level 1:colcon.colcon_core.environment:checking '/home/doc049/dev/2026-auv-sub/AUV_zit6_cmake/install/zit6_interfaces' for CMake config files
[5.640s] Level 1:colcon.colcon_core.shell:create_environment_hook('zit6_interfaces', 'cmake_prefix_path')
[5.640s] INFO:colcon.colcon_core.shell:Creating environment hook '/home/doc049/dev/2026-auv-sub/AUV_zit6_cmake/install/zit6_interfaces/share/zit6_interfaces/hook/cmake_prefix_path.ps1'
[5.641s] INFO:colcon.colcon_core.shell:Creating environment descriptor '/home/doc049/dev/2026-auv-sub/AUV_zit6_cmake/install/zit6_interfaces/share/zit6_interfaces/hook/cmake_prefix_path.dsv'
[5.641s] INFO:colcon.colcon_core.shell:Creating environment hook '/home/doc049/dev/2026-auv-sub/AUV_zit6_cmake/install/zit6_interfaces/share/zit6_interfaces/hook/cmake_prefix_path.sh'
[5.642s] Level 1:colcon.colcon_core.environment:checking '/home/doc049/dev/2026-auv-sub/AUV_zit6_cmake/install/zit6_interfaces/lib'
[5.642s] Level 1:colcon.colcon_core.shell:create_environment_hook('zit6_interfaces', 'ld_library_path_lib')
[5.642s] INFO:colcon.colcon_core.shell:Creating environment hook '/home/doc049/dev/2026-auv-sub/AUV_zit6_cmake/install/zit6_interfaces/share/zit6_interfaces/hook/ld_library_path_lib.ps1'
[5.643s] INFO:colcon.colcon_core.shell:Creating environment descriptor '/home/doc049/dev/2026-auv-sub/AUV_zit6_cmake/install/zit6_interfaces/share/zit6_interfaces/hook/ld_library_path_lib.dsv'
[5.643s] INFO:colcon.colcon_core.shell:Creating environment hook '/home/doc049/dev/2026-auv-sub/AUV_zit6_cmake/install/zit6_interfaces/share/zit6_interfaces/hook/ld_library_path_lib.sh'
[5.643s] Level 1:colcon.colcon_core.environment:checking '/home/doc049/dev/2026-auv-sub/AUV_zit6_cmake/install/zit6_interfaces/bin'
[5.643s] Level 1:colcon.colcon_core.environment:checking '/home/doc049/dev/2026-auv-sub/AUV_zit6_cmake/install/zit6_interfaces/lib/pkgconfig/zit6_interfaces.pc'
[5.644s] Level 1:colcon.colcon_core.environment:checking '/home/doc049/dev/2026-auv-sub/AUV_zit6_cmake/install/zit6_interfaces/lib/python3.12/site-packages'
[5.644s] Level 1:colcon.colcon_core.shell:create_environment_hook('zit6_interfaces', 'pythonpath')
[5.644s] INFO:colcon.colcon_core.shell:Creating environment hook '/home/doc049/dev/2026-auv-sub/AUV_zit6_cmake/install/zit6_interfaces/share/zit6_interfaces/hook/pythonpath.ps1'
[5.644s] INFO:colcon.colcon_core.shell:Creating environment descriptor '/home/doc049/dev/2026-auv-sub/AUV_zit6_cmake/install/zit6_interfaces/share/zit6_interfaces/hook/pythonpath.dsv'
[5.644s] INFO:colcon.colcon_core.shell:Creating environment hook '/home/doc049/dev/2026-auv-sub/AUV_zit6_cmake/install/zit6_interfaces/share/zit6_interfaces/hook/pythonpath.sh'
[5.645s] Level 1:colcon.colcon_core.environment:checking '/home/doc049/dev/2026-auv-sub/AUV_zit6_cmake/install/zit6_interfaces/bin'
[5.645s] INFO:colcon.colcon_core.shell:Creating package script '/home/doc049/dev/2026-auv-sub/AUV_zit6_cmake/install/zit6_interfaces/share/zit6_interfaces/package.ps1'
[5.646s] INFO:colcon.colcon_core.shell:Creating package descriptor '/home/doc049/dev/2026-auv-sub/AUV_zit6_cmake/install/zit6_interfaces/share/zit6_interfaces/package.dsv'
[5.647s] INFO:colcon.colcon_core.shell:Creating package script '/home/doc049/dev/2026-auv-sub/AUV_zit6_cmake/install/zit6_interfaces/share/zit6_interfaces/package.sh'
[5.647s] INFO:colcon.colcon_core.shell:Creating package script '/home/doc049/dev/2026-auv-sub/AUV_zit6_cmake/install/zit6_interfaces/share/zit6_interfaces/package.bash'
[5.648s] INFO:colcon.colcon_core.shell:Creating package script '/home/doc049/dev/2026-auv-sub/AUV_zit6_cmake/install/zit6_interfaces/share/zit6_interfaces/package.zsh'
[5.648s] Level 1:colcon.colcon_core.environment:create_file_with_runtime_dependencies(/home/doc049/dev/2026-auv-sub/AUV_zit6_cmake/install/zit6_interfaces/share/colcon-core/packages/zit6_interfaces)
[5.649s] Level 1:colcon.colcon_core.environment:create_environment_scripts_only(zit6_interfaces)
[5.649s] Level 1:colcon.colcon_core.environment:checking '/home/doc049/dev/2026-auv-sub/AUV_zit6_cmake/install/zit6_interfaces' for CMake module files
[5.650s] Level 1:colcon.colcon_core.environment:checking '/home/doc049/dev/2026-auv-sub/AUV_zit6_cmake/install/zit6_interfaces' for CMake config files
[5.651s] Level 1:colcon.colcon_core.shell:create_environment_hook('zit6_interfaces', 'cmake_prefix_path')
[5.651s] INFO:colcon.colcon_core.shell:Creating environment hook '/home/doc049/dev/2026-auv-sub/AUV_zit6_cmake/install/zit6_interfaces/share/zit6_interfaces/hook/cmake_prefix_path.ps1'
[5.651s] INFO:colcon.colcon_core.shell:Creating environment descriptor '/home/doc049/dev/2026-auv-sub/AUV_zit6_cmake/install/zit6_interfaces/share/zit6_interfaces/hook/cmake_prefix_path.dsv'
[5.652s] INFO:colcon.colcon_core.shell:Creating environment hook '/home/doc049/dev/2026-auv-sub/AUV_zit6_cmake/install/zit6_interfaces/share/zit6_interfaces/hook/cmake_prefix_path.sh'
[5.652s] Level 1:colcon.colcon_core.environment:checking '/home/doc049/dev/2026-auv-sub/AUV_zit6_cmake/install/zit6_interfaces/lib'
[5.652s] Level 1:colcon.colcon_core.shell:create_environment_hook('zit6_interfaces', 'ld_library_path_lib')
[5.653s] INFO:colcon.colcon_core.shell:Creating environment hook '/home/doc049/dev/2026-auv-sub/AUV_zit6_cmake/install/zit6_interfaces/share/zit6_interfaces/hook/ld_library_path_lib.ps1'
[5.653s] INFO:colcon.colcon_core.shell:Creating environment descriptor '/home/doc049/dev/2026-auv-sub/AUV_zit6_cmake/install/zit6_interfaces/share/zit6_interfaces/hook/ld_library_path_lib.dsv'
[5.653s] INFO:colcon.colcon_core.shell:Creating environment hook '/home/doc049/dev/2026-auv-sub/AUV_zit6_cmake/install/zit6_interfaces/share/zit6_interfaces/hook/ld_library_path_lib.sh'
[5.654s] Level 1:colcon.colcon_core.environment:checking '/home/doc049/dev/2026-auv-sub/AUV_zit6_cmake/install/zit6_interfaces/bin'
[5.654s] Level 1:colcon.colcon_core.environment:checking '/home/doc049/dev/2026-auv-sub/AUV_zit6_cmake/install/zit6_interfaces/lib/pkgconfig/zit6_interfaces.pc'
[5.654s] Level 1:colcon.colcon_core.environment:checking '/home/doc049/dev/2026-auv-sub/AUV_zit6_cmake/install/zit6_interfaces/lib/python3.12/site-packages'
[5.654s] Level 1:colcon.colcon_core.shell:create_environment_hook('zit6_interfaces', 'pythonpath')
[5.654s] INFO:colcon.colcon_core.shell:Creating environment hook '/home/doc049/dev/2026-auv-sub/AUV_zit6_cmake/install/zit6_interfaces/share/zit6_interfaces/hook/pythonpath.ps1'
[5.655s] INFO:colcon.colcon_core.shell:Creating environment descriptor '/home/doc049/dev/2026-auv-sub/AUV_zit6_cmake/install/zit6_interfaces/share/zit6_interfaces/hook/pythonpath.dsv'
[5.655s] INFO:colcon.colcon_core.shell:Creating environment hook '/home/doc049/dev/2026-auv-sub/AUV_zit6_cmake/install/zit6_interfaces/share/zit6_interfaces/hook/pythonpath.sh'
[5.655s] Level 1:colcon.colcon_core.environment:checking '/home/doc049/dev/2026-auv-sub/AUV_zit6_cmake/install/zit6_interfaces/bin'
[5.656s] INFO:colcon.colcon_core.shell:Creating package script '/home/doc049/dev/2026-auv-sub/AUV_zit6_cmake/install/zit6_interfaces/share/zit6_interfaces/package.ps1'
[5.656s] INFO:colcon.colcon_core.shell:Creating package descriptor '/home/doc049/dev/2026-auv-sub/AUV_zit6_cmake/install/zit6_interfaces/share/zit6_interfaces/package.dsv'
[5.656s] INFO:colcon.colcon_core.shell:Creating package script '/home/doc049/dev/2026-auv-sub/AUV_zit6_cmake/install/zit6_interfaces/share/zit6_interfaces/package.sh'
[5.657s] INFO:colcon.colcon_core.shell:Creating package script '/home/doc049/dev/2026-auv-sub/AUV_zit6_cmake/install/zit6_interfaces/share/zit6_interfaces/package.bash'
[5.657s] INFO:colcon.colcon_core.shell:Creating package script '/home/doc049/dev/2026-auv-sub/AUV_zit6_cmake/install/zit6_interfaces/share/zit6_interfaces/package.zsh'
[5.657s] Level 1:colcon.colcon_core.environment:create_file_with_runtime_dependencies(/home/doc049/dev/2026-auv-sub/AUV_zit6_cmake/install/zit6_interfaces/share/colcon-core/packages/zit6_interfaces)
[5.658s] DEBUG:colcon.colcon_parallel_executor.executor.parallel:closing loop
[5.658s] DEBUG:colcon.colcon_parallel_executor.executor.parallel:loop closed
[5.658s] DEBUG:colcon.colcon_parallel_executor.executor.parallel:run_until_complete finished with '0'
[5.658s] DEBUG:colcon.colcon_core.event_reactor:joining thread
[5.667s] INFO:colcon.colcon_core.plugin_system:Skipping extension 'colcon_notification.desktop_notification.terminal_notifier': Not used on non-Darwin systems
[5.667s] INFO:colcon.colcon_core.plugin_system:Skipping extension 'colcon_notification.desktop_notification.win32': Not used on non-Windows systems
[5.667s] INFO:colcon.colcon_notification.desktop_notification:Sending desktop notification using 'notify2'
[5.670s] DEBUG:colcon.colcon_notification.desktop_notification.notify2:Failed to initialize notify2: org.freedesktop.DBus.Error.Spawn.ExecFailed: /usr/bin/dbus-launch terminated abnormally without any error message
[5.670s] DEBUG:colcon.colcon_core.event_reactor:joined thread
[5.671s] INFO:colcon.colcon_core.shell:Creating prefix script '/home/doc049/dev/2026-auv-sub/AUV_zit6_cmake/install/local_setup.ps1'
[5.672s] INFO:colcon.colcon_core.shell:Creating prefix util module '/home/doc049/dev/2026-auv-sub/AUV_zit6_cmake/install/_local_setup_util_ps1.py'
[5.673s] INFO:colcon.colcon_core.shell:Creating prefix chain script '/home/doc049/dev/2026-auv-sub/AUV_zit6_cmake/install/setup.ps1'
[5.674s] INFO:colcon.colcon_core.shell:Creating prefix script '/home/doc049/dev/2026-auv-sub/AUV_zit6_cmake/install/local_setup.sh'
[5.674s] INFO:colcon.colcon_core.shell:Creating prefix util module '/home/doc049/dev/2026-auv-sub/AUV_zit6_cmake/install/_local_setup_util_sh.py'
[5.675s] INFO:colcon.colcon_core.shell:Creating prefix chain script '/home/doc049/dev/2026-auv-sub/AUV_zit6_cmake/install/setup.sh'
[5.676s] INFO:colcon.colcon_core.shell:Creating prefix script '/home/doc049/dev/2026-auv-sub/AUV_zit6_cmake/install/local_setup.bash'
[5.676s] INFO:colcon.colcon_core.shell:Creating prefix chain script '/home/doc049/dev/2026-auv-sub/AUV_zit6_cmake/install/setup.bash'
[5.677s] INFO:colcon.colcon_core.shell:Creating prefix script '/home/doc049/dev/2026-auv-sub/AUV_zit6_cmake/install/local_setup.zsh'
[5.678s] INFO:colcon.colcon_core.shell:Creating prefix chain script '/home/doc049/dev/2026-auv-sub/AUV_zit6_cmake/install/setup.zsh'
